[[1]]
[1] "ICB_small_Hugo"

[[2]]
[1] "ICB_small_Liu"

[[3]]
[1] "ICB_small_Mariathasan"

[[4]]
[1] "ICB_small_Miao"

[[5]]
[1] "ICB_small_Nathanson"

[[6]]
[1] "ICB_small_Padron"

[[7]]
[1] "ICB_small_Riaz"

[[8]]
[1] "ICB_small_Van_Allen"

[1] "Number of loaded objects: 8"
[1] "Number of cancer types: 8"
[1] "Number of treatment types: 8"
[1] "Processing dataset: 1"
[1] "Cancer type: Melanoma"
[1] "Treatment type: PD-1/PD-L1"
[1] "Processing dataset: 2"
[1] "Cancer type: Pancreas"
[1] "Treatment type: PD-1/PD-L1"
[1] "Processing dataset: 3"
[1] "Cancer type: Melanoma"
[1] "Treatment type: PD-1/PD-L1"
[1] "Processing dataset: 4"
[1] "Cancer type: Bladder"
[1] "Treatment type: PD-1/PD-L1"
[1] "Processing dataset: 5"
[1] "Cancer type: Melanoma"
[1] "Treatment type: CTLA4"
[1] "Processing dataset: 6"
[1] "Cancer type: Melanoma"
[1] "Treatment type: IO+combo"
[1] "Processing dataset: 7"
[1] "Cancer type: Kidney"
[1] "Treatment type: PD-1/PD-L1"
[1] "Processing dataset: 8"
[1] "Cancer type: Melanoma"
[1] "Treatment type: CTLA4"
