During startup - Warning messages:
1: Setting LC_CTYPE failed, using "C" 
2: Setting LC_COLLATE failed, using "C" 
3: Setting LC_TIME failed, using "C" 
4: Setting LC_MESSAGES failed, using "C" 
5: Setting LC_MONETARY failed, using "C" 
6: Setting LC_PAPER failed, using "C" 
7: Setting LC_MEASUREMENT failed, using "C" 
trying URL 'https://cloud.r-project.org/src/contrib/BiocManager_1.30.23.tar.gz'
Content type 'application/x-gzip' length 589753 bytes (575 KB)
==================================================
downloaded 575 KB

During startup - Warning messages:
1: Setting LC_CTYPE failed, using "C" 
2: Setting LC_TIME failed, using "C" 
3: Setting LC_MESSAGES failed, using "C" 
4: Setting LC_MONETARY failed, using "C" 
5: Setting LC_PAPER failed, using "C" 
6: Setting LC_MEASUREMENT failed, using "C" 
* installing *source* package 'BiocManager' ...
** package 'BiocManager' successfully unpacked and MD5 sums checked
** using staged installation
** R
** inst
** byte-compile and prepare package for lazy loading
During startup - Warning messages:
1: Setting LC_CTYPE failed, using "C" 
2: Setting LC_TIME failed, using "C" 
3: Setting LC_MESSAGES failed, using "C" 
4: Setting LC_MONETARY failed, using "C" 
5: Setting LC_PAPER failed, using "C" 
6: Setting LC_MEASUREMENT failed, using "C" 
** help
*** installing help indices
** building package indices
During startup - Warning messages:
1: Setting LC_CTYPE failed, using "C" 
2: Setting LC_TIME failed, using "C" 
3: Setting LC_MESSAGES failed, using "C" 
4: Setting LC_MONETARY failed, using "C" 
5: Setting LC_PAPER failed, using "C" 
6: Setting LC_MEASUREMENT failed, using "C" 
** installing vignettes
** testing if installed package can be loaded from temporary location
During startup - Warning messages:
1: Setting LC_CTYPE failed, using "C" 
2: Setting LC_TIME failed, using "C" 
3: Setting LC_MESSAGES failed, using "C" 
4: Setting LC_MONETARY failed, using "C" 
5: Setting LC_PAPER failed, using "C" 
6: Setting LC_MEASUREMENT failed, using "C" 
** testing if installed package can be loaded from final location
During startup - Warning messages:
1: Setting LC_CTYPE failed, using "C" 
2: Setting LC_TIME failed, using "C" 
3: Setting LC_MESSAGES failed, using "C" 
4: Setting LC_MONETARY failed, using "C" 
5: Setting LC_PAPER failed, using "C" 
6: Setting LC_MEASUREMENT failed, using "C" 
** testing if installed package keeps a record of temporary installation path
* DONE (BiocManager)

The downloaded source packages are in
	'/tmp/RtmpyAiAO7/downloaded_packages'

Attaching package: 'dplyr'

The following object is masked from 'package:kableExtra':

    group_rows

The following objects are masked from 'package:data.table':

    between, first, last

The following objects are masked from 'package:stats':

    filter, lag

The following objects are masked from 'package:base':

    intersect, setdiff, setequal, union

$data.table
NULL

$kableExtra
NULL

$dplyr
NULL

'getOption("repos")' replaces Bioconductor standard repositories, see
'help("repositories", package = "BiocManager")' for details.
Replacement repositories:
    CRAN: https://cloud.r-project.org
Bioconductor version 3.19 (BiocManager 1.30.23), R 4.4.0 (2024-04-24)
Installing package(s) 'BiocVersion', 'MultiAssayExperiment'
also installing the dependencies 'matrixStats', 'UCSC.utils', 'GenomeInfoDbData', 'abind', 'zlibbioc', 'MatrixGenerics', 'GenomeInfoDb', 'S4Arrays', 'SparseArray', 'XVector', 'SummarizedExperiment', 'Biobase', 'BiocBaseUtils', 'BiocGenerics', 'DelayedArray', 'GenomicRanges', 'IRanges', 'S4Vectors'

trying URL 'https://cloud.r-project.org/src/contrib/matrixStats_1.3.0.tar.gz'
Content type 'application/x-gzip' length 213441 bytes (208 KB)
==================================================
downloaded 208 KB

trying URL 'https://bioconductor.org/packages/3.19/bioc/src/contrib/UCSC.utils_1.0.0.tar.gz'
Content type 'application/x-gzip' length 236116 bytes (230 KB)
==================================================
downloaded 230 KB

trying URL 'https://bioconductor.org/packages/3.19/data/annotation/src/contrib/GenomeInfoDbData_1.2.12.tar.gz'
Content type 'application/x-gzip' length 12558310 bytes (12.0 MB)
==================================================
downloaded 12.0 MB

trying URL 'https://cloud.r-project.org/src/contrib/abind_1.4-5.tar.gz'
Content type 'application/x-gzip' length 21810 bytes (21 KB)
==================================================
downloaded 21 KB

trying URL 'https://bioconductor.org/packages/3.19/bioc/src/contrib/zlibbioc_1.50.0.tar.gz'
Content type 'application/x-gzip' length 381734 bytes (372 KB)
==================================================
downloaded 372 KB

trying URL 'https://bioconductor.org/packages/3.19/bioc/src/contrib/MatrixGenerics_1.16.0.tar.gz'
Content type 'application/x-gzip' length 31669 bytes (30 KB)
==================================================
downloaded 30 KB

trying URL 'https://bioconductor.org/packages/3.19/bioc/src/contrib/GenomeInfoDb_1.40.0.tar.gz'
Content type 'application/x-gzip' length 3581539 bytes (3.4 MB)
==================================================
downloaded 3.4 MB

trying URL 'https://bioconductor.org/packages/3.19/bioc/src/contrib/S4Arrays_1.4.0.tar.gz'
Content type 'application/x-gzip' length 280654 bytes (274 KB)
==================================================
downloaded 274 KB

trying URL 'https://bioconductor.org/packages/3.19/bioc/src/contrib/SparseArray_1.4.3.tar.gz'
Content type 'application/x-gzip' length 376028 bytes (367 KB)
==================================================
downloaded 367 KB

trying URL 'https://bioconductor.org/packages/3.19/bioc/src/contrib/XVector_0.44.0.tar.gz'
Content type 'application/x-gzip' length 67826 bytes (66 KB)
==================================================
downloaded 66 KB

trying URL 'https://bioconductor.org/packages/3.19/bioc/src/contrib/SummarizedExperiment_1.34.0.tar.gz'
Content type 'application/x-gzip' length 688177 bytes (672 KB)
==================================================
downloaded 672 KB

trying URL 'https://bioconductor.org/packages/3.19/bioc/src/contrib/Biobase_2.64.0.tar.gz'
Content type 'application/x-gzip' length 1792985 bytes (1.7 MB)
==================================================
downloaded 1.7 MB

trying URL 'https://bioconductor.org/packages/3.19/bioc/src/contrib/BiocBaseUtils_1.6.0.tar.gz'
Content type 'application/x-gzip' length 228328 bytes (222 KB)
==================================================
downloaded 222 KB

trying URL 'https://bioconductor.org/packages/3.19/bioc/src/contrib/BiocGenerics_0.50.0.tar.gz'
Content type 'application/x-gzip' length 49747 bytes (48 KB)
==================================================
downloaded 48 KB

trying URL 'https://bioconductor.org/packages/3.19/bioc/src/contrib/DelayedArray_0.30.1.tar.gz'
Content type 'application/x-gzip' length 634929 bytes (620 KB)
==================================================
downloaded 620 KB

trying URL 'https://bioconductor.org/packages/3.19/bioc/src/contrib/GenomicRanges_1.56.0.tar.gz'
Content type 'application/x-gzip' length 1140266 bytes (1.1 MB)
==================================================
downloaded 1.1 MB

trying URL 'https://bioconductor.org/packages/3.19/bioc/src/contrib/IRanges_2.38.0.tar.gz'
Content type 'application/x-gzip' length 482585 bytes (471 KB)
==================================================
downloaded 471 KB

trying URL 'https://bioconductor.org/packages/3.19/bioc/src/contrib/S4Vectors_0.42.0.tar.gz'
Content type 'application/x-gzip' length 880659 bytes (860 KB)
==================================================
downloaded 860 KB

trying URL 'https://bioconductor.org/packages/3.19/bioc/src/contrib/BiocVersion_3.19.1.tar.gz'
Content type 'application/x-gzip' length 987 bytes
==================================================
downloaded 987 bytes

trying URL 'https://bioconductor.org/packages/3.19/bioc/src/contrib/MultiAssayExperiment_1.30.1.tar.gz'
Content type 'application/x-gzip' length 1181656 bytes (1.1 MB)
==================================================
downloaded 1.1 MB

During startup - Warning messages:
1: Setting LC_CTYPE failed, using "C" 
2: Setting LC_TIME failed, using "C" 
3: Setting LC_MESSAGES failed, using "C" 
4: Setting LC_MONETARY failed, using "C" 
5: Setting LC_PAPER failed, using "C" 
6: Setting LC_MEASUREMENT failed, using "C" 
* installing *source* package 'matrixStats' ...
** package 'matrixStats' successfully unpacked and MD5 sums checked
** using staged installation
** libs
using C compiler: 'gcc (Ubuntu 9.4.0-1ubuntu1~20.04.2) 9.4.0'
gcc -I"/usr/share/R/include" -DNDEBUG       -fpic  -g -O2 -fdebug-prefix-map=/build/r-base-Kaw86j/r-base-4.4.0=. -fstack-protector-strong -Wformat -Werror=format-security -Wdate-time -D_FORTIFY_SOURCE=2  -c 000.init.c -o 000.init.o
gcc -I"/usr/share/R/include" -DNDEBUG       -fpic  -g -O2 -fdebug-prefix-map=/build/r-base-Kaw86j/r-base-4.4.0=. -fstack-protector-strong -Wformat -Werror=format-security -Wdate-time -D_FORTIFY_SOURCE=2  -c allocMatrix2.c -o allocMatrix2.o
gcc -I"/usr/share/R/include" -DNDEBUG       -fpic  -g -O2 -fdebug-prefix-map=/build/r-base-Kaw86j/r-base-4.4.0=. -fstack-protector-strong -Wformat -Werror=format-security -Wdate-time -D_FORTIFY_SOURCE=2  -c anyMissing.c -o anyMissing.o
gcc -I"/usr/share/R/include" -DNDEBUG       -fpic  -g -O2 -fdebug-prefix-map=/build/r-base-Kaw86j/r-base-4.4.0=. -fstack-protector-strong -Wformat -Werror=format-security -Wdate-time -D_FORTIFY_SOURCE=2  -c binCounts.c -o binCounts.o
gcc -I"/usr/share/R/include" -DNDEBUG       -fpic  -g -O2 -fdebug-prefix-map=/build/r-base-Kaw86j/r-base-4.4.0=. -fstack-protector-strong -Wformat -Werror=format-security -Wdate-time -D_FORTIFY_SOURCE=2  -c binMeans.c -o binMeans.o
gcc -I"/usr/share/R/include" -DNDEBUG       -fpic  -g -O2 -fdebug-prefix-map=/build/r-base-Kaw86j/r-base-4.4.0=. -fstack-protector-strong -Wformat -Werror=format-security -Wdate-time -D_FORTIFY_SOURCE=2  -c colCounts.c -o colCounts.o
gcc -I"/usr/share/R/include" -DNDEBUG       -fpic  -g -O2 -fdebug-prefix-map=/build/r-base-Kaw86j/r-base-4.4.0=. -fstack-protector-strong -Wformat -Werror=format-security -Wdate-time -D_FORTIFY_SOURCE=2  -c colOrderStats.c -o colOrderStats.o
gcc -I"/usr/share/R/include" -DNDEBUG       -fpic  -g -O2 -fdebug-prefix-map=/build/r-base-Kaw86j/r-base-4.4.0=. -fstack-protector-strong -Wformat -Werror=format-security -Wdate-time -D_FORTIFY_SOURCE=2  -c colRanges.c -o colRanges.o
gcc -I"/usr/share/R/include" -DNDEBUG       -fpic  -g -O2 -fdebug-prefix-map=/build/r-base-Kaw86j/r-base-4.4.0=. -fstack-protector-strong -Wformat -Werror=format-security -Wdate-time -D_FORTIFY_SOURCE=2  -c diff2.c -o diff2.o
gcc -I"/usr/share/R/include" -DNDEBUG       -fpic  -g -O2 -fdebug-prefix-map=/build/r-base-Kaw86j/r-base-4.4.0=. -fstack-protector-strong -Wformat -Werror=format-security -Wdate-time -D_FORTIFY_SOURCE=2  -c indexByRow.c -o indexByRow.o
gcc -I"/usr/share/R/include" -DNDEBUG       -fpic  -g -O2 -fdebug-prefix-map=/build/r-base-Kaw86j/r-base-4.4.0=. -fstack-protector-strong -Wformat -Werror=format-security -Wdate-time -D_FORTIFY_SOURCE=2  -c logSumExp.c -o logSumExp.o
gcc -I"/usr/share/R/include" -DNDEBUG       -fpic  -g -O2 -fdebug-prefix-map=/build/r-base-Kaw86j/r-base-4.4.0=. -fstack-protector-strong -Wformat -Werror=format-security -Wdate-time -D_FORTIFY_SOURCE=2  -c mean2.c -o mean2.o
gcc -I"/usr/share/R/include" -DNDEBUG       -fpic  -g -O2 -fdebug-prefix-map=/build/r-base-Kaw86j/r-base-4.4.0=. -fstack-protector-strong -Wformat -Werror=format-security -Wdate-time -D_FORTIFY_SOURCE=2  -c naming.c -o naming.o
gcc -I"/usr/share/R/include" -DNDEBUG       -fpic  -g -O2 -fdebug-prefix-map=/build/r-base-Kaw86j/r-base-4.4.0=. -fstack-protector-strong -Wformat -Werror=format-security -Wdate-time -D_FORTIFY_SOURCE=2  -c productExpSumLog.c -o productExpSumLog.o
gcc -I"/usr/share/R/include" -DNDEBUG       -fpic  -g -O2 -fdebug-prefix-map=/build/r-base-Kaw86j/r-base-4.4.0=. -fstack-protector-strong -Wformat -Werror=format-security -Wdate-time -D_FORTIFY_SOURCE=2  -c psortKM.c -o psortKM.o
gcc -I"/usr/share/R/include" -DNDEBUG       -fpic  -g -O2 -fdebug-prefix-map=/build/r-base-Kaw86j/r-base-4.4.0=. -fstack-protector-strong -Wformat -Werror=format-security -Wdate-time -D_FORTIFY_SOURCE=2  -c rowCounts.c -o rowCounts.o
gcc -I"/usr/share/R/include" -DNDEBUG       -fpic  -g -O2 -fdebug-prefix-map=/build/r-base-Kaw86j/r-base-4.4.0=. -fstack-protector-strong -Wformat -Werror=format-security -Wdate-time -D_FORTIFY_SOURCE=2  -c rowCummaxs.c -o rowCummaxs.o
gcc -I"/usr/share/R/include" -DNDEBUG       -fpic  -g -O2 -fdebug-prefix-map=/build/r-base-Kaw86j/r-base-4.4.0=. -fstack-protector-strong -Wformat -Werror=format-security -Wdate-time -D_FORTIFY_SOURCE=2  -c rowCummins.c -o rowCummins.o
gcc -I"/usr/share/R/include" -DNDEBUG       -fpic  -g -O2 -fdebug-prefix-map=/build/r-base-Kaw86j/r-base-4.4.0=. -fstack-protector-strong -Wformat -Werror=format-security -Wdate-time -D_FORTIFY_SOURCE=2  -c rowCumprods.c -o rowCumprods.o
gcc -I"/usr/share/R/include" -DNDEBUG       -fpic  -g -O2 -fdebug-prefix-map=/build/r-base-Kaw86j/r-base-4.4.0=. -fstack-protector-strong -Wformat -Werror=format-security -Wdate-time -D_FORTIFY_SOURCE=2  -c rowCumsums.c -o rowCumsums.o
gcc -I"/usr/share/R/include" -DNDEBUG       -fpic  -g -O2 -fdebug-prefix-map=/build/r-base-Kaw86j/r-base-4.4.0=. -fstack-protector-strong -Wformat -Werror=format-security -Wdate-time -D_FORTIFY_SOURCE=2  -c rowDiffs.c -o rowDiffs.o
gcc -I"/usr/share/R/include" -DNDEBUG       -fpic  -g -O2 -fdebug-prefix-map=/build/r-base-Kaw86j/r-base-4.4.0=. -fstack-protector-strong -Wformat -Werror=format-security -Wdate-time -D_FORTIFY_SOURCE=2  -c rowLogSumExp.c -o rowLogSumExp.o
gcc -I"/usr/share/R/include" -DNDEBUG       -fpic  -g -O2 -fdebug-prefix-map=/build/r-base-Kaw86j/r-base-4.4.0=. -fstack-protector-strong -Wformat -Werror=format-security -Wdate-time -D_FORTIFY_SOURCE=2  -c rowMads.c -o rowMads.o
gcc -I"/usr/share/R/include" -DNDEBUG       -fpic  -g -O2 -fdebug-prefix-map=/build/r-base-Kaw86j/r-base-4.4.0=. -fstack-protector-strong -Wformat -Werror=format-security -Wdate-time -D_FORTIFY_SOURCE=2  -c rowMeans2.c -o rowMeans2.o
gcc -I"/usr/share/R/include" -DNDEBUG       -fpic  -g -O2 -fdebug-prefix-map=/build/r-base-Kaw86j/r-base-4.4.0=. -fstack-protector-strong -Wformat -Werror=format-security -Wdate-time -D_FORTIFY_SOURCE=2  -c rowMedians.c -o rowMedians.o
gcc -I"/usr/share/R/include" -DNDEBUG       -fpic  -g -O2 -fdebug-prefix-map=/build/r-base-Kaw86j/r-base-4.4.0=. -fstack-protector-strong -Wformat -Werror=format-security -Wdate-time -D_FORTIFY_SOURCE=2  -c rowOrderStats.c -o rowOrderStats.o
gcc -I"/usr/share/R/include" -DNDEBUG       -fpic  -g -O2 -fdebug-prefix-map=/build/r-base-Kaw86j/r-base-4.4.0=. -fstack-protector-strong -Wformat -Werror=format-security -Wdate-time -D_FORTIFY_SOURCE=2  -c rowRanges.c -o rowRanges.o
gcc -I"/usr/share/R/include" -DNDEBUG       -fpic  -g -O2 -fdebug-prefix-map=/build/r-base-Kaw86j/r-base-4.4.0=. -fstack-protector-strong -Wformat -Werror=format-security -Wdate-time -D_FORTIFY_SOURCE=2  -c rowRanksWithTies.c -o rowRanksWithTies.o
gcc -I"/usr/share/R/include" -DNDEBUG       -fpic  -g -O2 -fdebug-prefix-map=/build/r-base-Kaw86j/r-base-4.4.0=. -fstack-protector-strong -Wformat -Werror=format-security -Wdate-time -D_FORTIFY_SOURCE=2  -c rowSums2.c -o rowSums2.o
gcc -I"/usr/share/R/include" -DNDEBUG       -fpic  -g -O2 -fdebug-prefix-map=/build/r-base-Kaw86j/r-base-4.4.0=. -fstack-protector-strong -Wformat -Werror=format-security -Wdate-time -D_FORTIFY_SOURCE=2  -c rowVars.c -o rowVars.o
gcc -I"/usr/share/R/include" -DNDEBUG       -fpic  -g -O2 -fdebug-prefix-map=/build/r-base-Kaw86j/r-base-4.4.0=. -fstack-protector-strong -Wformat -Werror=format-security -Wdate-time -D_FORTIFY_SOURCE=2  -c signTabulate.c -o signTabulate.o
gcc -I"/usr/share/R/include" -DNDEBUG       -fpic  -g -O2 -fdebug-prefix-map=/build/r-base-Kaw86j/r-base-4.4.0=. -fstack-protector-strong -Wformat -Werror=format-security -Wdate-time -D_FORTIFY_SOURCE=2  -c sum2.c -o sum2.o
gcc -I"/usr/share/R/include" -DNDEBUG       -fpic  -g -O2 -fdebug-prefix-map=/build/r-base-Kaw86j/r-base-4.4.0=. -fstack-protector-strong -Wformat -Werror=format-security -Wdate-time -D_FORTIFY_SOURCE=2  -c validateIndices.c -o validateIndices.o
gcc -I"/usr/share/R/include" -DNDEBUG       -fpic  -g -O2 -fdebug-prefix-map=/build/r-base-Kaw86j/r-base-4.4.0=. -fstack-protector-strong -Wformat -Werror=format-security -Wdate-time -D_FORTIFY_SOURCE=2  -c weightedMean.c -o weightedMean.o
gcc -I"/usr/share/R/include" -DNDEBUG       -fpic  -g -O2 -fdebug-prefix-map=/build/r-base-Kaw86j/r-base-4.4.0=. -fstack-protector-strong -Wformat -Werror=format-security -Wdate-time -D_FORTIFY_SOURCE=2  -c weightedMedian.c -o weightedMedian.o
gcc -I"/usr/share/R/include" -DNDEBUG       -fpic  -g -O2 -fdebug-prefix-map=/build/r-base-Kaw86j/r-base-4.4.0=. -fstack-protector-strong -Wformat -Werror=format-security -Wdate-time -D_FORTIFY_SOURCE=2  -c x_OP_y.c -o x_OP_y.o
gcc -shared -L/usr/lib/R/lib -Wl,-Bsymbolic-functions -Wl,-z,relro -o matrixStats.so 000.init.o allocMatrix2.o anyMissing.o binCounts.o binMeans.o colCounts.o colOrderStats.o colRanges.o diff2.o indexByRow.o logSumExp.o mean2.o naming.o productExpSumLog.o psortKM.o rowCounts.o rowCummaxs.o rowCummins.o rowCumprods.o rowCumsums.o rowDiffs.o rowLogSumExp.o rowMads.o rowMeans2.o rowMedians.o rowOrderStats.o rowRanges.o rowRanksWithTies.o rowSums2.o rowVars.o signTabulate.o sum2.o validateIndices.o weightedMean.o weightedMedian.o x_OP_y.o -L/usr/lib/R/lib -lR
installing to /home/gitpod/R/R-4.3.2-library/00LOCK-matrixStats/00new/matrixStats/libs
** R
** inst
** byte-compile and prepare package for lazy loading
During startup - Warning messages:
1: Setting LC_CTYPE failed, using "C" 
2: Setting LC_TIME failed, using "C" 
3: Setting LC_MESSAGES failed, using "C" 
4: Setting LC_MONETARY failed, using "C" 
5: Setting LC_PAPER failed, using "C" 
6: Setting LC_MEASUREMENT failed, using "C" 
** help
*** installing help indices
** building package indices
During startup - Warning messages:
1: Setting LC_CTYPE failed, using "C" 
2: Setting LC_TIME failed, using "C" 
3: Setting LC_MESSAGES failed, using "C" 
4: Setting LC_MONETARY failed, using "C" 
5: Setting LC_PAPER failed, using "C" 
6: Setting LC_MEASUREMENT failed, using "C" 
** installing vignettes
** testing if installed package can be loaded from temporary location
During startup - Warning messages:
1: Setting LC_CTYPE failed, using "C" 
2: Setting LC_TIME failed, using "C" 
3: Setting LC_MESSAGES failed, using "C" 
4: Setting LC_MONETARY failed, using "C" 
5: Setting LC_PAPER failed, using "C" 
6: Setting LC_MEASUREMENT failed, using "C" 
** checking absolute paths in shared objects and dynamic libraries
** testing if installed package can be loaded from final location
During startup - Warning messages:
1: Setting LC_CTYPE failed, using "C" 
2: Setting LC_TIME failed, using "C" 
3: Setting LC_MESSAGES failed, using "C" 
4: Setting LC_MONETARY failed, using "C" 
5: Setting LC_PAPER failed, using "C" 
6: Setting LC_MEASUREMENT failed, using "C" 
** testing if installed package keeps a record of temporary installation path
* DONE (matrixStats)
During startup - Warning messages:
1: Setting LC_CTYPE failed, using "C" 
2: Setting LC_TIME failed, using "C" 
3: Setting LC_MESSAGES failed, using "C" 
4: Setting LC_MONETARY failed, using "C" 
5: Setting LC_PAPER failed, using "C" 
6: Setting LC_MEASUREMENT failed, using "C" 
* installing *source* package 'GenomeInfoDbData' ...
** using staged installation
** data
** inst
** help
*** installing help indices
** building package indices
During startup - Warning messages:
1: Setting LC_CTYPE failed, using "C" 
2: Setting LC_TIME failed, using "C" 
3: Setting LC_MESSAGES failed, using "C" 
4: Setting LC_MONETARY failed, using "C" 
5: Setting LC_PAPER failed, using "C" 
6: Setting LC_MEASUREMENT failed, using "C" 
** testing if installed package can be loaded from temporary location
During startup - Warning messages:
1: Setting LC_CTYPE failed, using "C" 
2: Setting LC_TIME failed, using "C" 
3: Setting LC_MESSAGES failed, using "C" 
4: Setting LC_MONETARY failed, using "C" 
5: Setting LC_PAPER failed, using "C" 
6: Setting LC_MEASUREMENT failed, using "C" 
** testing if installed package can be loaded from final location
During startup - Warning messages:
1: Setting LC_CTYPE failed, using "C" 
2: Setting LC_TIME failed, using "C" 
3: Setting LC_MESSAGES failed, using "C" 
4: Setting LC_MONETARY failed, using "C" 
5: Setting LC_PAPER failed, using "C" 
6: Setting LC_MEASUREMENT failed, using "C" 
** testing if installed package keeps a record of temporary installation path
* DONE (GenomeInfoDbData)
During startup - Warning messages:
1: Setting LC_CTYPE failed, using "C" 
2: Setting LC_TIME failed, using "C" 
3: Setting LC_MESSAGES failed, using "C" 
4: Setting LC_MONETARY failed, using "C" 
5: Setting LC_PAPER failed, using "C" 
6: Setting LC_MEASUREMENT failed, using "C" 
* installing *source* package 'abind' ...
** package 'abind' successfully unpacked and MD5 sums checked
** using staged installation
** R
** inst
** byte-compile and prepare package for lazy loading
During startup - Warning messages:
1: Setting LC_CTYPE failed, using "C" 
2: Setting LC_TIME failed, using "C" 
3: Setting LC_MESSAGES failed, using "C" 
4: Setting LC_MONETARY failed, using "C" 
5: Setting LC_PAPER failed, using "C" 
6: Setting LC_MEASUREMENT failed, using "C" 
** help
*** installing help indices
** building package indices
During startup - Warning messages:
1: Setting LC_CTYPE failed, using "C" 
2: Setting LC_TIME failed, using "C" 
3: Setting LC_MESSAGES failed, using "C" 
4: Setting LC_MONETARY failed, using "C" 
5: Setting LC_PAPER failed, using "C" 
6: Setting LC_MEASUREMENT failed, using "C" 
** testing if installed package can be loaded from temporary location
During startup - Warning messages:
1: Setting LC_CTYPE failed, using "C" 
2: Setting LC_TIME failed, using "C" 
3: Setting LC_MESSAGES failed, using "C" 
4: Setting LC_MONETARY failed, using "C" 
5: Setting LC_PAPER failed, using "C" 
6: Setting LC_MEASUREMENT failed, using "C" 
** testing if installed package can be loaded from final location
During startup - Warning messages:
1: Setting LC_CTYPE failed, using "C" 
2: Setting LC_TIME failed, using "C" 
3: Setting LC_MESSAGES failed, using "C" 
4: Setting LC_MONETARY failed, using "C" 
5: Setting LC_PAPER failed, using "C" 
6: Setting LC_MEASUREMENT failed, using "C" 
** testing if installed package keeps a record of temporary installation path
* DONE (abind)
During startup - Warning messages:
1: Setting LC_CTYPE failed, using "C" 
2: Setting LC_TIME failed, using "C" 
3: Setting LC_MESSAGES failed, using "C" 
4: Setting LC_MONETARY failed, using "C" 
5: Setting LC_PAPER failed, using "C" 
6: Setting LC_MEASUREMENT failed, using "C" 
* installing *source* package 'zlibbioc' ...
** using staged installation
configure: creating ./config.status
config.status: creating src/Makevars
** libs
using C compiler: 'gcc (Ubuntu 9.4.0-1ubuntu1~20.04.2) 9.4.0'
mkdir -p "/home/gitpod/R/R-4.3.2-library/00LOCK-zlibbioc/00new/zlibbioc/include"
gcc -I"/usr/share/R/include" -DNDEBUG       -fpic  -g -O2 -fdebug-prefix-map=/build/r-base-Kaw86j/r-base-4.4.0=. -fstack-protector-strong -Wformat -Werror=format-security -Wdate-time -D_FORTIFY_SOURCE=2  -c R_init_zlibbioc.c -o R_init_zlibbioc.o
gcc -shared -L/usr/lib/R/lib -Wl,-Bsymbolic-functions -Wl,-z,relro -o zlibbioc.so R_init_zlibbioc.o -L/usr/lib/R/lib -lR
installing to /home/gitpod/R/R-4.3.2-library/00LOCK-zlibbioc/00new/zlibbioc/libs
** R
** inst
** byte-compile and prepare package for lazy loading
During startup - Warning messages:
1: Setting LC_CTYPE failed, using "C" 
2: Setting LC_TIME failed, using "C" 
3: Setting LC_MESSAGES failed, using "C" 
4: Setting LC_MONETARY failed, using "C" 
5: Setting LC_PAPER failed, using "C" 
6: Setting LC_MEASUREMENT failed, using "C" 
** help
*** installing help indices
** building package indices
During startup - Warning messages:
1: Setting LC_CTYPE failed, using "C" 
2: Setting LC_TIME failed, using "C" 
3: Setting LC_MESSAGES failed, using "C" 
4: Setting LC_MONETARY failed, using "C" 
5: Setting LC_PAPER failed, using "C" 
6: Setting LC_MEASUREMENT failed, using "C" 
** installing vignettes
** testing if installed package can be loaded from temporary location
During startup - Warning messages:
1: Setting LC_CTYPE failed, using "C" 
2: Setting LC_TIME failed, using "C" 
3: Setting LC_MESSAGES failed, using "C" 
4: Setting LC_MONETARY failed, using "C" 
5: Setting LC_PAPER failed, using "C" 
6: Setting LC_MEASUREMENT failed, using "C" 
** checking absolute paths in shared objects and dynamic libraries
** testing if installed package can be loaded from final location
During startup - Warning messages:
1: Setting LC_CTYPE failed, using "C" 
2: Setting LC_TIME failed, using "C" 
3: Setting LC_MESSAGES failed, using "C" 
4: Setting LC_MONETARY failed, using "C" 
5: Setting LC_PAPER failed, using "C" 
6: Setting LC_MEASUREMENT failed, using "C" 
** testing if installed package keeps a record of temporary installation path
* DONE (zlibbioc)
During startup - Warning messages:
1: Setting LC_CTYPE failed, using "C" 
2: Setting LC_TIME failed, using "C" 
3: Setting LC_MESSAGES failed, using "C" 
4: Setting LC_MONETARY failed, using "C" 
5: Setting LC_PAPER failed, using "C" 
6: Setting LC_MEASUREMENT failed, using "C" 
* installing *source* package 'BiocBaseUtils' ...
** using staged installation
** R
** inst
** byte-compile and prepare package for lazy loading
During startup - Warning messages:
1: Setting LC_CTYPE failed, using "C" 
2: Setting LC_TIME failed, using "C" 
3: Setting LC_MESSAGES failed, using "C" 
4: Setting LC_MONETARY failed, using "C" 
5: Setting LC_PAPER failed, using "C" 
6: Setting LC_MEASUREMENT failed, using "C" 
** help
*** installing help indices
** building package indices
During startup - Warning messages:
1: Setting LC_CTYPE failed, using "C" 
2: Setting LC_TIME failed, using "C" 
3: Setting LC_MESSAGES failed, using "C" 
4: Setting LC_MONETARY failed, using "C" 
5: Setting LC_PAPER failed, using "C" 
6: Setting LC_MEASUREMENT failed, using "C" 
** installing vignettes
** testing if installed package can be loaded from temporary location
During startup - Warning messages:
1: Setting LC_CTYPE failed, using "C" 
2: Setting LC_TIME failed, using "C" 
3: Setting LC_MESSAGES failed, using "C" 
4: Setting LC_MONETARY failed, using "C" 
5: Setting LC_PAPER failed, using "C" 
6: Setting LC_MEASUREMENT failed, using "C" 
** testing if installed package can be loaded from final location
During startup - Warning messages:
1: Setting LC_CTYPE failed, using "C" 
2: Setting LC_TIME failed, using "C" 
3: Setting LC_MESSAGES failed, using "C" 
4: Setting LC_MONETARY failed, using "C" 
5: Setting LC_PAPER failed, using "C" 
6: Setting LC_MEASUREMENT failed, using "C" 
** testing if installed package keeps a record of temporary installation path
* DONE (BiocBaseUtils)
During startup - Warning messages:
1: Setting LC_CTYPE failed, using "C" 
2: Setting LC_TIME failed, using "C" 
3: Setting LC_MESSAGES failed, using "C" 
4: Setting LC_MONETARY failed, using "C" 
5: Setting LC_PAPER failed, using "C" 
6: Setting LC_MEASUREMENT failed, using "C" 
* installing *source* package 'BiocGenerics' ...
** using staged installation
** R
** inst
** byte-compile and prepare package for lazy loading
During startup - Warning messages:
1: Setting LC_CTYPE failed, using "C" 
2: Setting LC_TIME failed, using "C" 
3: Setting LC_MESSAGES failed, using "C" 
4: Setting LC_MONETARY failed, using "C" 
5: Setting LC_PAPER failed, using "C" 
6: Setting LC_MEASUREMENT failed, using "C" 
Creating a new generic function for 'aperm' in package 'BiocGenerics'
Creating a new generic function for 'append' in package 'BiocGenerics'
Creating a new generic function for 'as.data.frame' in package 'BiocGenerics'
Creating a new generic function for 'cbind' in package 'BiocGenerics'
Creating a new generic function for 'rbind' in package 'BiocGenerics'
Creating a new generic function for 'do.call' in package 'BiocGenerics'
Creating a new generic function for 'duplicated' in package 'BiocGenerics'
Creating a new generic function for 'anyDuplicated' in package 'BiocGenerics'
Creating a new generic function for 'eval' in package 'BiocGenerics'
Creating a new generic function for 'pmax' in package 'BiocGenerics'
Creating a new generic function for 'pmin' in package 'BiocGenerics'
Creating a new generic function for 'pmax.int' in package 'BiocGenerics'
Creating a new generic function for 'pmin.int' in package 'BiocGenerics'
Creating a new generic function for 'Reduce' in package 'BiocGenerics'
Creating a new generic function for 'Filter' in package 'BiocGenerics'
Creating a new generic function for 'Find' in package 'BiocGenerics'
Creating a new generic function for 'Map' in package 'BiocGenerics'
Creating a new generic function for 'Position' in package 'BiocGenerics'
Creating a new generic function for 'get' in package 'BiocGenerics'
Creating a new generic function for 'mget' in package 'BiocGenerics'
Creating a new generic function for 'grep' in package 'BiocGenerics'
Creating a new generic function for 'grepl' in package 'BiocGenerics'
Creating a new generic function for 'is.unsorted' in package 'BiocGenerics'
Creating a new generic function for 'lapply' in package 'BiocGenerics'
Creating a new generic function for 'sapply' in package 'BiocGenerics'
Creating a new generic function for 'mapply' in package 'BiocGenerics'
Creating a new generic function for 'match' in package 'BiocGenerics'
Creating a new generic function for 'order' in package 'BiocGenerics'
Creating a new generic function for 'paste' in package 'BiocGenerics'
Creating a new generic function for 'rank' in package 'BiocGenerics'
Creating a new generic function for 'rownames' in package 'BiocGenerics'
Creating a new generic function for 'colnames' in package 'BiocGenerics'
Creating a new generic function for 'union' in package 'BiocGenerics'
Creating a new generic function for 'intersect' in package 'BiocGenerics'
Creating a new generic function for 'setdiff' in package 'BiocGenerics'
Creating a new generic function for 'table' in package 'BiocGenerics'
Creating a new generic function for 'tapply' in package 'BiocGenerics'
Creating a new generic function for 'unique' in package 'BiocGenerics'
Creating a new generic function for 'unsplit' in package 'BiocGenerics'
Creating a new generic function for 'var' in package 'BiocGenerics'
Creating a new generic function for 'sd' in package 'BiocGenerics'
Creating a new generic function for 'which.min' in package 'BiocGenerics'
Creating a new generic function for 'which.max' in package 'BiocGenerics'
Creating a new generic function for 'IQR' in package 'BiocGenerics'
Creating a new generic function for 'mad' in package 'BiocGenerics'
Creating a new generic function for 'xtabs' in package 'BiocGenerics'
Creating a new generic function for 'basename' in package 'BiocGenerics'
Creating a new generic function for 'dirname' in package 'BiocGenerics'
** help
*** installing help indices
** building package indices
During startup - Warning messages:
1: Setting LC_CTYPE failed, using "C" 
2: Setting LC_TIME failed, using "C" 
3: Setting LC_MESSAGES failed, using "C" 
4: Setting LC_MONETARY failed, using "C" 
5: Setting LC_PAPER failed, using "C" 
6: Setting LC_MEASUREMENT failed, using "C" 
** testing if installed package can be loaded from temporary location
During startup - Warning messages:
1: Setting LC_CTYPE failed, using "C" 
2: Setting LC_TIME failed, using "C" 
3: Setting LC_MESSAGES failed, using "C" 
4: Setting LC_MONETARY failed, using "C" 
5: Setting LC_PAPER failed, using "C" 
6: Setting LC_MEASUREMENT failed, using "C" 
** testing if installed package can be loaded from final location
During startup - Warning messages:
1: Setting LC_CTYPE failed, using "C" 
2: Setting LC_TIME failed, using "C" 
3: Setting LC_MESSAGES failed, using "C" 
4: Setting LC_MONETARY failed, using "C" 
5: Setting LC_PAPER failed, using "C" 
6: Setting LC_MEASUREMENT failed, using "C" 
** testing if installed package keeps a record of temporary installation path
* DONE (BiocGenerics)
During startup - Warning messages:
1: Setting LC_CTYPE failed, using "C" 
2: Setting LC_TIME failed, using "C" 
3: Setting LC_MESSAGES failed, using "C" 
4: Setting LC_MONETARY failed, using "C" 
5: Setting LC_PAPER failed, using "C" 
6: Setting LC_MEASUREMENT failed, using "C" 
* installing *source* package 'BiocVersion' ...
** using staged installation
** help
*** installing help indices
** building package indices
During startup - Warning messages:
1: Setting LC_CTYPE failed, using "C" 
2: Setting LC_TIME failed, using "C" 
3: Setting LC_MESSAGES failed, using "C" 
4: Setting LC_MONETARY failed, using "C" 
5: Setting LC_PAPER failed, using "C" 
6: Setting LC_MEASUREMENT failed, using "C" 
** testing if installed package can be loaded from temporary location
During startup - Warning messages:
1: Setting LC_CTYPE failed, using "C" 
2: Setting LC_TIME failed, using "C" 
3: Setting LC_MESSAGES failed, using "C" 
4: Setting LC_MONETARY failed, using "C" 
5: Setting LC_PAPER failed, using "C" 
6: Setting LC_MEASUREMENT failed, using "C" 
** testing if installed package can be loaded from final location
During startup - Warning messages:
1: Setting LC_CTYPE failed, using "C" 
2: Setting LC_TIME failed, using "C" 
3: Setting LC_MESSAGES failed, using "C" 
4: Setting LC_MONETARY failed, using "C" 
5: Setting LC_PAPER failed, using "C" 
6: Setting LC_MEASUREMENT failed, using "C" 
** testing if installed package keeps a record of temporary installation path
* DONE (BiocVersion)
During startup - Warning messages:
1: Setting LC_CTYPE failed, using "C" 
2: Setting LC_TIME failed, using "C" 
3: Setting LC_MESSAGES failed, using "C" 
4: Setting LC_MONETARY failed, using "C" 
5: Setting LC_PAPER failed, using "C" 
6: Setting LC_MEASUREMENT failed, using "C" 
* installing *source* package 'MatrixGenerics' ...
** using staged installation
** R
** inst
** byte-compile and prepare package for lazy loading
During startup - Warning messages:
1: Setting LC_CTYPE failed, using "C" 
2: Setting LC_TIME failed, using "C" 
3: Setting LC_MESSAGES failed, using "C" 
4: Setting LC_MONETARY failed, using "C" 
5: Setting LC_PAPER failed, using "C" 
6: Setting LC_MEASUREMENT failed, using "C" 
Creating a new generic function for 'rowAlls' in package 'MatrixGenerics'
Creating a new generic function for 'colAlls' in package 'MatrixGenerics'
Creating a new generic function for 'rowAnyNAs' in package 'MatrixGenerics'
Creating a new generic function for 'colAnyNAs' in package 'MatrixGenerics'
Creating a new generic function for 'rowAnys' in package 'MatrixGenerics'
Creating a new generic function for 'colAnys' in package 'MatrixGenerics'
Creating a new generic function for 'rowAvgsPerColSet' in package 'MatrixGenerics'
Creating a new generic function for 'colAvgsPerRowSet' in package 'MatrixGenerics'
Creating a new generic function for 'rowCollapse' in package 'MatrixGenerics'
Creating a new generic function for 'colCollapse' in package 'MatrixGenerics'
Creating a new generic function for 'rowCounts' in package 'MatrixGenerics'
Creating a new generic function for 'colCounts' in package 'MatrixGenerics'
Creating a new generic function for 'rowCummaxs' in package 'MatrixGenerics'
Creating a new generic function for 'colCummaxs' in package 'MatrixGenerics'
Creating a new generic function for 'rowCummins' in package 'MatrixGenerics'
Creating a new generic function for 'colCummins' in package 'MatrixGenerics'
Creating a new generic function for 'rowCumprods' in package 'MatrixGenerics'
Creating a new generic function for 'colCumprods' in package 'MatrixGenerics'
Creating a new generic function for 'rowCumsums' in package 'MatrixGenerics'
Creating a new generic function for 'colCumsums' in package 'MatrixGenerics'
Creating a new generic function for 'rowDiffs' in package 'MatrixGenerics'
Creating a new generic function for 'colDiffs' in package 'MatrixGenerics'
Creating a new generic function for 'rowIQRDiffs' in package 'MatrixGenerics'
Creating a new generic function for 'colIQRDiffs' in package 'MatrixGenerics'
Creating a new generic function for 'rowIQRs' in package 'MatrixGenerics'
Creating a new generic function for 'colIQRs' in package 'MatrixGenerics'
Creating a new generic function for 'rowLogSumExps' in package 'MatrixGenerics'
Creating a new generic function for 'colLogSumExps' in package 'MatrixGenerics'
Creating a new generic function for 'rowMadDiffs' in package 'MatrixGenerics'
Creating a new generic function for 'colMadDiffs' in package 'MatrixGenerics'
Creating a new generic function for 'rowMads' in package 'MatrixGenerics'
Creating a new generic function for 'colMads' in package 'MatrixGenerics'
Creating a new generic function for 'rowMaxs' in package 'MatrixGenerics'
Creating a new generic function for 'colMaxs' in package 'MatrixGenerics'
Creating a new generic function for 'rowMeans2' in package 'MatrixGenerics'
Creating a new generic function for 'colMeans2' in package 'MatrixGenerics'
Creating a new generic function for 'rowMedians' in package 'MatrixGenerics'
Creating a new generic function for 'colMedians' in package 'MatrixGenerics'
Creating a new generic function for 'rowMins' in package 'MatrixGenerics'
Creating a new generic function for 'colMins' in package 'MatrixGenerics'
Creating a new generic function for 'rowOrderStats' in package 'MatrixGenerics'
Creating a new generic function for 'colOrderStats' in package 'MatrixGenerics'
Creating a new generic function for 'rowProds' in package 'MatrixGenerics'
Creating a new generic function for 'colProds' in package 'MatrixGenerics'
Creating a new generic function for 'rowQuantiles' in package 'MatrixGenerics'
Creating a new generic function for 'colQuantiles' in package 'MatrixGenerics'
Creating a new generic function for 'rowRanges' in package 'MatrixGenerics'
Creating a new generic function for 'colRanges' in package 'MatrixGenerics'
Creating a new generic function for 'rowRanks' in package 'MatrixGenerics'
Creating a new generic function for 'colRanks' in package 'MatrixGenerics'
Creating a new generic function for 'rowSdDiffs' in package 'MatrixGenerics'
Creating a new generic function for 'colSdDiffs' in package 'MatrixGenerics'
Creating a new generic function for 'rowSds' in package 'MatrixGenerics'
Creating a new generic function for 'colSds' in package 'MatrixGenerics'
Creating a new generic function for 'rowSums2' in package 'MatrixGenerics'
Creating a new generic function for 'colSums2' in package 'MatrixGenerics'
Creating a new generic function for 'rowTabulates' in package 'MatrixGenerics'
Creating a new generic function for 'colTabulates' in package 'MatrixGenerics'
Creating a new generic function for 'rowVarDiffs' in package 'MatrixGenerics'
Creating a new generic function for 'colVarDiffs' in package 'MatrixGenerics'
Creating a new generic function for 'rowVars' in package 'MatrixGenerics'
Creating a new generic function for 'colVars' in package 'MatrixGenerics'
Creating a new generic function for 'rowWeightedMads' in package 'MatrixGenerics'
Creating a new generic function for 'colWeightedMads' in package 'MatrixGenerics'
Creating a new generic function for 'rowWeightedMeans' in package 'MatrixGenerics'
Creating a new generic function for 'colWeightedMeans' in package 'MatrixGenerics'
Creating a new generic function for 'rowWeightedMedians' in package 'MatrixGenerics'
Creating a new generic function for 'colWeightedMedians' in package 'MatrixGenerics'
Creating a new generic function for 'rowWeightedSds' in package 'MatrixGenerics'
Creating a new generic function for 'colWeightedSds' in package 'MatrixGenerics'
Creating a new generic function for 'rowWeightedVars' in package 'MatrixGenerics'
Creating a new generic function for 'colWeightedVars' in package 'MatrixGenerics'
** help
*** installing help indices
** building package indices
During startup - Warning messages:
1: Setting LC_CTYPE failed, using "C" 
2: Setting LC_TIME failed, using "C" 
3: Setting LC_MESSAGES failed, using "C" 
4: Setting LC_MONETARY failed, using "C" 
5: Setting LC_PAPER failed, using "C" 
6: Setting LC_MEASUREMENT failed, using "C" 
** testing if installed package can be loaded from temporary location
During startup - Warning messages:
1: Setting LC_CTYPE failed, using "C" 
2: Setting LC_TIME failed, using "C" 
3: Setting LC_MESSAGES failed, using "C" 
4: Setting LC_MONETARY failed, using "C" 
5: Setting LC_PAPER failed, using "C" 
6: Setting LC_MEASUREMENT failed, using "C" 
** testing if installed package can be loaded from final location
During startup - Warning messages:
1: Setting LC_CTYPE failed, using "C" 
2: Setting LC_TIME failed, using "C" 
3: Setting LC_MESSAGES failed, using "C" 
4: Setting LC_MONETARY failed, using "C" 
5: Setting LC_PAPER failed, using "C" 
6: Setting LC_MEASUREMENT failed, using "C" 
** testing if installed package keeps a record of temporary installation path
* DONE (MatrixGenerics)
During startup - Warning messages:
1: Setting LC_CTYPE failed, using "C" 
2: Setting LC_TIME failed, using "C" 
3: Setting LC_MESSAGES failed, using "C" 
4: Setting LC_MONETARY failed, using "C" 
5: Setting LC_PAPER failed, using "C" 
6: Setting LC_MEASUREMENT failed, using "C" 
* installing *source* package 'Biobase' ...
** using staged installation
** libs
using C compiler: 'gcc (Ubuntu 9.4.0-1ubuntu1~20.04.2) 9.4.0'
gcc -I"/usr/share/R/include" -DNDEBUG       -fpic  -g -O2 -fdebug-prefix-map=/build/r-base-Kaw86j/r-base-4.4.0=. -fstack-protector-strong -Wformat -Werror=format-security -Wdate-time -D_FORTIFY_SOURCE=2  -c Rinit.c -o Rinit.o
gcc -I"/usr/share/R/include" -DNDEBUG       -fpic  -g -O2 -fdebug-prefix-map=/build/r-base-Kaw86j/r-base-4.4.0=. -fstack-protector-strong -Wformat -Werror=format-security -Wdate-time -D_FORTIFY_SOURCE=2  -c anyMissing.c -o anyMissing.o
gcc -I"/usr/share/R/include" -DNDEBUG       -fpic  -g -O2 -fdebug-prefix-map=/build/r-base-Kaw86j/r-base-4.4.0=. -fstack-protector-strong -Wformat -Werror=format-security -Wdate-time -D_FORTIFY_SOURCE=2  -c envir.c -o envir.o
gcc -I"/usr/share/R/include" -DNDEBUG       -fpic  -g -O2 -fdebug-prefix-map=/build/r-base-Kaw86j/r-base-4.4.0=. -fstack-protector-strong -Wformat -Werror=format-security -Wdate-time -D_FORTIFY_SOURCE=2  -c matchpt.c -o matchpt.o
gcc -I"/usr/share/R/include" -DNDEBUG       -fpic  -g -O2 -fdebug-prefix-map=/build/r-base-Kaw86j/r-base-4.4.0=. -fstack-protector-strong -Wformat -Werror=format-security -Wdate-time -D_FORTIFY_SOURCE=2  -c rowMedians.c -o rowMedians.o
gcc -I"/usr/share/R/include" -DNDEBUG       -fpic  -g -O2 -fdebug-prefix-map=/build/r-base-Kaw86j/r-base-4.4.0=. -fstack-protector-strong -Wformat -Werror=format-security -Wdate-time -D_FORTIFY_SOURCE=2  -c sublist_extract.c -o sublist_extract.o
gcc -shared -L/usr/lib/R/lib -Wl,-Bsymbolic-functions -Wl,-z,relro -o Biobase.so Rinit.o anyMissing.o envir.o matchpt.o rowMedians.o sublist_extract.o -L/usr/lib/R/lib -lR
installing to /home/gitpod/R/R-4.3.2-library/00LOCK-Biobase/00new/Biobase/libs
** R
** data
** inst
** byte-compile and prepare package for lazy loading
During startup - Warning messages:
1: Setting LC_CTYPE failed, using "C" 
2: Setting LC_TIME failed, using "C" 
3: Setting LC_MESSAGES failed, using "C" 
4: Setting LC_MONETARY failed, using "C" 
5: Setting LC_PAPER failed, using "C" 
6: Setting LC_MEASUREMENT failed, using "C" 
** help
*** installing help indices
** building package indices
During startup - Warning messages:
1: Setting LC_CTYPE failed, using "C" 
2: Setting LC_TIME failed, using "C" 
3: Setting LC_MESSAGES failed, using "C" 
4: Setting LC_MONETARY failed, using "C" 
5: Setting LC_PAPER failed, using "C" 
6: Setting LC_MEASUREMENT failed, using "C" 
** installing vignettes
** testing if installed package can be loaded from temporary location
During startup - Warning messages:
1: Setting LC_CTYPE failed, using "C" 
2: Setting LC_TIME failed, using "C" 
3: Setting LC_MESSAGES failed, using "C" 
4: Setting LC_MONETARY failed, using "C" 
5: Setting LC_PAPER failed, using "C" 
6: Setting LC_MEASUREMENT failed, using "C" 
** checking absolute paths in shared objects and dynamic libraries
** testing if installed package can be loaded from final location
During startup - Warning messages:
1: Setting LC_CTYPE failed, using "C" 
2: Setting LC_TIME failed, using "C" 
3: Setting LC_MESSAGES failed, using "C" 
4: Setting LC_MONETARY failed, using "C" 
5: Setting LC_PAPER failed, using "C" 
6: Setting LC_MEASUREMENT failed, using "C" 
** testing if installed package keeps a record of temporary installation path
* DONE (Biobase)
During startup - Warning messages:
1: Setting LC_CTYPE failed, using "C" 
2: Setting LC_TIME failed, using "C" 
3: Setting LC_MESSAGES failed, using "C" 
4: Setting LC_MONETARY failed, using "C" 
5: Setting LC_PAPER failed, using "C" 
6: Setting LC_MEASUREMENT failed, using "C" 
* installing *source* package 'S4Vectors' ...
** using staged installation
** libs
using C compiler: 'gcc (Ubuntu 9.4.0-1ubuntu1~20.04.2) 9.4.0'
gcc -I"/usr/share/R/include" -DNDEBUG       -fpic  -g -O2 -fdebug-prefix-map=/build/r-base-Kaw86j/r-base-4.4.0=. -fstack-protector-strong -Wformat -Werror=format-security -Wdate-time -D_FORTIFY_SOURCE=2  -c AEbufs.c -o AEbufs.o
gcc -I"/usr/share/R/include" -DNDEBUG       -fpic  -g -O2 -fdebug-prefix-map=/build/r-base-Kaw86j/r-base-4.4.0=. -fstack-protector-strong -Wformat -Werror=format-security -Wdate-time -D_FORTIFY_SOURCE=2  -c DataFrame_class.c -o DataFrame_class.o
gcc -I"/usr/share/R/include" -DNDEBUG       -fpic  -g -O2 -fdebug-prefix-map=/build/r-base-Kaw86j/r-base-4.4.0=. -fstack-protector-strong -Wformat -Werror=format-security -Wdate-time -D_FORTIFY_SOURCE=2  -c Hits_class.c -o Hits_class.o
gcc -I"/usr/share/R/include" -DNDEBUG       -fpic  -g -O2 -fdebug-prefix-map=/build/r-base-Kaw86j/r-base-4.4.0=. -fstack-protector-strong -Wformat -Werror=format-security -Wdate-time -D_FORTIFY_SOURCE=2  -c LLint_class.c -o LLint_class.o
gcc -I"/usr/share/R/include" -DNDEBUG       -fpic  -g -O2 -fdebug-prefix-map=/build/r-base-Kaw86j/r-base-4.4.0=. -fstack-protector-strong -Wformat -Werror=format-security -Wdate-time -D_FORTIFY_SOURCE=2  -c List_class.c -o List_class.o
gcc -I"/usr/share/R/include" -DNDEBUG       -fpic  -g -O2 -fdebug-prefix-map=/build/r-base-Kaw86j/r-base-4.4.0=. -fstack-protector-strong -Wformat -Werror=format-security -Wdate-time -D_FORTIFY_SOURCE=2  -c R_init_S4Vectors.c -o R_init_S4Vectors.o
gcc -I"/usr/share/R/include" -DNDEBUG       -fpic  -g -O2 -fdebug-prefix-map=/build/r-base-Kaw86j/r-base-4.4.0=. -fstack-protector-strong -Wformat -Werror=format-security -Wdate-time -D_FORTIFY_SOURCE=2  -c Rle_class.c -o Rle_class.o
gcc -I"/usr/share/R/include" -DNDEBUG       -fpic  -g -O2 -fdebug-prefix-map=/build/r-base-Kaw86j/r-base-4.4.0=. -fstack-protector-strong -Wformat -Werror=format-security -Wdate-time -D_FORTIFY_SOURCE=2  -c Rle_utils.c -o Rle_utils.o
gcc -I"/usr/share/R/include" -DNDEBUG       -fpic  -g -O2 -fdebug-prefix-map=/build/r-base-Kaw86j/r-base-4.4.0=. -fstack-protector-strong -Wformat -Werror=format-security -Wdate-time -D_FORTIFY_SOURCE=2  -c SEXP_utils.c -o SEXP_utils.o
gcc -I"/usr/share/R/include" -DNDEBUG       -fpic  -g -O2 -fdebug-prefix-map=/build/r-base-Kaw86j/r-base-4.4.0=. -fstack-protector-strong -Wformat -Werror=format-security -Wdate-time -D_FORTIFY_SOURCE=2  -c SimpleList_class.c -o SimpleList_class.o
gcc -I"/usr/share/R/include" -DNDEBUG       -fpic  -g -O2 -fdebug-prefix-map=/build/r-base-Kaw86j/r-base-4.4.0=. -fstack-protector-strong -Wformat -Werror=format-security -Wdate-time -D_FORTIFY_SOURCE=2  -c anyMissing.c -o anyMissing.o
gcc -I"/usr/share/R/include" -DNDEBUG       -fpic  -g -O2 -fdebug-prefix-map=/build/r-base-Kaw86j/r-base-4.4.0=. -fstack-protector-strong -Wformat -Werror=format-security -Wdate-time -D_FORTIFY_SOURCE=2  -c character_utils.c -o character_utils.o
gcc -I"/usr/share/R/include" -DNDEBUG       -fpic  -g -O2 -fdebug-prefix-map=/build/r-base-Kaw86j/r-base-4.4.0=. -fstack-protector-strong -Wformat -Werror=format-security -Wdate-time -D_FORTIFY_SOURCE=2  -c eval_utils.c -o eval_utils.o
gcc -I"/usr/share/R/include" -DNDEBUG       -fpic  -g -O2 -fdebug-prefix-map=/build/r-base-Kaw86j/r-base-4.4.0=. -fstack-protector-strong -Wformat -Werror=format-security -Wdate-time -D_FORTIFY_SOURCE=2  -c hash_utils.c -o hash_utils.o
gcc -I"/usr/share/R/include" -DNDEBUG       -fpic  -g -O2 -fdebug-prefix-map=/build/r-base-Kaw86j/r-base-4.4.0=. -fstack-protector-strong -Wformat -Werror=format-security -Wdate-time -D_FORTIFY_SOURCE=2  -c integer_utils.c -o integer_utils.o
gcc -I"/usr/share/R/include" -DNDEBUG       -fpic  -g -O2 -fdebug-prefix-map=/build/r-base-Kaw86j/r-base-4.4.0=. -fstack-protector-strong -Wformat -Werror=format-security -Wdate-time -D_FORTIFY_SOURCE=2  -c logical_utils.c -o logical_utils.o
gcc -I"/usr/share/R/include" -DNDEBUG       -fpic  -g -O2 -fdebug-prefix-map=/build/r-base-Kaw86j/r-base-4.4.0=. -fstack-protector-strong -Wformat -Werror=format-security -Wdate-time -D_FORTIFY_SOURCE=2  -c map_ranges_to_runs.c -o map_ranges_to_runs.o
gcc -I"/usr/share/R/include" -DNDEBUG       -fpic  -g -O2 -fdebug-prefix-map=/build/r-base-Kaw86j/r-base-4.4.0=. -fstack-protector-strong -Wformat -Werror=format-security -Wdate-time -D_FORTIFY_SOURCE=2  -c raw_utils.c -o raw_utils.o
gcc -I"/usr/share/R/include" -DNDEBUG       -fpic  -g -O2 -fdebug-prefix-map=/build/r-base-Kaw86j/r-base-4.4.0=. -fstack-protector-strong -Wformat -Werror=format-security -Wdate-time -D_FORTIFY_SOURCE=2  -c safe_arithm.c -o safe_arithm.o
gcc -I"/usr/share/R/include" -DNDEBUG       -fpic  -g -O2 -fdebug-prefix-map=/build/r-base-Kaw86j/r-base-4.4.0=. -fstack-protector-strong -Wformat -Werror=format-security -Wdate-time -D_FORTIFY_SOURCE=2  -c sort_utils.c -o sort_utils.o
gcc -I"/usr/share/R/include" -DNDEBUG       -fpic  -g -O2 -fdebug-prefix-map=/build/r-base-Kaw86j/r-base-4.4.0=. -fstack-protector-strong -Wformat -Werror=format-security -Wdate-time -D_FORTIFY_SOURCE=2  -c subsetting_utils.c -o subsetting_utils.o
gcc -I"/usr/share/R/include" -DNDEBUG       -fpic  -g -O2 -fdebug-prefix-map=/build/r-base-Kaw86j/r-base-4.4.0=. -fstack-protector-strong -Wformat -Werror=format-security -Wdate-time -D_FORTIFY_SOURCE=2  -c vector_utils.c -o vector_utils.o
gcc -shared -L/usr/lib/R/lib -Wl,-Bsymbolic-functions -Wl,-z,relro -o S4Vectors.so AEbufs.o DataFrame_class.o Hits_class.o LLint_class.o List_class.o R_init_S4Vectors.o Rle_class.o Rle_utils.o SEXP_utils.o SimpleList_class.o anyMissing.o character_utils.o eval_utils.o hash_utils.o integer_utils.o logical_utils.o map_ranges_to_runs.o raw_utils.o safe_arithm.o sort_utils.o subsetting_utils.o vector_utils.o -L/usr/lib/R/lib -lR
installing to /home/gitpod/R/R-4.3.2-library/00LOCK-S4Vectors/00new/S4Vectors/libs
** R
** inst
** byte-compile and prepare package for lazy loading
During startup - Warning messages:
1: Setting LC_CTYPE failed, using "C" 
2: Setting LC_TIME failed, using "C" 
3: Setting LC_MESSAGES failed, using "C" 
4: Setting LC_MONETARY failed, using "C" 
5: Setting LC_PAPER failed, using "C" 
6: Setting LC_MEASUREMENT failed, using "C" 
in method for 'normalizeSingleBracketReplacementValue' with signature '"List"': no definition for class "List"
Creating a new generic function for 'unname' in package 'S4Vectors'
Creating a new generic function for 'expand.grid' in package 'S4Vectors'
Creating a new generic function for 'findMatches' in package 'S4Vectors'
Creating a generic function for 'setequal' from package 'base' in package 'S4Vectors'
in method for 'coerce' with signature '"Hits","DFrame"': no definition for class "DFrame"
Creating a generic function for 'as.factor' from package 'base' in package 'S4Vectors'
Creating a generic function for 'tabulate' from package 'base' in package 'S4Vectors'
Creating a generic function for 'cov' from package 'stats' in package 'S4Vectors'
Creating a generic function for 'cor' from package 'stats' in package 'S4Vectors'
Creating a generic function for 'smoothEnds' from package 'stats' in package 'S4Vectors'
Creating a generic function for 'runmed' from package 'stats' in package 'S4Vectors'
Creating a generic function for 'nchar' from package 'base' in package 'S4Vectors'
Creating a generic function for 'substr' from package 'base' in package 'S4Vectors'
Creating a generic function for 'substring' from package 'base' in package 'S4Vectors'
Creating a generic function for 'chartr' from package 'base' in package 'S4Vectors'
Creating a generic function for 'tolower' from package 'base' in package 'S4Vectors'
Creating a generic function for 'toupper' from package 'base' in package 'S4Vectors'
Creating a generic function for 'sub' from package 'base' in package 'S4Vectors'
Creating a generic function for 'gsub' from package 'base' in package 'S4Vectors'
Creating a generic function for 'nlevels' from package 'base' in package 'S4Vectors'
in method for 'coerce' with signature '"data.table","DFrame"': no definition for class "data.table"
Creating a generic function for 'complete.cases' from package 'stats' in package 'S4Vectors'
** help
*** installing help indices
** building package indices
During startup - Warning messages:
1: Setting LC_CTYPE failed, using "C" 
2: Setting LC_TIME failed, using "C" 
3: Setting LC_MESSAGES failed, using "C" 
4: Setting LC_MONETARY failed, using "C" 
5: Setting LC_PAPER failed, using "C" 
6: Setting LC_MEASUREMENT failed, using "C" 
** installing vignettes
** testing if installed package can be loaded from temporary location
During startup - Warning messages:
1: Setting LC_CTYPE failed, using "C" 
2: Setting LC_TIME failed, using "C" 
3: Setting LC_MESSAGES failed, using "C" 
4: Setting LC_MONETARY failed, using "C" 
5: Setting LC_PAPER failed, using "C" 
6: Setting LC_MEASUREMENT failed, using "C" 
** checking absolute paths in shared objects and dynamic libraries
** testing if installed package can be loaded from final location
During startup - Warning messages:
1: Setting LC_CTYPE failed, using "C" 
2: Setting LC_TIME failed, using "C" 
3: Setting LC_MESSAGES failed, using "C" 
4: Setting LC_MONETARY failed, using "C" 
5: Setting LC_PAPER failed, using "C" 
6: Setting LC_MEASUREMENT failed, using "C" 
** testing if installed package keeps a record of temporary installation path
* DONE (S4Vectors)
During startup - Warning messages:
1: Setting LC_CTYPE failed, using "C" 
2: Setting LC_TIME failed, using "C" 
3: Setting LC_MESSAGES failed, using "C" 
4: Setting LC_MONETARY failed, using "C" 
5: Setting LC_PAPER failed, using "C" 
6: Setting LC_MEASUREMENT failed, using "C" 
* installing *source* package 'UCSC.utils' ...
** using staged installation
** R
** inst
** byte-compile and prepare package for lazy loading
During startup - Warning messages:
1: Setting LC_CTYPE failed, using "C" 
2: Setting LC_TIME failed, using "C" 
3: Setting LC_MESSAGES failed, using "C" 
4: Setting LC_MONETARY failed, using "C" 
5: Setting LC_PAPER failed, using "C" 
6: Setting LC_MEASUREMENT failed, using "C" 
** help
*** installing help indices
** building package indices
During startup - Warning messages:
1: Setting LC_CTYPE failed, using "C" 
2: Setting LC_TIME failed, using "C" 
3: Setting LC_MESSAGES failed, using "C" 
4: Setting LC_MONETARY failed, using "C" 
5: Setting LC_PAPER failed, using "C" 
6: Setting LC_MEASUREMENT failed, using "C" 
** installing vignettes
** testing if installed package can be loaded from temporary location
During startup - Warning messages:
1: Setting LC_CTYPE failed, using "C" 
2: Setting LC_TIME failed, using "C" 
3: Setting LC_MESSAGES failed, using "C" 
4: Setting LC_MONETARY failed, using "C" 
5: Setting LC_PAPER failed, using "C" 
6: Setting LC_MEASUREMENT failed, using "C" 
** testing if installed package can be loaded from final location
During startup - Warning messages:
1: Setting LC_CTYPE failed, using "C" 
2: Setting LC_TIME failed, using "C" 
3: Setting LC_MESSAGES failed, using "C" 
4: Setting LC_MONETARY failed, using "C" 
5: Setting LC_PAPER failed, using "C" 
6: Setting LC_MEASUREMENT failed, using "C" 
** testing if installed package keeps a record of temporary installation path
* DONE (UCSC.utils)
During startup - Warning messages:
1: Setting LC_CTYPE failed, using "C" 
2: Setting LC_TIME failed, using "C" 
3: Setting LC_MESSAGES failed, using "C" 
4: Setting LC_MONETARY failed, using "C" 
5: Setting LC_PAPER failed, using "C" 
6: Setting LC_MEASUREMENT failed, using "C" 
* installing *source* package 'IRanges' ...
** using staged installation
** libs
using C compiler: 'gcc (Ubuntu 9.4.0-1ubuntu1~20.04.2) 9.4.0'
gcc -I"/usr/share/R/include" -DNDEBUG  -I'/home/gitpod/R/R-4.3.2-library/S4Vectors/include'     -fpic  -g -O2 -fdebug-prefix-map=/build/r-base-Kaw86j/r-base-4.4.0=. -fstack-protector-strong -Wformat -Werror=format-security -Wdate-time -D_FORTIFY_SOURCE=2  -c CompressedAtomicList_utils.c -o CompressedAtomicList_utils.o
gcc -I"/usr/share/R/include" -DNDEBUG  -I'/home/gitpod/R/R-4.3.2-library/S4Vectors/include'     -fpic  -g -O2 -fdebug-prefix-map=/build/r-base-Kaw86j/r-base-4.4.0=. -fstack-protector-strong -Wformat -Werror=format-security -Wdate-time -D_FORTIFY_SOURCE=2  -c CompressedIRangesList_class.c -o CompressedIRangesList_class.o
gcc -I"/usr/share/R/include" -DNDEBUG  -I'/home/gitpod/R/R-4.3.2-library/S4Vectors/include'     -fpic  -g -O2 -fdebug-prefix-map=/build/r-base-Kaw86j/r-base-4.4.0=. -fstack-protector-strong -Wformat -Werror=format-security -Wdate-time -D_FORTIFY_SOURCE=2  -c CompressedList_class.c -o CompressedList_class.o
gcc -I"/usr/share/R/include" -DNDEBUG  -I'/home/gitpod/R/R-4.3.2-library/S4Vectors/include'     -fpic  -g -O2 -fdebug-prefix-map=/build/r-base-Kaw86j/r-base-4.4.0=. -fstack-protector-strong -Wformat -Werror=format-security -Wdate-time -D_FORTIFY_SOURCE=2  -c Grouping_class.c -o Grouping_class.o
gcc -I"/usr/share/R/include" -DNDEBUG  -I'/home/gitpod/R/R-4.3.2-library/S4Vectors/include'     -fpic  -g -O2 -fdebug-prefix-map=/build/r-base-Kaw86j/r-base-4.4.0=. -fstack-protector-strong -Wformat -Werror=format-security -Wdate-time -D_FORTIFY_SOURCE=2  -c IPosRanges_comparison.c -o IPosRanges_comparison.o
gcc -I"/usr/share/R/include" -DNDEBUG  -I'/home/gitpod/R/R-4.3.2-library/S4Vectors/include'     -fpic  -g -O2 -fdebug-prefix-map=/build/r-base-Kaw86j/r-base-4.4.0=. -fstack-protector-strong -Wformat -Werror=format-security -Wdate-time -D_FORTIFY_SOURCE=2  -c IRanges_class.c -o IRanges_class.o
gcc -I"/usr/share/R/include" -DNDEBUG  -I'/home/gitpod/R/R-4.3.2-library/S4Vectors/include'     -fpic  -g -O2 -fdebug-prefix-map=/build/r-base-Kaw86j/r-base-4.4.0=. -fstack-protector-strong -Wformat -Werror=format-security -Wdate-time -D_FORTIFY_SOURCE=2  -c IRanges_constructor.c -o IRanges_constructor.o
gcc -I"/usr/share/R/include" -DNDEBUG  -I'/home/gitpod/R/R-4.3.2-library/S4Vectors/include'     -fpic  -g -O2 -fdebug-prefix-map=/build/r-base-Kaw86j/r-base-4.4.0=. -fstack-protector-strong -Wformat -Werror=format-security -Wdate-time -D_FORTIFY_SOURCE=2  -c NCList.c -o NCList.o
gcc -I"/usr/share/R/include" -DNDEBUG  -I'/home/gitpod/R/R-4.3.2-library/S4Vectors/include'     -fpic  -g -O2 -fdebug-prefix-map=/build/r-base-Kaw86j/r-base-4.4.0=. -fstack-protector-strong -Wformat -Werror=format-security -Wdate-time -D_FORTIFY_SOURCE=2  -c R_init_IRanges.c -o R_init_IRanges.o
gcc -I"/usr/share/R/include" -DNDEBUG  -I'/home/gitpod/R/R-4.3.2-library/S4Vectors/include'     -fpic  -g -O2 -fdebug-prefix-map=/build/r-base-Kaw86j/r-base-4.4.0=. -fstack-protector-strong -Wformat -Werror=format-security -Wdate-time -D_FORTIFY_SOURCE=2  -c Ranges_class.c -o Ranges_class.o
gcc -I"/usr/share/R/include" -DNDEBUG  -I'/home/gitpod/R/R-4.3.2-library/S4Vectors/include'     -fpic  -g -O2 -fdebug-prefix-map=/build/r-base-Kaw86j/r-base-4.4.0=. -fstack-protector-strong -Wformat -Werror=format-security -Wdate-time -D_FORTIFY_SOURCE=2  -c RleViews_utils.c -o RleViews_utils.o
gcc -I"/usr/share/R/include" -DNDEBUG  -I'/home/gitpod/R/R-4.3.2-library/S4Vectors/include'     -fpic  -g -O2 -fdebug-prefix-map=/build/r-base-Kaw86j/r-base-4.4.0=. -fstack-protector-strong -Wformat -Werror=format-security -Wdate-time -D_FORTIFY_SOURCE=2  -c S4Vectors_stubs.c -o S4Vectors_stubs.o
gcc -I"/usr/share/R/include" -DNDEBUG  -I'/home/gitpod/R/R-4.3.2-library/S4Vectors/include'     -fpic  -g -O2 -fdebug-prefix-map=/build/r-base-Kaw86j/r-base-4.4.0=. -fstack-protector-strong -Wformat -Werror=format-security -Wdate-time -D_FORTIFY_SOURCE=2  -c SimpleIRangesList_class.c -o SimpleIRangesList_class.o
gcc -I"/usr/share/R/include" -DNDEBUG  -I'/home/gitpod/R/R-4.3.2-library/S4Vectors/include'     -fpic  -g -O2 -fdebug-prefix-map=/build/r-base-Kaw86j/r-base-4.4.0=. -fstack-protector-strong -Wformat -Werror=format-security -Wdate-time -D_FORTIFY_SOURCE=2  -c coverage_methods.c -o coverage_methods.o
gcc -I"/usr/share/R/include" -DNDEBUG  -I'/home/gitpod/R/R-4.3.2-library/S4Vectors/include'     -fpic  -g -O2 -fdebug-prefix-map=/build/r-base-Kaw86j/r-base-4.4.0=. -fstack-protector-strong -Wformat -Werror=format-security -Wdate-time -D_FORTIFY_SOURCE=2  -c extractListFragments.c -o extractListFragments.o
gcc -I"/usr/share/R/include" -DNDEBUG  -I'/home/gitpod/R/R-4.3.2-library/S4Vectors/include'     -fpic  -g -O2 -fdebug-prefix-map=/build/r-base-Kaw86j/r-base-4.4.0=. -fstack-protector-strong -Wformat -Werror=format-security -Wdate-time -D_FORTIFY_SOURCE=2  -c inter_range_methods.c -o inter_range_methods.o
gcc -shared -L/usr/lib/R/lib -Wl,-Bsymbolic-functions -Wl,-z,relro -o IRanges.so CompressedAtomicList_utils.o CompressedIRangesList_class.o CompressedList_class.o Grouping_class.o IPosRanges_comparison.o IRanges_class.o IRanges_constructor.o NCList.o R_init_IRanges.o Ranges_class.o RleViews_utils.o S4Vectors_stubs.o SimpleIRangesList_class.o coverage_methods.o extractListFragments.o inter_range_methods.o -L/usr/lib/R/lib -lR
installing to /home/gitpod/R/R-4.3.2-library/00LOCK-IRanges/00new/IRanges/libs
** R
** inst
** byte-compile and prepare package for lazy loading
During startup - Warning messages:
1: Setting LC_CTYPE failed, using "C" 
2: Setting LC_TIME failed, using "C" 
3: Setting LC_MESSAGES failed, using "C" 
4: Setting LC_MONETARY failed, using "C" 
5: Setting LC_PAPER failed, using "C" 
6: Setting LC_MEASUREMENT failed, using "C" 
Creating a generic function for 'drop' from package 'base' in package 'IRanges'
Creating a generic function for 'runmed' from package 'stats' in package 'IRanges'
Creating a generic function for 'chartr' from package 'base' in package 'IRanges'
Creating a generic function for 'toupper' from package 'base' in package 'IRanges'
Creating a generic function for 'tolower' from package 'base' in package 'IRanges'
Creating a generic function for 'sub' from package 'base' in package 'IRanges'
Creating a generic function for 'gsub' from package 'base' in package 'IRanges'
Creating a generic function for 'startsWith' from package 'base' in package 'IRanges'
Creating a generic function for 'endsWith' from package 'base' in package 'IRanges'
Creating a generic function for 'smoothEnds' from package 'stats' in package 'IRanges'
** help
*** installing help indices
** building package indices
During startup - Warning messages:
1: Setting LC_CTYPE failed, using "C" 
2: Setting LC_TIME failed, using "C" 
3: Setting LC_MESSAGES failed, using "C" 
4: Setting LC_MONETARY failed, using "C" 
5: Setting LC_PAPER failed, using "C" 
6: Setting LC_MEASUREMENT failed, using "C" 
** installing vignettes
** testing if installed package can be loaded from temporary location
During startup - Warning messages:
1: Setting LC_CTYPE failed, using "C" 
2: Setting LC_TIME failed, using "C" 
3: Setting LC_MESSAGES failed, using "C" 
4: Setting LC_MONETARY failed, using "C" 
5: Setting LC_PAPER failed, using "C" 
6: Setting LC_MEASUREMENT failed, using "C" 
** checking absolute paths in shared objects and dynamic libraries
** testing if installed package can be loaded from final location
During startup - Warning messages:
1: Setting LC_CTYPE failed, using "C" 
2: Setting LC_TIME failed, using "C" 
3: Setting LC_MESSAGES failed, using "C" 
4: Setting LC_MONETARY failed, using "C" 
5: Setting LC_PAPER failed, using "C" 
6: Setting LC_MEASUREMENT failed, using "C" 
** testing if installed package keeps a record of temporary installation path
* DONE (IRanges)
During startup - Warning messages:
1: Setting LC_CTYPE failed, using "C" 
2: Setting LC_TIME failed, using "C" 
3: Setting LC_MESSAGES failed, using "C" 
4: Setting LC_MONETARY failed, using "C" 
5: Setting LC_PAPER failed, using "C" 
6: Setting LC_MEASUREMENT failed, using "C" 
* installing *source* package 'GenomeInfoDb' ...
** using staged installation
** R
** inst
** byte-compile and prepare package for lazy loading
During startup - Warning messages:
1: Setting LC_CTYPE failed, using "C" 
2: Setting LC_TIME failed, using "C" 
3: Setting LC_MESSAGES failed, using "C" 
4: Setting LC_MONETARY failed, using "C" 
5: Setting LC_PAPER failed, using "C" 
6: Setting LC_MEASUREMENT failed, using "C" 
** help
*** installing help indices
** building package indices
During startup - Warning messages:
1: Setting LC_CTYPE failed, using "C" 
2: Setting LC_TIME failed, using "C" 
3: Setting LC_MESSAGES failed, using "C" 
4: Setting LC_MONETARY failed, using "C" 
5: Setting LC_PAPER failed, using "C" 
6: Setting LC_MEASUREMENT failed, using "C" 
** installing vignettes
** testing if installed package can be loaded from temporary location
During startup - Warning messages:
1: Setting LC_CTYPE failed, using "C" 
2: Setting LC_TIME failed, using "C" 
3: Setting LC_MESSAGES failed, using "C" 
4: Setting LC_MONETARY failed, using "C" 
5: Setting LC_PAPER failed, using "C" 
6: Setting LC_MEASUREMENT failed, using "C" 
** testing if installed package can be loaded from final location
During startup - Warning messages:
1: Setting LC_CTYPE failed, using "C" 
2: Setting LC_TIME failed, using "C" 
3: Setting LC_MESSAGES failed, using "C" 
4: Setting LC_MONETARY failed, using "C" 
5: Setting LC_PAPER failed, using "C" 
6: Setting LC_MEASUREMENT failed, using "C" 
** testing if installed package keeps a record of temporary installation path
* DONE (GenomeInfoDb)
During startup - Warning messages:
1: Setting LC_CTYPE failed, using "C" 
2: Setting LC_TIME failed, using "C" 
3: Setting LC_MESSAGES failed, using "C" 
4: Setting LC_MONETARY failed, using "C" 
5: Setting LC_PAPER failed, using "C" 
6: Setting LC_MEASUREMENT failed, using "C" 
* installing *source* package 'S4Arrays' ...
** using staged installation
** libs
using C compiler: 'gcc (Ubuntu 9.4.0-1ubuntu1~20.04.2) 9.4.0'
gcc -I"/usr/share/R/include" -DNDEBUG  -I'/home/gitpod/R/R-4.3.2-library/S4Vectors/include'     -fpic  -g -O2 -fdebug-prefix-map=/build/r-base-Kaw86j/r-base-4.4.0=. -fstack-protector-strong -Wformat -Werror=format-security -Wdate-time -D_FORTIFY_SOURCE=2  -c R_init_S4Arrays.c -o R_init_S4Arrays.o
gcc -I"/usr/share/R/include" -DNDEBUG  -I'/home/gitpod/R/R-4.3.2-library/S4Vectors/include'     -fpic  -g -O2 -fdebug-prefix-map=/build/r-base-Kaw86j/r-base-4.4.0=. -fstack-protector-strong -Wformat -Werror=format-security -Wdate-time -D_FORTIFY_SOURCE=2  -c S4Vectors_stubs.c -o S4Vectors_stubs.o
gcc -I"/usr/share/R/include" -DNDEBUG  -I'/home/gitpod/R/R-4.3.2-library/S4Vectors/include'     -fpic  -g -O2 -fdebug-prefix-map=/build/r-base-Kaw86j/r-base-4.4.0=. -fstack-protector-strong -Wformat -Werror=format-security -Wdate-time -D_FORTIFY_SOURCE=2  -c abind.c -o abind.o
gcc -I"/usr/share/R/include" -DNDEBUG  -I'/home/gitpod/R/R-4.3.2-library/S4Vectors/include'     -fpic  -g -O2 -fdebug-prefix-map=/build/r-base-Kaw86j/r-base-4.4.0=. -fstack-protector-strong -Wformat -Werror=format-security -Wdate-time -D_FORTIFY_SOURCE=2  -c array_selection.c -o array_selection.o
gcc -I"/usr/share/R/include" -DNDEBUG  -I'/home/gitpod/R/R-4.3.2-library/S4Vectors/include'     -fpic  -g -O2 -fdebug-prefix-map=/build/r-base-Kaw86j/r-base-4.4.0=. -fstack-protector-strong -Wformat -Werror=format-security -Wdate-time -D_FORTIFY_SOURCE=2  -c dim_tuning_utils.c -o dim_tuning_utils.o
gcc -shared -L/usr/lib/R/lib -Wl,-Bsymbolic-functions -Wl,-z,relro -o S4Arrays.so R_init_S4Arrays.o S4Vectors_stubs.o abind.o array_selection.o dim_tuning_utils.o -L/usr/lib/R/lib -lR
installing to /home/gitpod/R/R-4.3.2-library/00LOCK-S4Arrays/00new/S4Arrays/libs
** R
** inst
** byte-compile and prepare package for lazy loading
During startup - Warning messages:
1: Setting LC_CTYPE failed, using "C" 
2: Setting LC_TIME failed, using "C" 
3: Setting LC_MESSAGES failed, using "C" 
4: Setting LC_MONETARY failed, using "C" 
5: Setting LC_PAPER failed, using "C" 
6: Setting LC_MEASUREMENT failed, using "C" 
Creating a new generic function for 'rowsum' in package 'S4Arrays'
Creating a new generic function for 'abind' in package 'S4Arrays'
** help
*** installing help indices
** building package indices
During startup - Warning messages:
1: Setting LC_CTYPE failed, using "C" 
2: Setting LC_TIME failed, using "C" 
3: Setting LC_MESSAGES failed, using "C" 
4: Setting LC_MONETARY failed, using "C" 
5: Setting LC_PAPER failed, using "C" 
6: Setting LC_MEASUREMENT failed, using "C" 
** installing vignettes
** testing if installed package can be loaded from temporary location
During startup - Warning messages:
1: Setting LC_CTYPE failed, using "C" 
2: Setting LC_TIME failed, using "C" 
3: Setting LC_MESSAGES failed, using "C" 
4: Setting LC_MONETARY failed, using "C" 
5: Setting LC_PAPER failed, using "C" 
6: Setting LC_MEASUREMENT failed, using "C" 
** checking absolute paths in shared objects and dynamic libraries
** testing if installed package can be loaded from final location
During startup - Warning messages:
1: Setting LC_CTYPE failed, using "C" 
2: Setting LC_TIME failed, using "C" 
3: Setting LC_MESSAGES failed, using "C" 
4: Setting LC_MONETARY failed, using "C" 
5: Setting LC_PAPER failed, using "C" 
6: Setting LC_MEASUREMENT failed, using "C" 
** testing if installed package keeps a record of temporary installation path
* DONE (S4Arrays)
During startup - Warning messages:
1: Setting LC_CTYPE failed, using "C" 
2: Setting LC_TIME failed, using "C" 
3: Setting LC_MESSAGES failed, using "C" 
4: Setting LC_MONETARY failed, using "C" 
5: Setting LC_PAPER failed, using "C" 
6: Setting LC_MEASUREMENT failed, using "C" 
* installing *source* package 'XVector' ...
** using staged installation
** libs
using C compiler: 'gcc (Ubuntu 9.4.0-1ubuntu1~20.04.2) 9.4.0'
gcc -I"/usr/share/R/include" -DNDEBUG  -I'/home/gitpod/R/R-4.3.2-library/S4Vectors/include' -I'/home/gitpod/R/R-4.3.2-library/IRanges/include'     -fpic  -g -O2 -fdebug-prefix-map=/build/r-base-Kaw86j/r-base-4.4.0=. -fstack-protector-strong -Wformat -Werror=format-security -Wdate-time -D_FORTIFY_SOURCE=2  -c IRanges_stubs.c -o IRanges_stubs.o
gcc -I"/usr/share/R/include" -DNDEBUG  -I'/home/gitpod/R/R-4.3.2-library/S4Vectors/include' -I'/home/gitpod/R/R-4.3.2-library/IRanges/include'     -fpic  -g -O2 -fdebug-prefix-map=/build/r-base-Kaw86j/r-base-4.4.0=. -fstack-protector-strong -Wformat -Werror=format-security -Wdate-time -D_FORTIFY_SOURCE=2  -c Ocopy_byteblocks.c -o Ocopy_byteblocks.o
gcc -I"/usr/share/R/include" -DNDEBUG  -I'/home/gitpod/R/R-4.3.2-library/S4Vectors/include' -I'/home/gitpod/R/R-4.3.2-library/IRanges/include'     -fpic  -g -O2 -fdebug-prefix-map=/build/r-base-Kaw86j/r-base-4.4.0=. -fstack-protector-strong -Wformat -Werror=format-security -Wdate-time -D_FORTIFY_SOURCE=2  -c RDS_random_access.c -o RDS_random_access.o
gcc -I"/usr/share/R/include" -DNDEBUG  -I'/home/gitpod/R/R-4.3.2-library/S4Vectors/include' -I'/home/gitpod/R/R-4.3.2-library/IRanges/include'     -fpic  -g -O2 -fdebug-prefix-map=/build/r-base-Kaw86j/r-base-4.4.0=. -fstack-protector-strong -Wformat -Werror=format-security -Wdate-time -D_FORTIFY_SOURCE=2  -c R_init_XVector.c -o R_init_XVector.o
gcc -I"/usr/share/R/include" -DNDEBUG  -I'/home/gitpod/R/R-4.3.2-library/S4Vectors/include' -I'/home/gitpod/R/R-4.3.2-library/IRanges/include'     -fpic  -g -O2 -fdebug-prefix-map=/build/r-base-Kaw86j/r-base-4.4.0=. -fstack-protector-strong -Wformat -Werror=format-security -Wdate-time -D_FORTIFY_SOURCE=2  -c S4Vectors_stubs.c -o S4Vectors_stubs.o
gcc -I"/usr/share/R/include" -DNDEBUG  -I'/home/gitpod/R/R-4.3.2-library/S4Vectors/include' -I'/home/gitpod/R/R-4.3.2-library/IRanges/include'     -fpic  -g -O2 -fdebug-prefix-map=/build/r-base-Kaw86j/r-base-4.4.0=. -fstack-protector-strong -Wformat -Werror=format-security -Wdate-time -D_FORTIFY_SOURCE=2  -c SharedDouble_class.c -o SharedDouble_class.o
gcc -I"/usr/share/R/include" -DNDEBUG  -I'/home/gitpod/R/R-4.3.2-library/S4Vectors/include' -I'/home/gitpod/R/R-4.3.2-library/IRanges/include'     -fpic  -g -O2 -fdebug-prefix-map=/build/r-base-Kaw86j/r-base-4.4.0=. -fstack-protector-strong -Wformat -Werror=format-security -Wdate-time -D_FORTIFY_SOURCE=2  -c SharedInteger_class.c -o SharedInteger_class.o
gcc -I"/usr/share/R/include" -DNDEBUG  -I'/home/gitpod/R/R-4.3.2-library/S4Vectors/include' -I'/home/gitpod/R/R-4.3.2-library/IRanges/include'     -fpic  -g -O2 -fdebug-prefix-map=/build/r-base-Kaw86j/r-base-4.4.0=. -fstack-protector-strong -Wformat -Werror=format-security -Wdate-time -D_FORTIFY_SOURCE=2  -c SharedRaw_class.c -o SharedRaw_class.o
gcc -I"/usr/share/R/include" -DNDEBUG  -I'/home/gitpod/R/R-4.3.2-library/S4Vectors/include' -I'/home/gitpod/R/R-4.3.2-library/IRanges/include'     -fpic  -g -O2 -fdebug-prefix-map=/build/r-base-Kaw86j/r-base-4.4.0=. -fstack-protector-strong -Wformat -Werror=format-security -Wdate-time -D_FORTIFY_SOURCE=2  -c SharedVector_class.c -o SharedVector_class.o
gcc -I"/usr/share/R/include" -DNDEBUG  -I'/home/gitpod/R/R-4.3.2-library/S4Vectors/include' -I'/home/gitpod/R/R-4.3.2-library/IRanges/include'     -fpic  -g -O2 -fdebug-prefix-map=/build/r-base-Kaw86j/r-base-4.4.0=. -fstack-protector-strong -Wformat -Werror=format-security -Wdate-time -D_FORTIFY_SOURCE=2  -c XDouble_class.c -o XDouble_class.o
gcc -I"/usr/share/R/include" -DNDEBUG  -I'/home/gitpod/R/R-4.3.2-library/S4Vectors/include' -I'/home/gitpod/R/R-4.3.2-library/IRanges/include'     -fpic  -g -O2 -fdebug-prefix-map=/build/r-base-Kaw86j/r-base-4.4.0=. -fstack-protector-strong -Wformat -Werror=format-security -Wdate-time -D_FORTIFY_SOURCE=2  -c XInteger_class.c -o XInteger_class.o
gcc -I"/usr/share/R/include" -DNDEBUG  -I'/home/gitpod/R/R-4.3.2-library/S4Vectors/include' -I'/home/gitpod/R/R-4.3.2-library/IRanges/include'     -fpic  -g -O2 -fdebug-prefix-map=/build/r-base-Kaw86j/r-base-4.4.0=. -fstack-protector-strong -Wformat -Werror=format-security -Wdate-time -D_FORTIFY_SOURCE=2  -c XRawList_comparison.c -o XRawList_comparison.o
gcc -I"/usr/share/R/include" -DNDEBUG  -I'/home/gitpod/R/R-4.3.2-library/S4Vectors/include' -I'/home/gitpod/R/R-4.3.2-library/IRanges/include'     -fpic  -g -O2 -fdebug-prefix-map=/build/r-base-Kaw86j/r-base-4.4.0=. -fstack-protector-strong -Wformat -Werror=format-security -Wdate-time -D_FORTIFY_SOURCE=2  -c XRaw_class.c -o XRaw_class.o
gcc -I"/usr/share/R/include" -DNDEBUG  -I'/home/gitpod/R/R-4.3.2-library/S4Vectors/include' -I'/home/gitpod/R/R-4.3.2-library/IRanges/include'     -fpic  -g -O2 -fdebug-prefix-map=/build/r-base-Kaw86j/r-base-4.4.0=. -fstack-protector-strong -Wformat -Werror=format-security -Wdate-time -D_FORTIFY_SOURCE=2  -c XVectorList_class.c -o XVectorList_class.o
gcc -I"/usr/share/R/include" -DNDEBUG  -I'/home/gitpod/R/R-4.3.2-library/S4Vectors/include' -I'/home/gitpod/R/R-4.3.2-library/IRanges/include'     -fpic  -g -O2 -fdebug-prefix-map=/build/r-base-Kaw86j/r-base-4.4.0=. -fstack-protector-strong -Wformat -Werror=format-security -Wdate-time -D_FORTIFY_SOURCE=2  -c XVector_class.c -o XVector_class.o
gcc -I"/usr/share/R/include" -DNDEBUG  -I'/home/gitpod/R/R-4.3.2-library/S4Vectors/include' -I'/home/gitpod/R/R-4.3.2-library/IRanges/include'     -fpic  -g -O2 -fdebug-prefix-map=/build/r-base-Kaw86j/r-base-4.4.0=. -fstack-protector-strong -Wformat -Werror=format-security -Wdate-time -D_FORTIFY_SOURCE=2  -c io_utils.c -o io_utils.o
gcc -I"/usr/share/R/include" -DNDEBUG  -I'/home/gitpod/R/R-4.3.2-library/S4Vectors/include' -I'/home/gitpod/R/R-4.3.2-library/IRanges/include'     -fpic  -g -O2 -fdebug-prefix-map=/build/r-base-Kaw86j/r-base-4.4.0=. -fstack-protector-strong -Wformat -Werror=format-security -Wdate-time -D_FORTIFY_SOURCE=2  -c slice_methods.c -o slice_methods.o
gcc -I"/usr/share/R/include" -DNDEBUG  -I'/home/gitpod/R/R-4.3.2-library/S4Vectors/include' -I'/home/gitpod/R/R-4.3.2-library/IRanges/include'     -fpic  -g -O2 -fdebug-prefix-map=/build/r-base-Kaw86j/r-base-4.4.0=. -fstack-protector-strong -Wformat -Werror=format-security -Wdate-time -D_FORTIFY_SOURCE=2  -c vector_copy.c -o vector_copy.o
gcc -I"/usr/share/R/include" -DNDEBUG  -I'/home/gitpod/R/R-4.3.2-library/S4Vectors/include' -I'/home/gitpod/R/R-4.3.2-library/IRanges/include'     -fpic  -g -O2 -fdebug-prefix-map=/build/r-base-Kaw86j/r-base-4.4.0=. -fstack-protector-strong -Wformat -Werror=format-security -Wdate-time -D_FORTIFY_SOURCE=2  -c view_summarization_methods.c -o view_summarization_methods.o
gcc -shared -L/usr/lib/R/lib -Wl,-Bsymbolic-functions -Wl,-z,relro -o XVector.so IRanges_stubs.o Ocopy_byteblocks.o RDS_random_access.o R_init_XVector.o S4Vectors_stubs.o SharedDouble_class.o SharedInteger_class.o SharedRaw_class.o SharedVector_class.o XDouble_class.o XInteger_class.o XRawList_comparison.o XRaw_class.o XVectorList_class.o XVector_class.o io_utils.o slice_methods.o vector_copy.o view_summarization_methods.o -lz -L/usr/lib/R/lib -lR
installing to /home/gitpod/R/R-4.3.2-library/00LOCK-XVector/00new/XVector/libs
** R
** inst
** byte-compile and prepare package for lazy loading
During startup - Warning messages:
1: Setting LC_CTYPE failed, using "C" 
2: Setting LC_TIME failed, using "C" 
3: Setting LC_MESSAGES failed, using "C" 
4: Setting LC_MONETARY failed, using "C" 
5: Setting LC_PAPER failed, using "C" 
6: Setting LC_MEASUREMENT failed, using "C" 
** help
*** installing help indices
** building package indices
During startup - Warning messages:
1: Setting LC_CTYPE failed, using "C" 
2: Setting LC_TIME failed, using "C" 
3: Setting LC_MESSAGES failed, using "C" 
4: Setting LC_MONETARY failed, using "C" 
5: Setting LC_PAPER failed, using "C" 
6: Setting LC_MEASUREMENT failed, using "C" 
** testing if installed package can be loaded from temporary location
During startup - Warning messages:
1: Setting LC_CTYPE failed, using "C" 
2: Setting LC_TIME failed, using "C" 
3: Setting LC_MESSAGES failed, using "C" 
4: Setting LC_MONETARY failed, using "C" 
5: Setting LC_PAPER failed, using "C" 
6: Setting LC_MEASUREMENT failed, using "C" 
** checking absolute paths in shared objects and dynamic libraries
** testing if installed package can be loaded from final location
During startup - Warning messages:
1: Setting LC_CTYPE failed, using "C" 
2: Setting LC_TIME failed, using "C" 
3: Setting LC_MESSAGES failed, using "C" 
4: Setting LC_MONETARY failed, using "C" 
5: Setting LC_PAPER failed, using "C" 
6: Setting LC_MEASUREMENT failed, using "C" 
** testing if installed package keeps a record of temporary installation path
* DONE (XVector)
During startup - Warning messages:
1: Setting LC_CTYPE failed, using "C" 
2: Setting LC_TIME failed, using "C" 
3: Setting LC_MESSAGES failed, using "C" 
4: Setting LC_MONETARY failed, using "C" 
5: Setting LC_PAPER failed, using "C" 
6: Setting LC_MEASUREMENT failed, using "C" 
* installing *source* package 'SparseArray' ...
** using staged installation
** libs
using C compiler: 'gcc (Ubuntu 9.4.0-1ubuntu1~20.04.2) 9.4.0'
gcc -I"/usr/share/R/include" -DNDEBUG  -I'/home/gitpod/R/R-4.3.2-library/S4Vectors/include' -I'/home/gitpod/R/R-4.3.2-library/IRanges/include' -I'/home/gitpod/R/R-4.3.2-library/XVector/include'    -fopenmp -fpic  -g -O2 -fdebug-prefix-map=/build/r-base-Kaw86j/r-base-4.4.0=. -fstack-protector-strong -Wformat -Werror=format-security -Wdate-time -D_FORTIFY_SOURCE=2  -c ExtendableJaggedArray.c -o ExtendableJaggedArray.o
gcc -I"/usr/share/R/include" -DNDEBUG  -I'/home/gitpod/R/R-4.3.2-library/S4Vectors/include' -I'/home/gitpod/R/R-4.3.2-library/IRanges/include' -I'/home/gitpod/R/R-4.3.2-library/XVector/include'    -fopenmp -fpic  -g -O2 -fdebug-prefix-map=/build/r-base-Kaw86j/r-base-4.4.0=. -fstack-protector-strong -Wformat -Werror=format-security -Wdate-time -D_FORTIFY_SOURCE=2  -c IRanges_stubs.c -o IRanges_stubs.o
gcc -I"/usr/share/R/include" -DNDEBUG  -I'/home/gitpod/R/R-4.3.2-library/S4Vectors/include' -I'/home/gitpod/R/R-4.3.2-library/IRanges/include' -I'/home/gitpod/R/R-4.3.2-library/XVector/include'    -fopenmp -fpic  -g -O2 -fdebug-prefix-map=/build/r-base-Kaw86j/r-base-4.4.0=. -fstack-protector-strong -Wformat -Werror=format-security -Wdate-time -D_FORTIFY_SOURCE=2  -c R_init_SparseArray.c -o R_init_SparseArray.o
gcc -I"/usr/share/R/include" -DNDEBUG  -I'/home/gitpod/R/R-4.3.2-library/S4Vectors/include' -I'/home/gitpod/R/R-4.3.2-library/IRanges/include' -I'/home/gitpod/R/R-4.3.2-library/XVector/include'    -fopenmp -fpic  -g -O2 -fdebug-prefix-map=/build/r-base-Kaw86j/r-base-4.4.0=. -fstack-protector-strong -Wformat -Werror=format-security -Wdate-time -D_FORTIFY_SOURCE=2  -c Rvector_summarization.c -o Rvector_summarization.o
gcc -I"/usr/share/R/include" -DNDEBUG  -I'/home/gitpod/R/R-4.3.2-library/S4Vectors/include' -I'/home/gitpod/R/R-4.3.2-library/IRanges/include' -I'/home/gitpod/R/R-4.3.2-library/XVector/include'    -fopenmp -fpic  -g -O2 -fdebug-prefix-map=/build/r-base-Kaw86j/r-base-4.4.0=. -fstack-protector-strong -Wformat -Werror=format-security -Wdate-time -D_FORTIFY_SOURCE=2  -c Rvector_utils.c -o Rvector_utils.o
gcc -I"/usr/share/R/include" -DNDEBUG  -I'/home/gitpod/R/R-4.3.2-library/S4Vectors/include' -I'/home/gitpod/R/R-4.3.2-library/IRanges/include' -I'/home/gitpod/R/R-4.3.2-library/XVector/include'    -fopenmp -fpic  -g -O2 -fdebug-prefix-map=/build/r-base-Kaw86j/r-base-4.4.0=. -fstack-protector-strong -Wformat -Werror=format-security -Wdate-time -D_FORTIFY_SOURCE=2  -c S4Vectors_stubs.c -o S4Vectors_stubs.o
gcc -I"/usr/share/R/include" -DNDEBUG  -I'/home/gitpod/R/R-4.3.2-library/S4Vectors/include' -I'/home/gitpod/R/R-4.3.2-library/IRanges/include' -I'/home/gitpod/R/R-4.3.2-library/XVector/include'    -fopenmp -fpic  -g -O2 -fdebug-prefix-map=/build/r-base-Kaw86j/r-base-4.4.0=. -fstack-protector-strong -Wformat -Werror=format-security -Wdate-time -D_FORTIFY_SOURCE=2  -c SBT_utils.c -o SBT_utils.o
gcc -I"/usr/share/R/include" -DNDEBUG  -I'/home/gitpod/R/R-4.3.2-library/S4Vectors/include' -I'/home/gitpod/R/R-4.3.2-library/IRanges/include' -I'/home/gitpod/R/R-4.3.2-library/XVector/include'    -fopenmp -fpic  -g -O2 -fdebug-prefix-map=/build/r-base-Kaw86j/r-base-4.4.0=. -fstack-protector-strong -Wformat -Werror=format-security -Wdate-time -D_FORTIFY_SOURCE=2  -c SVT_SparseArray_class.c -o SVT_SparseArray_class.o
gcc -I"/usr/share/R/include" -DNDEBUG  -I'/home/gitpod/R/R-4.3.2-library/S4Vectors/include' -I'/home/gitpod/R/R-4.3.2-library/IRanges/include' -I'/home/gitpod/R/R-4.3.2-library/XVector/include'    -fopenmp -fpic  -g -O2 -fdebug-prefix-map=/build/r-base-Kaw86j/r-base-4.4.0=. -fstack-protector-strong -Wformat -Werror=format-security -Wdate-time -D_FORTIFY_SOURCE=2  -c SparseArray_Complex_methods.c -o SparseArray_Complex_methods.o
gcc -I"/usr/share/R/include" -DNDEBUG  -I'/home/gitpod/R/R-4.3.2-library/S4Vectors/include' -I'/home/gitpod/R/R-4.3.2-library/IRanges/include' -I'/home/gitpod/R/R-4.3.2-library/XVector/include'    -fopenmp -fpic  -g -O2 -fdebug-prefix-map=/build/r-base-Kaw86j/r-base-4.4.0=. -fstack-protector-strong -Wformat -Werror=format-security -Wdate-time -D_FORTIFY_SOURCE=2  -c SparseArray_Math_methods.c -o SparseArray_Math_methods.o
gcc -I"/usr/share/R/include" -DNDEBUG  -I'/home/gitpod/R/R-4.3.2-library/S4Vectors/include' -I'/home/gitpod/R/R-4.3.2-library/IRanges/include' -I'/home/gitpod/R/R-4.3.2-library/XVector/include'    -fopenmp -fpic  -g -O2 -fdebug-prefix-map=/build/r-base-Kaw86j/r-base-4.4.0=. -fstack-protector-strong -Wformat -Werror=format-security -Wdate-time -D_FORTIFY_SOURCE=2  -c SparseArray_Ops_methods.c -o SparseArray_Ops_methods.o
gcc -I"/usr/share/R/include" -DNDEBUG  -I'/home/gitpod/R/R-4.3.2-library/S4Vectors/include' -I'/home/gitpod/R/R-4.3.2-library/IRanges/include' -I'/home/gitpod/R/R-4.3.2-library/XVector/include'    -fopenmp -fpic  -g -O2 -fdebug-prefix-map=/build/r-base-Kaw86j/r-base-4.4.0=. -fstack-protector-strong -Wformat -Werror=format-security -Wdate-time -D_FORTIFY_SOURCE=2  -c SparseArray_abind.c -o SparseArray_abind.o
gcc -I"/usr/share/R/include" -DNDEBUG  -I'/home/gitpod/R/R-4.3.2-library/S4Vectors/include' -I'/home/gitpod/R/R-4.3.2-library/IRanges/include' -I'/home/gitpod/R/R-4.3.2-library/XVector/include'    -fopenmp -fpic  -g -O2 -fdebug-prefix-map=/build/r-base-Kaw86j/r-base-4.4.0=. -fstack-protector-strong -Wformat -Werror=format-security -Wdate-time -D_FORTIFY_SOURCE=2  -c SparseArray_aperm.c -o SparseArray_aperm.o
gcc -I"/usr/share/R/include" -DNDEBUG  -I'/home/gitpod/R/R-4.3.2-library/S4Vectors/include' -I'/home/gitpod/R/R-4.3.2-library/IRanges/include' -I'/home/gitpod/R/R-4.3.2-library/XVector/include'    -fopenmp -fpic  -g -O2 -fdebug-prefix-map=/build/r-base-Kaw86j/r-base-4.4.0=. -fstack-protector-strong -Wformat -Werror=format-security -Wdate-time -D_FORTIFY_SOURCE=2  -c SparseArray_class.c -o SparseArray_class.o
gcc -I"/usr/share/R/include" -DNDEBUG  -I'/home/gitpod/R/R-4.3.2-library/S4Vectors/include' -I'/home/gitpod/R/R-4.3.2-library/IRanges/include' -I'/home/gitpod/R/R-4.3.2-library/XVector/include'    -fopenmp -fpic  -g -O2 -fdebug-prefix-map=/build/r-base-Kaw86j/r-base-4.4.0=. -fstack-protector-strong -Wformat -Werror=format-security -Wdate-time -D_FORTIFY_SOURCE=2  -c SparseArray_dim_tuning.c -o SparseArray_dim_tuning.o
gcc -I"/usr/share/R/include" -DNDEBUG  -I'/home/gitpod/R/R-4.3.2-library/S4Vectors/include' -I'/home/gitpod/R/R-4.3.2-library/IRanges/include' -I'/home/gitpod/R/R-4.3.2-library/XVector/include'    -fopenmp -fpic  -g -O2 -fdebug-prefix-map=/build/r-base-Kaw86j/r-base-4.4.0=. -fstack-protector-strong -Wformat -Werror=format-security -Wdate-time -D_FORTIFY_SOURCE=2  -c SparseArray_subassignment.c -o SparseArray_subassignment.o
gcc -I"/usr/share/R/include" -DNDEBUG  -I'/home/gitpod/R/R-4.3.2-library/S4Vectors/include' -I'/home/gitpod/R/R-4.3.2-library/IRanges/include' -I'/home/gitpod/R/R-4.3.2-library/XVector/include'    -fopenmp -fpic  -g -O2 -fdebug-prefix-map=/build/r-base-Kaw86j/r-base-4.4.0=. -fstack-protector-strong -Wformat -Werror=format-security -Wdate-time -D_FORTIFY_SOURCE=2  -c SparseArray_subsetting.c -o SparseArray_subsetting.o
gcc -I"/usr/share/R/include" -DNDEBUG  -I'/home/gitpod/R/R-4.3.2-library/S4Vectors/include' -I'/home/gitpod/R/R-4.3.2-library/IRanges/include' -I'/home/gitpod/R/R-4.3.2-library/XVector/include'    -fopenmp -fpic  -g -O2 -fdebug-prefix-map=/build/r-base-Kaw86j/r-base-4.4.0=. -fstack-protector-strong -Wformat -Werror=format-security -Wdate-time -D_FORTIFY_SOURCE=2  -c SparseArray_summarization.c -o SparseArray_summarization.o
gcc -I"/usr/share/R/include" -DNDEBUG  -I'/home/gitpod/R/R-4.3.2-library/S4Vectors/include' -I'/home/gitpod/R/R-4.3.2-library/IRanges/include' -I'/home/gitpod/R/R-4.3.2-library/XVector/include'    -fopenmp -fpic  -g -O2 -fdebug-prefix-map=/build/r-base-Kaw86j/r-base-4.4.0=. -fstack-protector-strong -Wformat -Werror=format-security -Wdate-time -D_FORTIFY_SOURCE=2  -c SparseMatrix_mult.c -o SparseMatrix_mult.o
gcc -I"/usr/share/R/include" -DNDEBUG  -I'/home/gitpod/R/R-4.3.2-library/S4Vectors/include' -I'/home/gitpod/R/R-4.3.2-library/IRanges/include' -I'/home/gitpod/R/R-4.3.2-library/XVector/include'    -fopenmp -fpic  -g -O2 -fdebug-prefix-map=/build/r-base-Kaw86j/r-base-4.4.0=. -fstack-protector-strong -Wformat -Werror=format-security -Wdate-time -D_FORTIFY_SOURCE=2  -c SparseVec_Arith.c -o SparseVec_Arith.o
gcc -I"/usr/share/R/include" -DNDEBUG  -I'/home/gitpod/R/R-4.3.2-library/S4Vectors/include' -I'/home/gitpod/R/R-4.3.2-library/IRanges/include' -I'/home/gitpod/R/R-4.3.2-library/XVector/include'    -fopenmp -fpic  -g -O2 -fdebug-prefix-map=/build/r-base-Kaw86j/r-base-4.4.0=. -fstack-protector-strong -Wformat -Werror=format-security -Wdate-time -D_FORTIFY_SOURCE=2  -c SparseVec_Compare.c -o SparseVec_Compare.o
gcc -I"/usr/share/R/include" -DNDEBUG  -I'/home/gitpod/R/R-4.3.2-library/S4Vectors/include' -I'/home/gitpod/R/R-4.3.2-library/IRanges/include' -I'/home/gitpod/R/R-4.3.2-library/XVector/include'    -fopenmp -fpic  -g -O2 -fdebug-prefix-map=/build/r-base-Kaw86j/r-base-4.4.0=. -fstack-protector-strong -Wformat -Werror=format-security -Wdate-time -D_FORTIFY_SOURCE=2  -c SparseVec_Logic.c -o SparseVec_Logic.o
gcc -I"/usr/share/R/include" -DNDEBUG  -I'/home/gitpod/R/R-4.3.2-library/S4Vectors/include' -I'/home/gitpod/R/R-4.3.2-library/IRanges/include' -I'/home/gitpod/R/R-4.3.2-library/XVector/include'    -fopenmp -fpic  -g -O2 -fdebug-prefix-map=/build/r-base-Kaw86j/r-base-4.4.0=. -fstack-protector-strong -Wformat -Werror=format-security -Wdate-time -D_FORTIFY_SOURCE=2  -c SparseVec_Math.c -o SparseVec_Math.o
gcc -I"/usr/share/R/include" -DNDEBUG  -I'/home/gitpod/R/R-4.3.2-library/S4Vectors/include' -I'/home/gitpod/R/R-4.3.2-library/IRanges/include' -I'/home/gitpod/R/R-4.3.2-library/XVector/include'    -fopenmp -fpic  -g -O2 -fdebug-prefix-map=/build/r-base-Kaw86j/r-base-4.4.0=. -fstack-protector-strong -Wformat -Werror=format-security -Wdate-time -D_FORTIFY_SOURCE=2  -c SparseVec_dotprod.c -o SparseVec_dotprod.o
gcc -I"/usr/share/R/include" -DNDEBUG  -I'/home/gitpod/R/R-4.3.2-library/S4Vectors/include' -I'/home/gitpod/R/R-4.3.2-library/IRanges/include' -I'/home/gitpod/R/R-4.3.2-library/XVector/include'    -fopenmp -fpic  -g -O2 -fdebug-prefix-map=/build/r-base-Kaw86j/r-base-4.4.0=. -fstack-protector-strong -Wformat -Werror=format-security -Wdate-time -D_FORTIFY_SOURCE=2  -c XVector_stubs.c -o XVector_stubs.o
gcc -I"/usr/share/R/include" -DNDEBUG  -I'/home/gitpod/R/R-4.3.2-library/S4Vectors/include' -I'/home/gitpod/R/R-4.3.2-library/IRanges/include' -I'/home/gitpod/R/R-4.3.2-library/XVector/include'    -fopenmp -fpic  -g -O2 -fdebug-prefix-map=/build/r-base-Kaw86j/r-base-4.4.0=. -fstack-protector-strong -Wformat -Werror=format-security -Wdate-time -D_FORTIFY_SOURCE=2  -c coerceVector2.c -o coerceVector2.o
