During startup - Warning messages:
1: Setting LC_CTYPE failed, using "C" 
2: Setting LC_COLLATE failed, using "C" 
3: Setting LC_TIME failed, using "C" 
4: Setting LC_MESSAGES failed, using "C" 
5: Setting LC_MONETARY failed, using "C" 
6: Setting LC_PAPER failed, using "C" 
7: Setting LC_MEASUREMENT failed, using "C" 
trying URL 'https://cloud.r-project.org/src/contrib/BiocManager_1.30.23.tar.gz'
Content type 'application/x-gzip' length 589753 bytes (575 KB)
==================================================
downloaded 575 KB

During startup - Warning messages:
1: Setting LC_CTYPE failed, using "C" 
2: Setting LC_TIME failed, using "C" 
3: Setting LC_MESSAGES failed, using "C" 
4: Setting LC_MONETARY failed, using "C" 
5: Setting LC_PAPER failed, using "C" 
6: Setting LC_MEASUREMENT failed, using "C" 
* installing *source* package 'BiocManager' ...
** package 'BiocManager' successfully unpacked and MD5 sums checked
** using staged installation
** R
** inst
** byte-compile and prepare package for lazy loading
** help
*** installing help indices
** building package indices
** installing vignettes
** testing if installed package can be loaded from temporary location
** testing if installed package can be loaded from final location
** testing if installed package keeps a record of temporary installation path
* DONE (BiocManager)

The downloaded source packages are in
	'/tmp/RtmpyAiAO7/downloaded_packages'

Attaching package: 'dplyr'

The following object is masked from 'package:kableExtra':

    group_rows

The following objects are masked from 'package:data.table':

    between, first, last

The following objects are masked from 'package:stats':

    filter, lag

The following objects are masked from 'package:base':

    intersect, setdiff, setequal, union

'getOption("repos")' replaces Bioconductor standard repositories, see
'help("repositories", package = "BiocManager")' for details.
Replacement repositories:
    CRAN: https://cloud.r-project.org
Bioconductor version 3.19 (BiocManager 1.30.23), R 4.4.0 (2024-04-24)
Installing package(s) 'BiocVersion', 'MultiAssayExperiment'
also installing the dependencies 'matrixStats', 'UCSC.utils', 'GenomeInfoDbData', 'abind', 'zlibbioc', 'MatrixGenerics', 'GenomeInfoDb', 'S4Arrays', 'SparseArray', 'XVector', 'SummarizedExperiment', 'Biobase', 'BiocBaseUtils', 'BiocGenerics', 'DelayedArray', 'GenomicRanges', 'IRanges', 'S4Vectors'

trying URL 'https://cloud.r-project.org/src/contrib/matrixStats_1.3.0.tar.gz'
Content type 'application/x-gzip' length 213441 bytes (208 KB)
==================================================
downloaded 208 KB

trying URL 'https://bioconductor.org/packages/3.19/bioc/src/contrib/UCSC.utils_1.0.0.tar.gz'
Content type 'application/x-gzip' length 236116 bytes (230 KB)
==================================================
downloaded 230 KB

trying URL 'https://bioconductor.org/packages/3.19/data/annotation/src/contrib/GenomeInfoDbData_1.2.12.tar.gz'
Content type 'application/x-gzip' length 12558310 bytes (12.0 MB)
==================================================
downloaded 12.0 MB

trying URL 'https://cloud.r-project.org/src/contrib/abind_1.4-5.tar.gz'
Content type 'application/x-gzip' length 21810 bytes (21 KB)
==================================================
downloaded 21 KB

trying URL 'https://bioconductor.org/packages/3.19/bioc/src/contrib/zlibbioc_1.50.0.tar.gz'
Content type 'application/x-gzip' length 381734 bytes (372 KB)
==================================================
downloaded 372 KB

trying URL 'https://bioconductor.org/packages/3.19/bioc/src/contrib/MatrixGenerics_1.16.0.tar.gz'
Content type 'application/x-gzip' length 31669 bytes (30 KB)
==================================================
downloaded 30 KB

trying URL 'https://bioconductor.org/packages/3.19/bioc/src/contrib/GenomeInfoDb_1.40.0.tar.gz'
Content type 'application/x-gzip' length 3581539 bytes (3.4 MB)
==================================================
downloaded 3.4 MB

trying URL 'https://bioconductor.org/packages/3.19/bioc/src/contrib/S4Arrays_1.4.0.tar.gz'
Content type 'application/x-gzip' length 280654 bytes (274 KB)
==================================================
downloaded 274 KB

trying URL 'https://bioconductor.org/packages/3.19/bioc/src/contrib/SparseArray_1.4.3.tar.gz'
Content type 'application/x-gzip' length 376028 bytes (367 KB)
==================================================
downloaded 367 KB

trying URL 'https://bioconductor.org/packages/3.19/bioc/src/contrib/XVector_0.44.0.tar.gz'
Content type 'application/x-gzip' length 67826 bytes (66 KB)
==================================================
downloaded 66 KB

trying URL 'https://bioconductor.org/packages/3.19/bioc/src/contrib/SummarizedExperiment_1.34.0.tar.gz'
Content type 'application/x-gzip' length 688177 bytes (672 KB)
==================================================
downloaded 672 KB

trying URL 'https://bioconductor.org/packages/3.19/bioc/src/contrib/Biobase_2.64.0.tar.gz'
Content type 'application/x-gzip' length 1792985 bytes (1.7 MB)
==================================================
downloaded 1.7 MB

trying URL 'https://bioconductor.org/packages/3.19/bioc/src/contrib/BiocBaseUtils_1.6.0.tar.gz'
Content type 'application/x-gzip' length 228328 bytes (222 KB)
==================================================
downloaded 222 KB

trying URL 'https://bioconductor.org/packages/3.19/bioc/src/contrib/BiocGenerics_0.50.0.tar.gz'
Content type 'application/x-gzip' length 49747 bytes (48 KB)
==================================================
downloaded 48 KB

trying URL 'https://bioconductor.org/packages/3.19/bioc/src/contrib/DelayedArray_0.30.1.tar.gz'
Content type 'application/x-gzip' length 634929 bytes (620 KB)
==================================================
downloaded 620 KB

trying URL 'https://bioconductor.org/packages/3.19/bioc/src/contrib/GenomicRanges_1.56.0.tar.gz'
Content type 'application/x-gzip' length 1140266 bytes (1.1 MB)
==================================================
downloaded 1.1 MB

trying URL 'https://bioconductor.org/packages/3.19/bioc/src/contrib/IRanges_2.38.0.tar.gz'
Content type 'application/x-gzip' length 482585 bytes (471 KB)
==================================================
downloaded 471 KB

trying URL 'https://bioconductor.org/packages/3.19/bioc/src/contrib/S4Vectors_0.42.0.tar.gz'
Content type 'application/x-gzip' length 880659 bytes (860 KB)
==================================================
downloaded 860 KB

trying URL 'https://bioconductor.org/packages/3.19/bioc/src/contrib/BiocVersion_3.19.1.tar.gz'
Content type 'application/x-gzip' length 987 bytes
==================================================
downloaded 987 bytes

trying URL 'https://bioconductor.org/packages/3.19/bioc/src/contrib/MultiAssayExperiment_1.30.1.tar.gz'
Content type 'application/x-gzip' length 1181656 bytes (1.1 MB)
==================================================
downloaded 1.1 MB

During startup - Warning messages:
1: Setting LC_CTYPE failed, using "C" 
2: Setting LC_TIME failed, using "C" 
3: Setting LC_MESSAGES failed, using "C" 
4: Setting LC_MONETARY failed, using "C" 
5: Setting LC_PAPER failed, using "C" 
6: Setting LC_MEASUREMENT failed, using "C" 
* installing *source* package 'matrixStats' ...
** package 'matrixStats' successfully unpacked and MD5 sums checked
** using staged installation
** libs
using C compiler: 'gcc (Ubuntu 9.4.0-1ubuntu1~20.04.2) 9.4.0'
installing to /home/gitpod/R/R-4.3.2-library/00LOCK-matrixStats/00new/matrixStats/libs
** R
** inst
** byte-compile and prepare package for lazy loading
** help
*** installing help indices
** building package indices
** installing vignettes
** testing if installed package can be loaded from temporary location
** checking absolute paths in shared objects and dynamic libraries
** testing if installed package can be loaded from final location
** testing if installed package keeps a record of temporary installation path
* DONE (matrixStats)
During startup - Warning messages:
1: Setting LC_CTYPE failed, using "C" 
2: Setting LC_TIME failed, using "C" 
3: Setting LC_MESSAGES failed, using "C" 
4: Setting LC_MONETARY failed, using "C" 
5: Setting LC_PAPER failed, using "C" 
6: Setting LC_MEASUREMENT failed, using "C" 
* installing *source* package 'GenomeInfoDbData' ...
** using staged installation
** data
** inst
** help
*** installing help indices
** building package indices
** testing if installed package can be loaded from temporary location
** testing if installed package can be loaded from final location
** testing if installed package keeps a record of temporary installation path
* DONE (GenomeInfoDbData)
During startup - Warning messages:
1: Setting LC_CTYPE failed, using "C" 
2: Setting LC_TIME failed, using "C" 
3: Setting LC_MESSAGES failed, using "C" 
4: Setting LC_MONETARY failed, using "C" 
5: Setting LC_PAPER failed, using "C" 
6: Setting LC_MEASUREMENT failed, using "C" 
* installing *source* package 'abind' ...
** package 'abind' successfully unpacked and MD5 sums checked
** using staged installation
** R
** inst
** byte-compile and prepare package for lazy loading
** help
*** installing help indices
** building package indices
** testing if installed package can be loaded from temporary location
** testing if installed package can be loaded from final location
** testing if installed package keeps a record of temporary installation path
* DONE (abind)
During startup - Warning messages:
1: Setting LC_CTYPE failed, using "C" 
2: Setting LC_TIME failed, using "C" 
3: Setting LC_MESSAGES failed, using "C" 
4: Setting LC_MONETARY failed, using "C" 
5: Setting LC_PAPER failed, using "C" 
6: Setting LC_MEASUREMENT failed, using "C" 
* installing *source* package 'zlibbioc' ...
** using staged installation
** libs
using C compiler: 'gcc (Ubuntu 9.4.0-1ubuntu1~20.04.2) 9.4.0'
installing to /home/gitpod/R/R-4.3.2-library/00LOCK-zlibbioc/00new/zlibbioc/libs
** R
** inst
** byte-compile and prepare package for lazy loading
** help
*** installing help indices
** building package indices
** installing vignettes
** testing if installed package can be loaded from temporary location
** checking absolute paths in shared objects and dynamic libraries
** testing if installed package can be loaded from final location
** testing if installed package keeps a record of temporary installation path
* DONE (zlibbioc)
During startup - Warning messages:
1: Setting LC_CTYPE failed, using "C" 
2: Setting LC_TIME failed, using "C" 
3: Setting LC_MESSAGES failed, using "C" 
4: Setting LC_MONETARY failed, using "C" 
5: Setting LC_PAPER failed, using "C" 
6: Setting LC_MEASUREMENT failed, using "C" 
* installing *source* package 'BiocBaseUtils' ...
** using staged installation
** R
** inst
** byte-compile and prepare package for lazy loading
** help
*** installing help indices
** building package indices
** installing vignettes
** testing if installed package can be loaded from temporary location
** testing if installed package can be loaded from final location
** testing if installed package keeps a record of temporary installation path
* DONE (BiocBaseUtils)
During startup - Warning messages:
1: Setting LC_CTYPE failed, using "C" 
2: Setting LC_TIME failed, using "C" 
3: Setting LC_MESSAGES failed, using "C" 
4: Setting LC_MONETARY failed, using "C" 
5: Setting LC_PAPER failed, using "C" 
6: Setting LC_MEASUREMENT failed, using "C" 
* installing *source* package 'BiocGenerics' ...
** using staged installation
** R
** inst
** byte-compile and prepare package for lazy loading
** help
*** installing help indices
** building package indices
** testing if installed package can be loaded from temporary location
** testing if installed package can be loaded from final location
** testing if installed package keeps a record of temporary installation path
* DONE (BiocGenerics)
During startup - Warning messages:
1: Setting LC_CTYPE failed, using "C" 
2: Setting LC_TIME failed, using "C" 
3: Setting LC_MESSAGES failed, using "C" 
4: Setting LC_MONETARY failed, using "C" 
5: Setting LC_PAPER failed, using "C" 
6: Setting LC_MEASUREMENT failed, using "C" 
* installing *source* package 'BiocVersion' ...
** using staged installation
** help
*** installing help indices
** building package indices
** testing if installed package can be loaded from temporary location
** testing if installed package can be loaded from final location
** testing if installed package keeps a record of temporary installation path
* DONE (BiocVersion)
During startup - Warning messages:
1: Setting LC_CTYPE failed, using "C" 
2: Setting LC_TIME failed, using "C" 
3: Setting LC_MESSAGES failed, using "C" 
4: Setting LC_MONETARY failed, using "C" 
5: Setting LC_PAPER failed, using "C" 
6: Setting LC_MEASUREMENT failed, using "C" 
* installing *source* package 'MatrixGenerics' ...
** using staged installation
** R
** inst
** byte-compile and prepare package for lazy loading
** help
*** installing help indices
** building package indices
** testing if installed package can be loaded from temporary location
** testing if installed package can be loaded from final location
** testing if installed package keeps a record of temporary installation path
* DONE (MatrixGenerics)
During startup - Warning messages:
1: Setting LC_CTYPE failed, using "C" 
2: Setting LC_TIME failed, using "C" 
3: Setting LC_MESSAGES failed, using "C" 
4: Setting LC_MONETARY failed, using "C" 
5: Setting LC_PAPER failed, using "C" 
6: Setting LC_MEASUREMENT failed, using "C" 
* installing *source* package 'Biobase' ...
** using staged installation
** libs
using C compiler: 'gcc (Ubuntu 9.4.0-1ubuntu1~20.04.2) 9.4.0'
installing to /home/gitpod/R/R-4.3.2-library/00LOCK-Biobase/00new/Biobase/libs
** R
** data
** inst
** byte-compile and prepare package for lazy loading
** help
*** installing help indices
** building package indices
** installing vignettes
** testing if installed package can be loaded from temporary location
** checking absolute paths in shared objects and dynamic libraries
** testing if installed package can be loaded from final location
** testing if installed package keeps a record of temporary installation path
* DONE (Biobase)
During startup - Warning messages:
1: Setting LC_CTYPE failed, using "C" 
2: Setting LC_TIME failed, using "C" 
3: Setting LC_MESSAGES failed, using "C" 
4: Setting LC_MONETARY failed, using "C" 
5: Setting LC_PAPER failed, using "C" 
6: Setting LC_MEASUREMENT failed, using "C" 
* installing *source* package 'S4Vectors' ...
** using staged installation
** libs
using C compiler: 'gcc (Ubuntu 9.4.0-1ubuntu1~20.04.2) 9.4.0'
installing to /home/gitpod/R/R-4.3.2-library/00LOCK-S4Vectors/00new/S4Vectors/libs
** R
** inst
** byte-compile and prepare package for lazy loading
** help
*** installing help indices
** building package indices
** installing vignettes
** testing if installed package can be loaded from temporary location
** checking absolute paths in shared objects and dynamic libraries
** testing if installed package can be loaded from final location
** testing if installed package keeps a record of temporary installation path
* DONE (S4Vectors)
During startup - Warning messages:
1: Setting LC_CTYPE failed, using "C" 
2: Setting LC_TIME failed, using "C" 
3: Setting LC_MESSAGES failed, using "C" 
4: Setting LC_MONETARY failed, using "C" 
5: Setting LC_PAPER failed, using "C" 
6: Setting LC_MEASUREMENT failed, using "C" 
* installing *source* package 'UCSC.utils' ...
** using staged installation
** R
** inst
** byte-compile and prepare package for lazy loading
** help
*** installing help indices
** building package indices
** installing vignettes
** testing if installed package can be loaded from temporary location
** testing if installed package can be loaded from final location
** testing if installed package keeps a record of temporary installation path
* DONE (UCSC.utils)
During startup - Warning messages:
1: Setting LC_CTYPE failed, using "C" 
2: Setting LC_TIME failed, using "C" 
3: Setting LC_MESSAGES failed, using "C" 
4: Setting LC_MONETARY failed, using "C" 
5: Setting LC_PAPER failed, using "C" 
6: Setting LC_MEASUREMENT failed, using "C" 
* installing *source* package 'IRanges' ...
** using staged installation
** libs
using C compiler: 'gcc (Ubuntu 9.4.0-1ubuntu1~20.04.2) 9.4.0'
installing to /home/gitpod/R/R-4.3.2-library/00LOCK-IRanges/00new/IRanges/libs
** R
** inst
** byte-compile and prepare package for lazy loading
** help
*** installing help indices
** building package indices
** installing vignettes
** testing if installed package can be loaded from temporary location
** checking absolute paths in shared objects and dynamic libraries
** testing if installed package can be loaded from final location
** testing if installed package keeps a record of temporary installation path
* DONE (IRanges)
During startup - Warning messages:
1: Setting LC_CTYPE failed, using "C" 
2: Setting LC_TIME failed, using "C" 
3: Setting LC_MESSAGES failed, using "C" 
4: Setting LC_MONETARY failed, using "C" 
5: Setting LC_PAPER failed, using "C" 
6: Setting LC_MEASUREMENT failed, using "C" 
* installing *source* package 'GenomeInfoDb' ...
** using staged installation
** R
** inst
** byte-compile and prepare package for lazy loading
** help
*** installing help indices
** building package indices
** installing vignettes
** testing if installed package can be loaded from temporary location
** testing if installed package can be loaded from final location
** testing if installed package keeps a record of temporary installation path
* DONE (GenomeInfoDb)
During startup - Warning messages:
1: Setting LC_CTYPE failed, using "C" 
2: Setting LC_TIME failed, using "C" 
3: Setting LC_MESSAGES failed, using "C" 
4: Setting LC_MONETARY failed, using "C" 
5: Setting LC_PAPER failed, using "C" 
6: Setting LC_MEASUREMENT failed, using "C" 
* installing *source* package 'S4Arrays' ...
** using staged installation
** libs
using C compiler: 'gcc (Ubuntu 9.4.0-1ubuntu1~20.04.2) 9.4.0'
installing to /home/gitpod/R/R-4.3.2-library/00LOCK-S4Arrays/00new/S4Arrays/libs
** R
** inst
** byte-compile and prepare package for lazy loading
** help
*** installing help indices
** building package indices
** installing vignettes
** testing if installed package can be loaded from temporary location
** checking absolute paths in shared objects and dynamic libraries
** testing if installed package can be loaded from final location
** testing if installed package keeps a record of temporary installation path
* DONE (S4Arrays)
During startup - Warning messages:
1: Setting LC_CTYPE failed, using "C" 
2: Setting LC_TIME failed, using "C" 
3: Setting LC_MESSAGES failed, using "C" 
4: Setting LC_MONETARY failed, using "C" 
5: Setting LC_PAPER failed, using "C" 
6: Setting LC_MEASUREMENT failed, using "C" 
* installing *source* package 'XVector' ...
** using staged installation
** libs
using C compiler: 'gcc (Ubuntu 9.4.0-1ubuntu1~20.04.2) 9.4.0'
installing to /home/gitpod/R/R-4.3.2-library/00LOCK-XVector/00new/XVector/libs
** R
** inst
** byte-compile and prepare package for lazy loading
** help
*** installing help indices
** building package indices
** testing if installed package can be loaded from temporary location
** checking absolute paths in shared objects and dynamic libraries
** testing if installed package can be loaded from final location
** testing if installed package keeps a record of temporary installation path
* DONE (XVector)
During startup - Warning messages:
1: Setting LC_CTYPE failed, using "C" 
2: Setting LC_TIME failed, using "C" 
3: Setting LC_MESSAGES failed, using "C" 
4: Setting LC_MONETARY failed, using "C" 
5: Setting LC_PAPER failed, using "C" 
6: Setting LC_MEASUREMENT failed, using "C" 
* installing *source* package 'SparseArray' ...
** using staged installation
** libs
using C compiler: 'gcc (Ubuntu 9.4.0-1ubuntu1~20.04.2) 9.4.0'
