$data.table
NULL

$kableExtra
NULL

$dplyr
NULL

gcc -I"/usr/share/R/include" -DNDEBUG  -I'/home/gitpod/R/R-4.3.2-library/S4Vectors/include' -I'/home/gitpod/R/R-4.3.2-library/IRanges/include'     -fpic  -g -O2 -fdebug-prefix-map=/build/r-base-Kaw86j/r-base-4.4.0=. -fstack-protector-strong -Wformat -Werror=format-security -Wdate-time -D_FORTIFY_SOURCE=2  -c IRanges_stubs.c -o IRanges_stubs.o
gcc -I"/usr/share/R/include" -DNDEBUG  -I'/home/gitpod/R/R-4.3.2-library/S4Vectors/include' -I'/home/gitpod/R/R-4.3.2-library/IRanges/include'     -fpic  -g -O2 -fdebug-prefix-map=/build/r-base-Kaw86j/r-base-4.4.0=. -fstack-protector-strong -Wformat -Werror=format-security -Wdate-time -D_FORTIFY_SOURCE=2  -c R_init_GenomicRanges.c -o R_init_GenomicRanges.o
gcc -I"/usr/share/R/include" -DNDEBUG  -I'/home/gitpod/R/R-4.3.2-library/S4Vectors/include' -I'/home/gitpod/R/R-4.3.2-library/IRanges/include'     -fpic  -g -O2 -fdebug-prefix-map=/build/r-base-Kaw86j/r-base-4.4.0=. -fstack-protector-strong -Wformat -Werror=format-security -Wdate-time -D_FORTIFY_SOURCE=2  -c S4Vectors_stubs.c -o S4Vectors_stubs.o
gcc -I"/usr/share/R/include" -DNDEBUG  -I'/home/gitpod/R/R-4.3.2-library/S4Vectors/include' -I'/home/gitpod/R/R-4.3.2-library/IRanges/include'     -fpic  -g -O2 -fdebug-prefix-map=/build/r-base-Kaw86j/r-base-4.4.0=. -fstack-protector-strong -Wformat -Werror=format-security -Wdate-time -D_FORTIFY_SOURCE=2  -c transcript_utils.c -o transcript_utils.o
gcc -shared -L/usr/lib/R/lib -Wl,-Bsymbolic-functions -Wl,-z,relro -o GenomicRanges.so IRanges_stubs.o R_init_GenomicRanges.o S4Vectors_stubs.o transcript_utils.o -L/usr/lib/R/lib -lR
During startup - Warning messages:
1: Setting LC_CTYPE failed, using "C" 
2: Setting LC_TIME failed, using "C" 
3: Setting LC_MESSAGES failed, using "C" 
4: Setting LC_MONETARY failed, using "C" 
5: Setting LC_PAPER failed, using "C" 
6: Setting LC_MEASUREMENT failed, using "C" 
During startup - Warning messages:
1: Setting LC_CTYPE failed, using "C" 
2: Setting LC_TIME failed, using "C" 
3: Setting LC_MESSAGES failed, using "C" 
4: Setting LC_MONETARY failed, using "C" 
5: Setting LC_PAPER failed, using "C" 
6: Setting LC_MEASUREMENT failed, using "C" 
During startup - Warning messages:
1: Setting LC_CTYPE failed, using "C" 
2: Setting LC_TIME failed, using "C" 
3: Setting LC_MESSAGES failed, using "C" 
4: Setting LC_MONETARY failed, using "C" 
5: Setting LC_PAPER failed, using "C" 
6: Setting LC_MEASUREMENT failed, using "C" 
During startup - Warning messages:
1: Setting LC_CTYPE failed, using "C" 
2: Setting LC_TIME failed, using "C" 
3: Setting LC_MESSAGES failed, using "C" 
4: Setting LC_MONETARY failed, using "C" 
5: Setting LC_PAPER failed, using "C" 
6: Setting LC_MEASUREMENT failed, using "C" 
