Installing packages into '/usr/local/lib/R/site-library'
(as 'lib' is unspecified)
trying URL 'http://cran.r-project.org/src/contrib/dplyr_1.1.4.tar.gz'
Content type 'application/x-gzip' length 1207521 bytes (1.2 MB)
==================================================
downloaded 1.2 MB

* installing *source* package 'dplyr' ...
** package 'dplyr' successfully unpacked and MD5 sums checked
** using staged installation
** libs
using C++ compiler: 'g++ (Ubuntu 9.4.0-1ubuntu1~20.04.2) 9.4.0'
installing to /usr/local/lib/R/site-library/00LOCK-dplyr/00new/dplyr/libs
** R
** data
*** moving datasets to lazyload DB
** inst
** byte-compile and prepare package for lazy loading
** help
*** installing help indices
*** copying figures
** building package indices
** installing vignettes
** testing if installed package can be loaded from temporary location
** checking absolute paths in shared objects and dynamic libraries
** testing if installed package can be loaded from final location
** testing if installed package keeps a record of temporary installation path
* DONE (dplyr)

The downloaded source packages are in
	'/tmp/RtmpUSrvII/downloaded_packages'
Warning message:
package 'SummarizedExperiment' is not available for this version of R

A version of this package for your version of R might be available elsewhere,
see the ideas at
https://cran.r-project.org/doc/manuals/r-patched/R-admin.html#Installing-packages 
/workspace/PredictIOR_Nextflow/work/2b/af0b2e06559f597c1452cc85b4a226/.command.sh: line 3: syntax error near unexpected token `SummarizedExperiment'
