Installing packages into '/usr/local/lib/R/site-library'
(as 'lib' is unspecified)
trying URL 'http://cran.r-project.org/src/contrib/dplyr_1.1.4.tar.gz'
Content type 'application/x-gzip' length 1207521 bytes (1.2 MB)
==================================================
downloaded 1.2 MB

* installing *source* package 'dplyr' ...
** package 'dplyr' successfully unpacked and MD5 sums checked
** using staged installation
** libs
using C++ compiler: 'g++ (Ubuntu 9.4.0-1ubuntu1~20.04.2) 9.4.0'
g++ -std=gnu++17 -I"/usr/share/R/include" -DNDEBUG       -fpic  -g -O2 -fdebug-prefix-map=/build/r-base-Kaw86j/r-base-4.4.0=. -fstack-protector-strong -Wformat -Werror=format-security -Wdate-time -D_FORTIFY_SOURCE=2   -c chop.cpp -o chop.o
g++ -std=gnu++17 -I"/usr/share/R/include" -DNDEBUG       -fpic  -g -O2 -fdebug-prefix-map=/build/r-base-Kaw86j/r-base-4.4.0=. -fstack-protector-strong -Wformat -Werror=format-security -Wdate-time -D_FORTIFY_SOURCE=2   -c filter.cpp -o filter.o
g++ -std=gnu++17 -I"/usr/share/R/include" -DNDEBUG       -fpic  -g -O2 -fdebug-prefix-map=/build/r-base-Kaw86j/r-base-4.4.0=. -fstack-protector-strong -Wformat -Werror=format-security -Wdate-time -D_FORTIFY_SOURCE=2   -c funs.cpp -o funs.o
g++ -std=gnu++17 -I"/usr/share/R/include" -DNDEBUG       -fpic  -g -O2 -fdebug-prefix-map=/build/r-base-Kaw86j/r-base-4.4.0=. -fstack-protector-strong -Wformat -Werror=format-security -Wdate-time -D_FORTIFY_SOURCE=2   -c group_by.cpp -o group_by.o
g++ -std=gnu++17 -I"/usr/share/R/include" -DNDEBUG       -fpic  -g -O2 -fdebug-prefix-map=/build/r-base-Kaw86j/r-base-4.4.0=. -fstack-protector-strong -Wformat -Werror=format-security -Wdate-time -D_FORTIFY_SOURCE=2   -c group_data.cpp -o group_data.o
g++ -std=gnu++17 -I"/usr/share/R/include" -DNDEBUG       -fpic  -g -O2 -fdebug-prefix-map=/build/r-base-Kaw86j/r-base-4.4.0=. -fstack-protector-strong -Wformat -Werror=format-security -Wdate-time -D_FORTIFY_SOURCE=2   -c imports.cpp -o imports.o
g++ -std=gnu++17 -I"/usr/share/R/include" -DNDEBUG       -fpic  -g -O2 -fdebug-prefix-map=/build/r-base-Kaw86j/r-base-4.4.0=. -fstack-protector-strong -Wformat -Werror=format-security -Wdate-time -D_FORTIFY_SOURCE=2   -c init.cpp -o init.o
g++ -std=gnu++17 -I"/usr/share/R/include" -DNDEBUG       -fpic  -g -O2 -fdebug-prefix-map=/build/r-base-Kaw86j/r-base-4.4.0=. -fstack-protector-strong -Wformat -Werror=format-security -Wdate-time -D_FORTIFY_SOURCE=2   -c mask.cpp -o mask.o
g++ -std=gnu++17 -I"/usr/share/R/include" -DNDEBUG       -fpic  -g -O2 -fdebug-prefix-map=/build/r-base-Kaw86j/r-base-4.4.0=. -fstack-protector-strong -Wformat -Werror=format-security -Wdate-time -D_FORTIFY_SOURCE=2   -c mutate.cpp -o mutate.o
g++ -std=gnu++17 -I"/usr/share/R/include" -DNDEBUG       -fpic  -g -O2 -fdebug-prefix-map=/build/r-base-Kaw86j/r-base-4.4.0=. -fstack-protector-strong -Wformat -Werror=format-security -Wdate-time -D_FORTIFY_SOURCE=2   -c reconstruct.cpp -o reconstruct.o
g++ -std=gnu++17 -I"/usr/share/R/include" -DNDEBUG       -fpic  -g -O2 -fdebug-prefix-map=/build/r-base-Kaw86j/r-base-4.4.0=. -fstack-protector-strong -Wformat -Werror=format-security -Wdate-time -D_FORTIFY_SOURCE=2   -c slice.cpp -o slice.o
g++ -std=gnu++17 -I"/usr/share/R/include" -DNDEBUG       -fpic  -g -O2 -fdebug-prefix-map=/build/r-base-Kaw86j/r-base-4.4.0=. -fstack-protector-strong -Wformat -Werror=format-security -Wdate-time -D_FORTIFY_SOURCE=2   -c summarise.cpp -o summarise.o
g++ -std=gnu++17 -shared -L/usr/lib/R/lib -Wl,-Bsymbolic-functions -Wl,-z,relro -o dplyr.so chop.o filter.o funs.o group_by.o group_data.o imports.o init.o mask.o mutate.o reconstruct.o slice.o summarise.o -L/usr/lib/R/lib -lR
installing to /usr/local/lib/R/site-library/00LOCK-dplyr/00new/dplyr/libs
** R
** data
*** moving datasets to lazyload DB
** inst
** byte-compile and prepare package for lazy loading
** help
*** installing help indices
*** copying figures
** building package indices
** installing vignettes
** testing if installed package can be loaded from temporary location
** checking absolute paths in shared objects and dynamic libraries
** testing if installed package can be loaded from final location
** testing if installed package keeps a record of temporary installation path
* DONE (dplyr)

The downloaded source packages are in
	'/tmp/RtmpUSrvII/downloaded_packages'
Warning message:
package 'SummarizedExperiment' is not available for this version of R

A version of this package for your version of R might be available elsewhere,
see the ideas at
https://cran.r-project.org/doc/manuals/r-patched/R-admin.html#Installing-packages 
/workspace/PredictIOR_Nextflow/work/2b/af0b2e06559f597c1452cc85b4a226/.command.sh: line 3: syntax error near unexpected token `SummarizedExperiment'
