This file contains any messages produced by compilers while
running configure, to aid debugging if configure makes a mistake.

It was created by R configure 4.1.0, which was
generated by GNU Autoconf 2.69.  Invocation command line was

  $ ./configure --prefix=/home/gitpod/R

## --------- ##
## Platform. ##
## --------- ##

hostname = sogolsahebi-predictiorn-g4zh5pzzmjd
uname -m = x86_64
uname -r = 6.1.75-060175-generic
uname -s = Linux
uname -v = #202402010024 SMP PREEMPT_DYNAMIC Thu Feb  1 01:44:23 UTC 2024

/usr/bin/uname -p = x86_64
/bin/uname -X     = unknown

/bin/arch              = x86_64
/usr/bin/arch -k       = unknown
/usr/convex/getsysinfo = unknown
/usr/bin/hostinfo      = unknown
/bin/machine           = unknown
/usr/bin/oslevel       = unknown
/bin/universe          = unknown

PATH: /home/gitpod/nextflow
PATH: /workspace/.cargo/bin
PATH: /home/gitpod/.pyenv/shims
PATH: /workspace/go/bin
PATH: /home/gitpod/.nix-profile/bin
PATH: /home/gitpod/nextflow
PATH: /path/to/nextflow/directory
PATH: /path/to/nextflow/directory
PATH: /workspace/.cargo/bin
PATH: /workspace/go/bin
PATH: /home/gitpod/.nix-profile/bin
PATH: /ide/bin/remote-cli
PATH: /home/gitpod/.nix-profile/bin
PATH: /home/gitpod/.local/bin
PATH: /home/gitpod/.sdkman/candidates/maven/current/bin
PATH: /home/gitpod/.sdkman/candidates/java/current/bin
PATH: /home/gitpod/.sdkman/candidates/gradle/current/bin
PATH: /workspace/.cargo/bin
PATH: /home/gitpod/.rvm/gems/ruby-3.2.4/bin
PATH: /home/gitpod/.rvm/gems/ruby-3.2.4@global/bin
PATH: /home/gitpod/.rvm/rubies/ruby-3.2.4/bin
PATH: /workspace/go/bin
PATH: /home/gitpod/.nix-profile/bin
PATH: /ide/bin/remote-cli
PATH: /home/gitpod/go/bin
PATH: /home/gitpod/go-packages/bin
PATH: /home/gitpod/.nvm/versions/node/v20.12.2/bin
PATH: /home/gitpod/.yarn/bin
PATH: /home/gitpod/.pnpm
PATH: /home/gitpod/.pyenv/bin
PATH: /home/gitpod/.rvm/bin
PATH: /home/gitpod/.cargo/bin
PATH: /home/linuxbrew/.linuxbrew/bin
PATH: /home/linuxbrew/.linuxbrew/sbin/
PATH: /home/gitpod/.local/bin
PATH: /usr/games
PATH: /usr/local/sbin
PATH: /usr/local/bin
PATH: /usr/sbin
PATH: /usr/bin
PATH: /sbin
PATH: /bin
PATH: /home/gitpod/.nvm/versions/node/v20.12.2/bin
PATH: /home/gitpod/.rvm/bin
PATH: /home/gitpod/.nvm/versions/node/v20.12.2/bin
PATH: /home/gitpod/.rvm/bin
PATH: /home/gitpod/.nvm/versions/node/v20.12.2/bin
PATH: /home/gitpod/.rvm/bin


## ----------- ##
## Core tests. ##
## ----------- ##

configure:3563: checking build system type
configure:3577: result: x86_64-pc-linux-gnu
configure:3597: checking host system type
configure:3610: result: x86_64-pc-linux-gnu
configure:4460: checking for pwd
configure:4478: found /usr/bin/pwd
configure:4491: result: /usr/bin/pwd
configure:4499: checking whether builddir is srcdir
configure:4507: result: yes
configure:4512: checking whether ln -s works
configure:4516: result: yes
configure:4527: checking for ar
configure:4543: found /usr/bin/ar
configure:4554: result: ar
configure:4582: checking for a BSD-compatible install
configure:4650: result: /usr/bin/install -c
configure:4676: checking for sed
configure:4695: found /usr/bin/sed
configure:4707: result: /usr/bin/sed
configure:4725: checking for which
configure:4743: found /usr/bin/which
configure:4755: result: /usr/bin/which
configure:4775: checking for less
configure:4793: found /usr/bin/less
configure:4805: result: /usr/bin/less
configure:4828: checking for gtar
configure:4861: result: no
configure:4828: checking for gnutar
configure:4861: result: no
configure:4828: checking for tar
configure:4846: found /usr/bin/tar
configure:4858: result: /usr/bin/tar
configure:4876: checking for tex
configure:4909: result: no
configure:4921: checking for pdftex
configure:4954: result: no
configure:4964: WARNING: you cannot build PDF versions of the R manuals
configure:4971: checking for pdflatex
configure:5004: result: no
configure:5014: WARNING: you cannot build PDF versions of vignettes and help pages
configure:5021: checking for makeindex
configure:5054: result: no
configure:5066: checking for texi2any
configure:5099: result: no
configure:5183: WARNING: you cannot build info or HTML versions of the R manuals
configure:5194: checking for texi2dvi
configure:5227: result: no
configure:5244: checking for kpsewhich
configure:5277: result: no
configure:5286: checking for latex inconsolata package
configure:5319: checking for unzip
configure:5337: found /usr/bin/unzip
configure:5349: result: /usr/bin/unzip
configure:5365: checking for zip
configure:5383: found /usr/bin/zip
configure:5395: result: /usr/bin/zip
configure:5411: checking for gzip
configure:5429: found /usr/bin/gzip
configure:5441: result: /usr/bin/gzip
configure:5457: checking for bzip2
configure:5475: found /usr/bin/bzip2
configure:5487: result: /usr/bin/bzip2
configure:5505: checking for firefox
configure:5538: result: no
configure:5505: checking for mozilla
configure:5538: result: no
configure:5505: checking for galeon
configure:5538: result: no
configure:5505: checking for opera
configure:5538: result: no
configure:5505: checking for xdg-open
configure:5538: result: no
configure:5505: checking for kfmclient
configure:5538: result: no
configure:5505: checking for gnome-moz-remote
configure:5538: result: no
configure:5505: checking for open
configure:5523: found /ide/bin/remote-cli/open
configure:5535: result: /ide/bin/remote-cli/open
configure:5552: result: using default browser ... /ide/bin/remote-cli/open
configure:5562: checking for acroread
configure:5595: result: no
configure:5562: checking for acroread4
configure:5595: result: no
configure:5562: checking for xdg-open
configure:5595: result: no
configure:5562: checking for evince
configure:5595: result: no
configure:5562: checking for xpdf
configure:5595: result: no
configure:5562: checking for gv
configure:5595: result: no
configure:5562: checking for gnome-gv
configure:5595: result: no
configure:5562: checking for ggv
configure:5595: result: no
configure:5562: checking for okular
configure:5595: result: no
configure:5562: checking for kpdf
configure:5595: result: no
configure:5562: checking for open
configure:5580: found /ide/bin/remote-cli/open
configure:5592: result: /ide/bin/remote-cli/open
configure:5612: checking for working aclocal
configure:5616: result: found
configure:5631: checking for working autoconf
configure:5635: result: found
configure:5650: checking for working autoheader
configure:5654: result: found
configure:5673: checking for bison
configure:5689: found /usr/bin/bison
configure:5700: result: bison -y
configure:5761: checking for notangle
configure:5792: result: false
configure:5811: checking for realpath
configure:5829: found /usr/bin/realpath
configure:5842: result: /usr/bin/realpath
configure:5858: checking for pkg-config
configure:5876: found /usr/bin/pkg-config
configure:5888: result: /usr/bin/pkg-config
configure:5951: checking for gcc
configure:5967: found /usr/bin/gcc
configure:5978: result: gcc
configure:6207: checking for C compiler version
configure:6216: gcc --version >&5
gcc (Ubuntu 11.4.0-1ubuntu1~22.04) 11.4.0
Copyright (C) 2021 Free Software Foundation, Inc.
This is free software; see the source for copying conditions.  There is NO
warranty; not even for MERCHANTABILITY or FITNESS FOR A PARTICULAR PURPOSE.

configure:6227: $? = 0
configure:6216: gcc -v >&5
Using built-in specs.
COLLECT_GCC=gcc
COLLECT_LTO_WRAPPER=/usr/lib/gcc/x86_64-linux-gnu/11/lto-wrapper
OFFLOAD_TARGET_NAMES=nvptx-none:amdgcn-amdhsa
OFFLOAD_TARGET_DEFAULT=1
Target: x86_64-linux-gnu
Configured with: ../src/configure -v --with-pkgversion='Ubuntu 11.4.0-1ubuntu1~22.04' --with-bugurl=file:///usr/share/doc/gcc-11/README.Bugs --enable-languages=c,ada,c++,go,brig,d,fortran,objc,obj-c++,m2 --prefix=/usr --with-gcc-major-version-only --program-suffix=-11 --program-prefix=x86_64-linux-gnu- --enable-shared --enable-linker-build-id --libexecdir=/usr/lib --without-included-gettext --enable-threads=posix --libdir=/usr/lib --enable-nls --enable-bootstrap --enable-clocale=gnu --enable-libstdcxx-debug --enable-libstdcxx-time=yes --with-default-libstdcxx-abi=new --enable-gnu-unique-object --disable-vtable-verify --enable-plugin --enable-default-pie --with-system-zlib --enable-libphobos-checking=release --with-target-system-zlib=auto --enable-objc-gc=auto --enable-multiarch --disable-werror --enable-cet --with-arch-32=i686 --with-abi=m64 --with-multilib-list=m32,m64,mx32 --enable-multilib --with-tune=generic --enable-offload-targets=nvptx-none=/build/gcc-11-XeT9lY/gcc-11-11.4.0/debian/tmp-nvptx/usr,amdgcn-amdhsa=/build/gcc-11-XeT9lY/gcc-11-11.4.0/debian/tmp-gcn/usr --without-cuda-driver --enable-checking=release --build=x86_64-linux-gnu --host=x86_64-linux-gnu --target=x86_64-linux-gnu --with-build-config=bootstrap-lto-lean --enable-link-serialization=2
Thread model: posix
Supported LTO compression algorithms: zlib zstd
gcc version 11.4.0 (Ubuntu 11.4.0-1ubuntu1~22.04) 
... rest of stderr output deleted ...
configure:6227: $? = 0
configure:6216: gcc -V >&5
gcc: error: unrecognized command-line option '-V'
gcc: fatal error: no input files
compilation terminated.
configure:6227: $? = 1
configure:6216: gcc -qversion >&5
gcc: error: unrecognized command-line option '-qversion'; did you mean '--version'?
gcc: fatal error: no input files
compilation terminated.
configure:6227: $? = 1
configure:6247: checking whether the C compiler works
configure:6269: gcc  -I/usr/local/include -L/usr/local/lib conftest.c  >&5
configure:6273: $? = 0
configure:6321: result: yes
configure:6324: checking for C compiler default output file name
configure:6326: result: a.out
configure:6332: checking for suffix of executables
configure:6339: gcc -o conftest  -I/usr/local/include -L/usr/local/lib conftest.c  >&5
configure:6343: $? = 0
configure:6365: result: 
configure:6387: checking whether we are cross compiling
configure:6395: gcc -o conftest  -I/usr/local/include -L/usr/local/lib conftest.c  >&5
configure:6399: $? = 0
configure:6406: ./conftest
configure:6410: $? = 0
configure:6425: result: no
configure:6430: checking for suffix of object files
configure:6452: gcc -c  -I/usr/local/include conftest.c >&5
configure:6456: $? = 0
configure:6477: result: o
configure:6481: checking whether we are using the GNU C compiler
configure:6500: gcc -c  -I/usr/local/include conftest.c >&5
configure:6500: $? = 0
configure:6509: result: yes
configure:6518: checking whether gcc accepts -g
configure:6538: gcc -c -g -I/usr/local/include conftest.c >&5
configure:6538: $? = 0
configure:6579: result: yes
configure:6596: checking for gcc option to accept ISO C89
configure:6659: gcc  -c -g -O2 -I/usr/local/include conftest.c >&5
configure:6659: $? = 0
configure:6672: result: none needed
configure:6698: checking how to run the C preprocessor
configure:6729: gcc -E -I/usr/local/include conftest.c
configure:6729: $? = 0
configure:6743: gcc -E -I/usr/local/include conftest.c
conftest.c:17:10: fatal error: ac_nonexistent.h: No such file or directory
   17 | #include <ac_nonexistent.h>
      |          ^~~~~~~~~~~~~~~~~~
compilation terminated.
configure:6743: $? = 1
configure: failed program was:
| /* confdefs.h */
| #define PACKAGE_NAME "R"
| #define PACKAGE_TARNAME "R"
| #define PACKAGE_VERSION "4.1.0"
| #define PACKAGE_STRING "R 4.1.0"
| #define PACKAGE_BUGREPORT "https://bugs.r-project.org"
| #define PACKAGE_URL "https://www.r-project.org"
| #define PACKAGE "R"
| #define VERSION "4.1.0"
| #define R_PLATFORM "x86_64-pc-linux-gnu"
| #define R_CPU "x86_64"
| #define R_VENDOR "pc"
| #define R_OS "linux-gnu"
| #define Unix 1
| #define R_ARCH ""
| /* end confdefs.h.  */
| #include <ac_nonexistent.h>
configure:6768: result: gcc -E
configure:6788: gcc -E -I/usr/local/include conftest.c
configure:6788: $? = 0
configure:6802: gcc -E -I/usr/local/include conftest.c
conftest.c:17:10: fatal error: ac_nonexistent.h: No such file or directory
   17 | #include <ac_nonexistent.h>
      |          ^~~~~~~~~~~~~~~~~~
compilation terminated.
configure:6802: $? = 1
configure: failed program was:
| /* confdefs.h */
| #define PACKAGE_NAME "R"
| #define PACKAGE_TARNAME "R"
| #define PACKAGE_VERSION "4.1.0"
| #define PACKAGE_STRING "R 4.1.0"
| #define PACKAGE_BUGREPORT "https://bugs.r-project.org"
| #define PACKAGE_URL "https://www.r-project.org"
| #define PACKAGE "R"
| #define VERSION "4.1.0"
| #define R_PLATFORM "x86_64-pc-linux-gnu"
| #define R_CPU "x86_64"
| #define R_VENDOR "pc"
| #define R_OS "linux-gnu"
| #define Unix 1
| #define R_ARCH ""
| /* end confdefs.h.  */
| #include <ac_nonexistent.h>
configure:6831: checking for grep that handles long lines and -e
configure:6889: result: /usr/bin/grep
configure:6894: checking for egrep
configure:6956: result: /usr/bin/grep -E
configure:6962: checking whether gcc needs -traditional
configure:6996: result: no
configure:7003: checking for ANSI C header files
configure:7023: gcc -c -g -O2 -I/usr/local/include conftest.c >&5
configure:7023: $? = 0
configure:7096: gcc -o conftest -g -O2 -I/usr/local/include -L/usr/local/lib conftest.c  >&5
configure:7096: $? = 0
configure:7096: ./conftest
configure:7096: $? = 0
configure:7107: result: yes
configure:7120: checking for sys/types.h
configure:7120: gcc -c -g -O2 -I/usr/local/include conftest.c >&5
configure:7120: $? = 0
configure:7120: result: yes
configure:7120: checking for sys/stat.h
configure:7120: gcc -c -g -O2 -I/usr/local/include conftest.c >&5
configure:7120: $? = 0
configure:7120: result: yes
configure:7120: checking for stdlib.h
configure:7120: gcc -c -g -O2 -I/usr/local/include conftest.c >&5
configure:7120: $? = 0
configure:7120: result: yes
configure:7120: checking for string.h
configure:7120: gcc -c -g -O2 -I/usr/local/include conftest.c >&5
configure:7120: $? = 0
configure:7120: result: yes
configure:7120: checking for memory.h
configure:7120: gcc -c -g -O2 -I/usr/local/include conftest.c >&5
configure:7120: $? = 0
configure:7120: result: yes
configure:7120: checking for strings.h
configure:7120: gcc -c -g -O2 -I/usr/local/include conftest.c >&5
configure:7120: $? = 0
configure:7120: result: yes
configure:7120: checking for inttypes.h
configure:7120: gcc -c -g -O2 -I/usr/local/include conftest.c >&5
configure:7120: $? = 0
configure:7120: result: yes
configure:7120: checking for stdint.h
configure:7120: gcc -c -g -O2 -I/usr/local/include conftest.c >&5
configure:7120: $? = 0
configure:7120: result: yes
configure:7120: checking for unistd.h
configure:7120: gcc -c -g -O2 -I/usr/local/include conftest.c >&5
configure:7120: $? = 0
configure:7120: result: yes
configure:7133: checking minix/config.h usability
configure:7133: gcc -c -g -O2 -I/usr/local/include conftest.c >&5
conftest.c:60:10: fatal error: minix/config.h: No such file or directory
   60 | #include <minix/config.h>
      |          ^~~~~~~~~~~~~~~~
compilation terminated.
configure:7133: $? = 1
configure: failed program was:
| /* confdefs.h */
| #define PACKAGE_NAME "R"
| #define PACKAGE_TARNAME "R"
| #define PACKAGE_VERSION "4.1.0"
| #define PACKAGE_STRING "R 4.1.0"
| #define PACKAGE_BUGREPORT "https://bugs.r-project.org"
| #define PACKAGE_URL "https://www.r-project.org"
| #define PACKAGE "R"
| #define VERSION "4.1.0"
| #define R_PLATFORM "x86_64-pc-linux-gnu"
| #define R_CPU "x86_64"
| #define R_VENDOR "pc"
| #define R_OS "linux-gnu"
| #define Unix 1
| #define R_ARCH ""
| #define STDC_HEADERS 1
| #define HAVE_SYS_TYPES_H 1
| #define HAVE_SYS_STAT_H 1
| #define HAVE_STDLIB_H 1
| #define HAVE_STRING_H 1
| #define HAVE_MEMORY_H 1
| #define HAVE_STRINGS_H 1
| #define HAVE_INTTYPES_H 1
| #define HAVE_STDINT_H 1
| #define HAVE_UNISTD_H 1
| /* end confdefs.h.  */
| #include <stdio.h>
| #ifdef HAVE_SYS_TYPES_H
| # include <sys/types.h>
| #endif
| #ifdef HAVE_SYS_STAT_H
| # include <sys/stat.h>
| #endif
| #ifdef STDC_HEADERS
| # include <stdlib.h>
| # include <stddef.h>
| #else
| # ifdef HAVE_STDLIB_H
| #  include <stdlib.h>
| # endif
| #endif
| #ifdef HAVE_STRING_H
| # if !defined STDC_HEADERS && defined HAVE_MEMORY_H
| #  include <memory.h>
| # endif
| # include <string.h>
| #endif
| #ifdef HAVE_STRINGS_H
| # include <strings.h>
| #endif
| #ifdef HAVE_INTTYPES_H
| # include <inttypes.h>
| #endif
| #ifdef HAVE_STDINT_H
| # include <stdint.h>
| #endif
| #ifdef HAVE_UNISTD_H
| # include <unistd.h>
| #endif
| #include <minix/config.h>
configure:7133: result: no
configure:7133: checking minix/config.h presence
configure:7133: gcc -E -I/usr/local/include conftest.c
conftest.c:27:10: fatal error: minix/config.h: No such file or directory
   27 | #include <minix/config.h>
      |          ^~~~~~~~~~~~~~~~
compilation terminated.
configure:7133: $? = 1
configure: failed program was:
| /* confdefs.h */
| #define PACKAGE_NAME "R"
| #define PACKAGE_TARNAME "R"
| #define PACKAGE_VERSION "4.1.0"
| #define PACKAGE_STRING "R 4.1.0"
| #define PACKAGE_BUGREPORT "https://bugs.r-project.org"
| #define PACKAGE_URL "https://www.r-project.org"
| #define PACKAGE "R"
| #define VERSION "4.1.0"
| #define R_PLATFORM "x86_64-pc-linux-gnu"
| #define R_CPU "x86_64"
| #define R_VENDOR "pc"
| #define R_OS "linux-gnu"
| #define Unix 1
| #define R_ARCH ""
| #define STDC_HEADERS 1
| #define HAVE_SYS_TYPES_H 1
| #define HAVE_SYS_STAT_H 1
| #define HAVE_STDLIB_H 1
| #define HAVE_STRING_H 1
| #define HAVE_MEMORY_H 1
| #define HAVE_STRINGS_H 1
| #define HAVE_INTTYPES_H 1
| #define HAVE_STDINT_H 1
| #define HAVE_UNISTD_H 1
| /* end confdefs.h.  */
| #include <minix/config.h>
configure:7133: result: no
configure:7133: checking for minix/config.h
configure:7133: result: no
configure:7154: checking whether it is safe to define __EXTENSIONS__
configure:7172: gcc -c -g -O2 -I/usr/local/include conftest.c >&5
configure:7172: $? = 0
configure:7179: result: yes
configure:7200: checking how to run the C preprocessor
configure:7270: result: gcc -E
configure:7290: gcc -E -I/usr/local/include conftest.c
configure:7290: $? = 0
configure:7304: gcc -E -I/usr/local/include conftest.c
conftest.c:32:10: fatal error: ac_nonexistent.h: No such file or directory
   32 | #include <ac_nonexistent.h>
      |          ^~~~~~~~~~~~~~~~~~
compilation terminated.
configure:7304: $? = 1
configure: failed program was:
| /* confdefs.h */
| #define PACKAGE_NAME "R"
| #define PACKAGE_TARNAME "R"
| #define PACKAGE_VERSION "4.1.0"
| #define PACKAGE_STRING "R 4.1.0"
| #define PACKAGE_BUGREPORT "https://bugs.r-project.org"
| #define PACKAGE_URL "https://www.r-project.org"
| #define PACKAGE "R"
| #define VERSION "4.1.0"
| #define R_PLATFORM "x86_64-pc-linux-gnu"
| #define R_CPU "x86_64"
| #define R_VENDOR "pc"
| #define R_OS "linux-gnu"
| #define Unix 1
| #define R_ARCH ""
| #define STDC_HEADERS 1
| #define HAVE_SYS_TYPES_H 1
| #define HAVE_SYS_STAT_H 1
| #define HAVE_STDLIB_H 1
| #define HAVE_STRING_H 1
| #define HAVE_MEMORY_H 1
| #define HAVE_STRINGS_H 1
| #define HAVE_INTTYPES_H 1
| #define HAVE_STDINT_H 1
| #define HAVE_UNISTD_H 1
| #define __EXTENSIONS__ 1
| #define _ALL_SOURCE 1
| #define _GNU_SOURCE 1
| #define _POSIX_PTHREAD_SEMANTICS 1
| #define _TANDEM_SOURCE 1
| /* end confdefs.h.  */
| #include <ac_nonexistent.h>
configure:7425: checking for gfortran
configure:7455: result: no
configure:7425: checking for g95
configure:7455: result: no
configure:7425: checking for xlf95
configure:7455: result: no
configure:7425: checking for f95
configure:7455: result: no
configure:7425: checking for fort
configure:7455: result: no
configure:7425: checking for ifort
configure:7455: result: no
configure:7425: checking for ifc
configure:7455: result: no
configure:7425: checking for efc
configure:7455: result: no
configure:7425: checking for pgfortran
configure:7455: result: no
configure:7425: checking for pgf95
configure:7455: result: no
configure:7425: checking for lf95
configure:7455: result: no
configure:7425: checking for ftn
configure:7455: result: no
configure:7425: checking for nagfor
configure:7455: result: no
configure:7425: checking for xlf90
configure:7455: result: no
configure:7425: checking for f90
configure:7455: result: no
configure:7425: checking for pgf90
configure:7455: result: no
configure:7425: checking for pghpf
configure:7455: result: no
configure:7425: checking for epcf90
configure:7455: result: no
configure:7425: checking for g77
configure:7455: result: no
configure:7425: checking for xlf
configure:7455: result: no
configure:7425: checking for f77
configure:7455: result: no
configure:7425: checking for frt
configure:7455: result: no
configure:7425: checking for pgf77
configure:7455: result: no
configure:7425: checking for cf77
configure:7455: result: no
configure:7425: checking for fort77
configure:7455: result: no
configure:7425: checking for fl32
configure:7455: result: no
configure:7425: checking for af77
configure:7455: result: no
configure:7478: checking for Fortran compiler version
configure:7487:  --version >&5
./configure: line 7489: --version: command not found
configure:7498: $? = 127
configure:7487:  -v >&5
./configure: line 7489: -v: command not found
configure:7498: $? = 127
configure:7487:  -V >&5
./configure: line 7489: -V: command not found
configure:7498: $? = 127
configure:7487:  -qversion >&5
./configure: line 7489: -qversion: command not found
configure:7498: $? = 127
configure:7507: checking whether we are using the GNU Fortran compiler
configure:7520:  -c   conftest.F >&5
./configure: line 2341: -c: command not found
configure:7520: $? = 127
configure: failed program was:
|       program main
| #ifndef __GNUC__
|        choke me
| #endif
| 
|       end
configure:7529: result: no
configure:7535: checking whether  accepts -g
configure:7546:  -c -g  conftest.f >&5
./configure: line 2341: -c: command not found
configure:7546: $? = 127
configure: failed program was:
|       program main
| 
|       end
configure:7554: result: no
configure:7584: error: No Fortran compiler found

## ---------------- ##
## Cache variables. ##
## ---------------- ##

ac_cv_build=x86_64-pc-linux-gnu
ac_cv_c_compiler_gnu=yes
ac_cv_env_BLAS_LIBS_set=
ac_cv_env_BLAS_LIBS_value=
ac_cv_env_CCC_set=
ac_cv_env_CCC_value=
ac_cv_env_CC_set=
ac_cv_env_CC_value=
ac_cv_env_CFLAGS_set=
ac_cv_env_CFLAGS_value=
ac_cv_env_CPICFLAGS_set=
ac_cv_env_CPICFLAGS_value=
ac_cv_env_CPPFLAGS_set=
ac_cv_env_CPPFLAGS_value=
ac_cv_env_CPP_set=
ac_cv_env_CPP_value=
ac_cv_env_CXX11FLAGS_set=
ac_cv_env_CXX11FLAGS_value=
ac_cv_env_CXX11PICFLAGS_set=
ac_cv_env_CXX11PICFLAGS_value=
ac_cv_env_CXX11STD_set=
ac_cv_env_CXX11STD_value=
ac_cv_env_CXX11_set=
ac_cv_env_CXX11_value=
ac_cv_env_CXX14FLAGS_set=
ac_cv_env_CXX14FLAGS_value=
ac_cv_env_CXX14PICFLAGS_set=
ac_cv_env_CXX14PICFLAGS_value=
ac_cv_env_CXX14STD_set=
ac_cv_env_CXX14STD_value=
ac_cv_env_CXX14_set=
ac_cv_env_CXX14_value=
ac_cv_env_CXX17FLAGS_set=
ac_cv_env_CXX17FLAGS_value=
ac_cv_env_CXX17PICFLAGS_set=
ac_cv_env_CXX17PICFLAGS_value=
ac_cv_env_CXX17STD_set=
ac_cv_env_CXX17STD_value=
ac_cv_env_CXX17_set=
ac_cv_env_CXX17_value=
ac_cv_env_CXX20FLAGS_set=
ac_cv_env_CXX20FLAGS_value=
ac_cv_env_CXX20PICFLAGS_set=
ac_cv_env_CXX20PICFLAGS_value=
ac_cv_env_CXX20STD_set=
ac_cv_env_CXX20STD_value=
ac_cv_env_CXX20_set=
ac_cv_env_CXX20_value=
ac_cv_env_CXXCPP_set=
ac_cv_env_CXXCPP_value=
ac_cv_env_CXXFLAGS_set=
ac_cv_env_CXXFLAGS_value=
ac_cv_env_CXXPICFLAGS_set=
ac_cv_env_CXXPICFLAGS_value=
ac_cv_env_CXX_set=
ac_cv_env_CXX_value=
ac_cv_env_DEFS_set=
ac_cv_env_DEFS_value=
ac_cv_env_DYLIB_LDFLAGS_set=
ac_cv_env_DYLIB_LDFLAGS_value=
ac_cv_env_DYLIB_LD_set=
ac_cv_env_DYLIB_LD_value=
ac_cv_env_FCFLAGS_set=
ac_cv_env_FCFLAGS_value=
ac_cv_env_FC_set=
ac_cv_env_FC_value=
ac_cv_env_FPICFLAGS_set=
ac_cv_env_FPICFLAGS_value=
ac_cv_env_JAVA_HOME_set=set
ac_cv_env_JAVA_HOME_value=/home/gitpod/.sdkman/candidates/java/current
ac_cv_env_LAPACK_LIBS_set=
ac_cv_env_LAPACK_LIBS_value=
ac_cv_env_LDFLAGS_set=
ac_cv_env_LDFLAGS_value=
ac_cv_env_LIBS_set=
ac_cv_env_LIBS_value=
ac_cv_env_LIBnn_set=
ac_cv_env_LIBnn_value=
ac_cv_env_LT_SYS_LIBRARY_PATH_set=
ac_cv_env_LT_SYS_LIBRARY_PATH_value=
ac_cv_env_MAIN_CFLAGS_set=
ac_cv_env_MAIN_CFLAGS_value=
ac_cv_env_MAIN_FFLAGS_set=
ac_cv_env_MAIN_FFLAGS_value=
ac_cv_env_MAIN_LDFLAGS_set=
ac_cv_env_MAIN_LDFLAGS_value=
ac_cv_env_MAIN_LD_set=
ac_cv_env_MAIN_LD_value=
ac_cv_env_MAKE_set=
ac_cv_env_MAKE_value=
ac_cv_env_OBJCFLAGS_set=
ac_cv_env_OBJCFLAGS_value=
ac_cv_env_OBJC_set=
ac_cv_env_OBJC_value=
ac_cv_env_PKG_CONFIG_LIBDIR_set=
ac_cv_env_PKG_CONFIG_LIBDIR_value=
ac_cv_env_PKG_CONFIG_PATH_set=
ac_cv_env_PKG_CONFIG_PATH_value=
ac_cv_env_PKG_CONFIG_set=
ac_cv_env_PKG_CONFIG_value=
ac_cv_env_R_BATCHSAVE_set=
ac_cv_env_R_BATCHSAVE_value=
ac_cv_env_R_BROWSER_set=
ac_cv_env_R_BROWSER_value=
ac_cv_env_R_PAPERSIZE_set=
ac_cv_env_R_PAPERSIZE_value=
ac_cv_env_R_PDFVIEWER_set=
ac_cv_env_R_PDFVIEWER_value=
ac_cv_env_R_PRINTCMD_set=
ac_cv_env_R_PRINTCMD_value=
ac_cv_env_R_SHELL_set=
ac_cv_env_R_SHELL_value=
ac_cv_env_SAFE_FFLAGS_set=
ac_cv_env_SAFE_FFLAGS_value=
ac_cv_env_SHLIB_CFLAGS_set=
ac_cv_env_SHLIB_CFLAGS_value=
ac_cv_env_SHLIB_CXX11LDFLAGS_set=
ac_cv_env_SHLIB_CXX11LDFLAGS_value=
ac_cv_env_SHLIB_CXX11LD_set=
ac_cv_env_SHLIB_CXX11LD_value=
ac_cv_env_SHLIB_CXX14LDFLAGS_set=
ac_cv_env_SHLIB_CXX14LDFLAGS_value=
ac_cv_env_SHLIB_CXX14LD_set=
ac_cv_env_SHLIB_CXX14LD_value=
ac_cv_env_SHLIB_CXX17LDFLAGS_set=
ac_cv_env_SHLIB_CXX17LDFLAGS_value=
ac_cv_env_SHLIB_CXX17LD_set=
ac_cv_env_SHLIB_CXX17LD_value=
ac_cv_env_SHLIB_CXX20LDFLAGS_set=
ac_cv_env_SHLIB_CXX20LDFLAGS_value=
ac_cv_env_SHLIB_CXX20LD_set=
ac_cv_env_SHLIB_CXX20LD_value=
ac_cv_env_SHLIB_CXXLDFLAGS_set=
ac_cv_env_SHLIB_CXXLDFLAGS_value=
ac_cv_env_SHLIB_CXXLD_set=
ac_cv_env_SHLIB_CXXLD_value=
ac_cv_env_SHLIB_FFLAGS_set=
ac_cv_env_SHLIB_FFLAGS_value=
ac_cv_env_SHLIB_LDFLAGS_set=
ac_cv_env_SHLIB_LDFLAGS_value=
ac_cv_env_SHLIB_LD_set=
ac_cv_env_SHLIB_LD_value=
ac_cv_env_TAR_set=
ac_cv_env_TAR_value=
ac_cv_env_TCLTK_CPPFLAGS_set=
ac_cv_env_TCLTK_CPPFLAGS_value=
ac_cv_env_TCLTK_LIBS_set=
ac_cv_env_TCLTK_LIBS_value=
ac_cv_env_XMKMF_set=
ac_cv_env_XMKMF_value=
ac_cv_env_YACC_set=
ac_cv_env_YACC_value=
ac_cv_env_YFLAGS_set=
ac_cv_env_YFLAGS_value=
ac_cv_env_build_alias_set=
ac_cv_env_build_alias_value=
ac_cv_env_host_alias_set=
ac_cv_env_host_alias_value=
ac_cv_env_r_arch_set=
ac_cv_env_r_arch_value=
ac_cv_env_target_alias_set=
ac_cv_env_target_alias_value=
ac_cv_fc_compiler_gnu=no
ac_cv_header_inttypes_h=yes
ac_cv_header_memory_h=yes
ac_cv_header_minix_config_h=no
ac_cv_header_stdc=yes
ac_cv_header_stdint_h=yes
ac_cv_header_stdlib_h=yes
ac_cv_header_string_h=yes
ac_cv_header_strings_h=yes
ac_cv_header_sys_stat_h=yes
ac_cv_header_sys_types_h=yes
ac_cv_header_unistd_h=yes
ac_cv_host=x86_64-pc-linux-gnu
ac_cv_objext=o
ac_cv_path_EGREP='/usr/bin/grep -E'
ac_cv_path_GETWD=/usr/bin/pwd
ac_cv_path_GREP=/usr/bin/grep
ac_cv_path_NOTANGLE=false
ac_cv_path_PAGER=/usr/bin/less
ac_cv_path_PKG_CONFIG=/usr/bin/pkg-config
ac_cv_path_REALPATH=/usr/bin/realpath
ac_cv_path_R_BROWSER=/ide/bin/remote-cli/open
ac_cv_path_R_BZIPCMD=/usr/bin/bzip2
ac_cv_path_R_GZIPCMD=/usr/bin/gzip
ac_cv_path_R_PDFVIEWER=/ide/bin/remote-cli/open
ac_cv_path_R_UNZIPCMD=/usr/bin/unzip
ac_cv_path_R_ZIPCMD=/usr/bin/zip
ac_cv_path_SED=/usr/bin/sed
ac_cv_path_TAR=/usr/bin/tar
ac_cv_path_WHICH=/usr/bin/which
ac_cv_path_install='/usr/bin/install -c'
ac_cv_prog_AR=ar
ac_cv_prog_CPP='gcc -E'
ac_cv_prog_YACC='bison -y'
ac_cv_prog_ac_ct_CC=gcc
ac_cv_prog_cc_c89=
ac_cv_prog_cc_g=yes
ac_cv_prog_fc_g=no
ac_cv_prog_gcc_traditional=no
ac_cv_safe_to_define___extensions__=yes

## ----------------- ##
## Output variables. ##
## ----------------- ##

ACLOCAL='aclocal'
ALLOCA=''
AR='ar'
ARFLAGS='rc'
AUTOCONF='autoconf'
AUTOHEADER='autoheader'
AWK=''
BITMAP_CPPFLAGS=''
BITMAP_LIBS=''
BLAS_LIBS0=''
BLAS_LIBS=''
BLAS_SHLIB_FALSE=''
BLAS_SHLIB_TRUE=''
BUILDDIR_IS_SRCDIR='yes'
BUILD_AQUA_FALSE=''
BUILD_AQUA_TRUE=''
BUILD_DEVCAIRO_FALSE=''
BUILD_DEVCAIRO_TRUE=''
BUILD_HTML_FALSE=''
BUILD_HTML_TRUE='#'
BUILD_INCLUDED_LIBINTL=''
BUILD_LIBINTL_FALSE=''
BUILD_LIBINTL_TRUE=''
BUILD_LTO_ALL_FALSE=''
BUILD_LTO_ALL_TRUE='#'
BUILD_LTO_CHECK_FALSE=''
BUILD_LTO_CHECK_TRUE='#'
BUILD_LTO_FALSE=''
BUILD_LTO_TRUE='#'
BUILD_TRE_FALSE=''
BUILD_TRE_TRUE=''
BUILD_TZONE_FALSE=''
BUILD_TZONE_TRUE=''
BUILD_X11_FALSE=''
BUILD_X11_TRUE=''
BUILD_XDR_FALSE=''
BUILD_XDR_TRUE=''
BYTE_COMPILE_PACKAGES_FALSE='#'
BYTE_COMPILE_PACKAGES_TRUE=''
CAIROX11_CPPFLAGS=''
CAIROX11_LIBS=''
CAIRO_CPPFLAGS=''
CAIRO_LIBS=''
CATOBJEXT=''
CC='gcc'
CFLAGS='-g -O2'
CFLAG_VISIBILITY=''
COMPILE_FORTRAN_DOUBLE_COMPLEX_FALSE=''
COMPILE_FORTRAN_DOUBLE_COMPLEX_TRUE=''
CPICFLAGS=''
CPP='gcc -E'
CPPFLAGS='-I/usr/local/include'
CURL_CONFIG=''
CURL_CPPFLAGS=''
CURL_LIBS=''
CXX11=''
CXX11FLAGS=''
CXX11PICFLAGS=''
CXX11STD=''
CXX14=''
CXX14FLAGS=''
CXX14PICFLAGS=''
CXX14STD=''
CXX17=''
CXX17FLAGS=''
CXX17PICFLAGS=''
CXX17STD=''
CXX20=''
CXX20FLAGS=''
CXX20PICFLAGS=''
CXX20STD=''
CXX=''
CXXCPP0=''
CXXCPP=''
CXXFLAGS=''
CXXPICFLAGS=''
CXXSTD=''
CXX_VISIBILITY=''
C_VISIBILITY=''
DATADIRNAME=''
DEFS=''
DLLTOOL=''
DSYMUTIL=''
DUMPBIN=''
DYLIB_EXT=''
DYLIB_LD=''
DYLIB_LDFLAGS=''
DYLIB_UNDEFINED_ALLOWED_FALSE=''
DYLIB_UNDEFINED_ALLOWED_TRUE=''
ECHO_C=''
ECHO_N='-n'
ECHO_T=''
EGREP='/usr/bin/grep -E'
EXEEXT=''
FC=''
FCFLAGS=''
FCFLAGS_f90=''
FCFLAGS_f95=''
FCLIBS=''
FCLIBS_XTRA=''
FFLAGS=''
FGREP=''
FLIBS=''
FLIBS_IN_SO=''
FOUNDATION_CPPFLAGS=''
FOUNDATION_LIBS=''
FPICFLAGS=''
FW_VERSION=''
F_VISIBILITY=''
GENCAT=''
GETWD='/usr/bin/pwd'
GLIBC21=''
GLIBC2=''
GREP='/usr/bin/grep'
HAVE_ASPRINTF=''
HAVE_CXX11=''
HAVE_CXX14=''
HAVE_CXX17=''
HAVE_CXX20=''
HAVE_FORTRAN_DOUBLE_COMPLEX=''
HAVE_POSIX_PRINTF=''
HAVE_SNPRINTF=''
HAVE_VISIBILITY=''
HAVE_WPRINTF=''
INSTALL_DATA='${INSTALL} -m 644'
INSTALL_INFO=''
INSTALL_PROGRAM='${INSTALL}'
INSTALL_SCRIPT='${INSTALL}'
INSTOBJEXT=''
INTERNET_LIBS=''
INTLBISON=''
INTLLIBS=''
INTLOBJS=''
INTL_LIBTOOL_SUFFIX_PREFIX=''
INTL_MACOSX_LIBS=''
JAR=''
JAVA=''
JAVAC=''
JAVAH=''
JAVA_CPPFLAGS0=''
JAVA_HOME='/home/gitpod/.sdkman/candidates/java/current'
JAVA_LD_LIBRARY_PATH=''
JAVA_LIBS0=''
JUSTYACC=''
KPSEWHICH=''
LAPACK_LDFLAGS=''
LAPACK_LIBS=''
LD=''
LDFLAGS='-L/usr/local/lib'
LIBICONV=''
LIBINTL=''
LIBM=''
LIBMULTITHREAD=''
LIBOBJS=''
LIBPTH=''
LIBPTH_PREFIX=''
LIBR0=''
LIBR1=''
LIBR_LDFLAGS=''
LIBS=''
LIBTHREAD=''
LIBTOOL=''
LIBTOOL_DEPS=''
LIBnn='lib'
LIPO=''
LN_S='ln -s'
LTLIBICONV=''
LTLIBINTL=''
LTLIBMULTITHREAD=''
LTLIBOBJS=''
LTLIBPTH=''
LTLIBTHREAD=''
LTO=''
LTOALL=''
LTOALL_FC=''
LTO_FC=''
LTO_LD=''
LT_SYS_LIBRARY_PATH=''
MACOS_SIERRA=''
MAC_CPU=''
MAINTAINER_MODE_FALSE=''
MAINTAINER_MODE_TRUE='#'
MAIN_CFLAGS=''
MAIN_FFLAGS=''
MAIN_LD=''
MAIN_LDFLAGS=''
MAJ_MIN_VERSION='4.1'
MAKE='make'
MAKEINDEX=''
MANIFEST_TOOL=''
MKDIR_P=''
NM=''
NMEDIT=''
NOTANGLE='notangle'
OBJC=''
OBJCFLAGS=''
OBJCXX=''
OBJCXXFLAGS=''
OBJC_LIBS=''
OBJDUMP=''
OBJEXT='o'
OPENMP_CFLAGS=''
OPENMP_CXXFLAGS=''
OPENMP_FCFLAGS=''
OTOOL64=''
OTOOL=''
PACKAGE='R'
PACKAGE_BUGREPORT='https://bugs.r-project.org'
PACKAGE_NAME='R'
PACKAGE_STRING='R 4.1.0'
PACKAGE_TARNAME='R'
PACKAGE_URL='https://www.r-project.org'
PACKAGE_VERSION='4.1.0'
PAGER='/usr/bin/less'
PAPERCONF=''
PATH_SEPARATOR=':'
PCRE2_CONFIG=''
PDFLATEX=''
PDFTEX=''
PKG_CONFIG='/usr/bin/pkg-config'
PKG_CONFIG_LIBDIR=''
PKG_CONFIG_PATH=''
POSUB=''
PRI_MACROS_BROKEN=''
RANLIB=''
RBLAS_LDFLAGS=''
READLINE_LIBS=''
REALPATH='/usr/bin/realpath'
RLAPACK_LDFLAGS=''
RMATH_HAVE_WORKING_LOG1P=''
R_ARCH=''
R_BATCHSAVE=''
R_BROWSER='/ide/bin/remote-cli/open'
R_BZIPCMD='/usr/bin/bzip2'
R_CONFIG_ARGS=' '\''--prefix=/home/gitpod/R'\'' '\''JAVA_HOME=/home/gitpod/.sdkman/candidates/java/current'\'''
R_DEFS=''
R_DYLIB_EXT=''
R_GZIPCMD='/usr/bin/gzip'
R_INCLUDES='-I"$(R_INCLUDE_DIR)"'
R_JAVA_LD_LIBRARY_PATH=''
R_LD_LIBRARY_PATH=''
R_OPENMP_CFLAGS=''
R_OPENMP_FFLAGS=''
R_OS='linux-gnu'
R_OSTYPE='unix'
R_PAPERSIZE=''
R_PDFVIEWER='/ide/bin/remote-cli/open'
R_PLATFORM='x86_64-pc-linux-gnu'
R_PRINTCMD=''
R_PROFILING=''
R_RD4PDF='times,inconsolata,hyper'
R_SHELL=''
R_SYSTEM_ABI=''
R_UNZIPCMD='/usr/bin/unzip'
R_XTRA_CFLAGS=''
R_XTRA_CPPFLAGS=''
R_XTRA_CXXFLAGS=''
R_XTRA_FFLAGS=''
R_XTRA_LIBS=''
R_ZIPCMD='/usr/bin/zip'
Rshlibpath_var=''
SAFE_FFLAGS=''
SED='/usr/bin/sed'
SHELL='/bin/bash'
SHLIB_CFLAGS=''
SHLIB_CXX11LD=''
SHLIB_CXX11LDFLAGS=''
SHLIB_CXX14LD=''
SHLIB_CXX14LDFLAGS=''
SHLIB_CXX17LD=''
SHLIB_CXX17LDFLAGS=''
SHLIB_CXX20LD=''
SHLIB_CXX20LDFLAGS=''
SHLIB_CXXFLAGS=''
SHLIB_CXXLD=''
SHLIB_CXXLDFLAGS=''
SHLIB_EXT=''
SHLIB_FCLD=''
SHLIB_FCLDFLAGS=''
SHLIB_FFLAGS=''
SHLIB_LD=''
SHLIB_LDFLAGS=''
SHLIB_LIBADD=''
SHLIB_OPENMP_CFLAGS=''
SHLIB_OPENMP_CXXFLAGS=''
SHLIB_OPENMP_FFLAGS=''
STATICR1=''
STATICR2=''
STRIP=''
STRIP_SHARED_LIB=''
STRIP_STATIC_LIB=''
TAR='/usr/bin/tar'
TCLTK_CPPFLAGS=''
TCLTK_LIBS=''
TCL_CONFIG=''
TEX=''
TEXI2ANY=''
TEXI2DVI=''
TEXI2DVICMD='texi2dvi'
TIRPC_CPPFLAGS=''
TK_CONFIG=''
USE_EXPORTFILES_FALSE=''
USE_EXPORTFILES_TRUE=''
USE_EXTERNAL_BLAS_FALSE=''
USE_EXTERNAL_BLAS_TRUE=''
USE_EXTERNAL_LAPACK_FALSE=''
USE_EXTERNAL_LAPACK_TRUE=''
USE_ICU=''
USE_ICU_APPLE=''
USE_INCLUDED_LIBINTL=''
USE_NLS=''
USE_NLS_FALSE=''
USE_NLS_TRUE=''
USE_RECOMMENDED_PACKAGES_FALSE=''
USE_RECOMMENDED_PACKAGES_TRUE=''
USE_VECLIB_G95FIX_FALSE=''
USE_VECLIB_G95FIX_TRUE=''
VERSION='4.1.0'
WANT_JAVA_FALSE='#'
WANT_JAVA_TRUE=''
WANT_R_FRAMEWORK_FALSE=''
WANT_R_FRAMEWORK_TRUE='#'
WANT_R_SHLIB_FALSE=''
WANT_R_SHLIB_TRUE='#'
WANT_R_STATIC_FALSE=''
WANT_R_STATIC_TRUE='#'
WHICH='/usr/bin/which'
WOE32DLL=''
XMKMF=''
XTRA_INTL_CPPFLAGS=''
X_CFLAGS=''
X_EXTRA_LIBS=''
X_LIBS=''
X_PRE_LIBS=''
YACC='bison -y'
YFLAGS=''
ac_ct_AR=''
ac_ct_CC='gcc'
ac_ct_CXX=''
ac_ct_DUMPBIN=''
ac_ct_FC=''
ac_ct_OBJC=''
bindir='${exec_prefix}/bin'
build='x86_64-pc-linux-gnu'
build_alias=''
build_cpu='x86_64'
build_os='linux-gnu'
build_vendor='pc'
config_opts=' '\''--prefix=/home/gitpod/R'\'' '\''JAVA_HOME=/home/gitpod/.sdkman/candidates/java/current'\'''
custom_JAR=''
custom_JAVA=''
custom_JAVAC=''
custom_JAVAH=''
custom_JAVA_CPPFLAGS=''
custom_JAVA_HOME=''
custom_JAVA_LD_LIBRARY_PATH=''
custom_JAVA_LIBS=''
datadir='${datarootdir}'
datarootdir='${prefix}/share'
docdir='${datarootdir}/doc/${PACKAGE_TARNAME}'
dvidir='${docdir}'
exec_prefix='NONE'
host='x86_64-pc-linux-gnu'
host_alias=''
host_cpu='x86_64'
host_os='linux-gnu'
host_vendor='pc'
htmldir='${docdir}'
includedir='${prefix}/include'
infodir='${datarootdir}/info'
libdir='${exec_prefix}/${LIBnn}'
libexecdir='${exec_prefix}/libexec'
localedir='${datarootdir}/locale'
localstatedir='${prefix}/var'
mandir='${datarootdir}/man'
mkdir_p=''
oldincludedir='/usr/include'
pdfdir='${docdir}'
prefix='/home/gitpod/R'
program_transform_name='s,x,x,'
psdir='${docdir}'
r_arch=''
rdocdir='${rhome}/doc'
rincludedir='${rhome}/include'
rsharedir='${rhome}/share'
sbindir='${exec_prefix}/sbin'
sharedstatedir='${prefix}/com'
shlibpath_var=''
sysconfdir='${prefix}/etc'
target_alias=''
use_tcltk=''

## ------------------- ##
## File substitutions. ##
## ------------------- ##

r_cc_lo_rules_frag=''
r_cc_rules_frag=''
r_cxx_rules_frag=''
r_objc_rules_frag=''

## ----------- ##
## confdefs.h. ##
## ----------- ##

/* confdefs.h */
#define PACKAGE_NAME "R"
#define PACKAGE_TARNAME "R"
#define PACKAGE_VERSION "4.1.0"
#define PACKAGE_STRING "R 4.1.0"
#define PACKAGE_BUGREPORT "https://bugs.r-project.org"
#define PACKAGE_URL "https://www.r-project.org"
#define PACKAGE "R"
#define VERSION "4.1.0"
#define R_PLATFORM "x86_64-pc-linux-gnu"
#define R_CPU "x86_64"
#define R_VENDOR "pc"
#define R_OS "linux-gnu"
#define Unix 1
#define R_ARCH ""
#define STDC_HEADERS 1
#define HAVE_SYS_TYPES_H 1
#define HAVE_SYS_STAT_H 1
#define HAVE_STDLIB_H 1
#define HAVE_STRING_H 1
#define HAVE_MEMORY_H 1
#define HAVE_STRINGS_H 1
#define HAVE_INTTYPES_H 1
#define HAVE_STDINT_H 1
#define HAVE_UNISTD_H 1
#define __EXTENSIONS__ 1
#define _ALL_SOURCE 1
#define _GNU_SOURCE 1
#define _POSIX_PTHREAD_SEMANTICS 1
#define _TANDEM_SOURCE 1

configure: exit 1
