During startup - Warning messages:
1: Setting LC_CTYPE failed, using "C" 
2: Setting LC_COLLATE failed, using "C" 
3: Setting LC_TIME failed, using "C" 
4: Setting LC_MESSAGES failed, using "C" 
5: Setting LC_MONETARY failed, using "C" 
6: Setting LC_PAPER failed, using "C" 
7: Setting LC_MEASUREMENT failed, using "C" 
[1] "C"
Installing package into '/home/gitpod/R/x86_64-pc-linux-gnu-library/4.4'
(as 'lib' is unspecified)
trying URL 'https://cloud.r-project.org/src/contrib/BiocManager_1.30.23.tar.gz'
Content type 'application/x-gzip' length 589753 bytes (575 KB)
==================================================
downloaded 575 KB

During startup - Warning messages:
1: Setting LC_CTYPE failed, using "C" 
2: Setting LC_TIME failed, using "C" 
3: Setting LC_MESSAGES failed, using "C" 
4: Setting LC_MONETARY failed, using "C" 
5: Setting LC_PAPER failed, using "C" 
6: Setting LC_MEASUREMENT failed, using "C" 
* installing *source* package 'BiocManager' ...
** package 'BiocManager' successfully unpacked and MD5 sums checked
** using staged installation
** R
** inst
** byte-compile and prepare package for lazy loading
During startup - Warning messages:
1: Setting LC_CTYPE failed, using "C" 
2: Setting LC_TIME failed, using "C" 
3: Setting LC_MESSAGES failed, using "C" 
4: Setting LC_MONETARY failed, using "C" 
5: Setting LC_PAPER failed, using "C" 
6: Setting LC_MEASUREMENT failed, using "C" 
** help
*** installing help indices
** building package indices
During startup - Warning messages:
1: Setting LC_CTYPE failed, using "C" 
2: Setting LC_TIME failed, using "C" 
3: Setting LC_MESSAGES failed, using "C" 
4: Setting LC_MONETARY failed, using "C" 
5: Setting LC_PAPER failed, using "C" 
6: Setting LC_MEASUREMENT failed, using "C" 
** installing vignettes
** testing if installed package can be loaded from temporary location
During startup - Warning messages:
1: Setting LC_CTYPE failed, using "C" 
2: Setting LC_TIME failed, using "C" 
3: Setting LC_MESSAGES failed, using "C" 
4: Setting LC_MONETARY failed, using "C" 
5: Setting LC_PAPER failed, using "C" 
6: Setting LC_MEASUREMENT failed, using "C" 
** testing if installed package can be loaded from final location
During startup - Warning messages:
1: Setting LC_CTYPE failed, using "C" 
2: Setting LC_TIME failed, using "C" 
3: Setting LC_MESSAGES failed, using "C" 
4: Setting LC_MONETARY failed, using "C" 
5: Setting LC_PAPER failed, using "C" 
6: Setting LC_MEASUREMENT failed, using "C" 
** testing if installed package keeps a record of temporary installation path
* DONE (BiocManager)

The downloaded source packages are in
	'/tmp/RtmpUYoT14/downloaded_packages'
Error: Bioconductor version '3.12' requires R version '4.0'; use `version = '3.19'`
  with R version 4.4; see https://bioconductor.org/install
Execution halted
