Loading required package: MatrixGenerics
Loading required package: matrixStats

Attaching package: ‘MatrixGenerics’

The following objects are masked from ‘package:matrixStats’:

    colAlls, colAnyNAs, colAnys, colAvgsPerRowSet, colCollapse,
    colCounts, colCummaxs, colCummins, colCumprods, colCumsums,
    colDiffs, colIQRDiffs, colIQRs, colLogSumExps, colMadDiffs,
    colMads, colMaxs, colMeans2, colMedians, colMins, colOrderStats,
    colProds, colQuantiles, colRanges, colRanks, colSdDiffs, colSds,
    colSums2, colTabulates, colVarDiffs, colVars, colWeightedMads,
    colWeightedMeans, colWeightedMedians, colWeightedSds,
    colWeightedVars, rowAlls, rowAnyNAs, rowAnys, rowAvgsPerColSet,
    rowCollapse, rowCounts, rowCummaxs, rowCummins, rowCumprods,
    rowCumsums, rowDiffs, rowIQRDiffs, rowIQRs, rowLogSumExps,
    rowMadDiffs, rowMads, rowMaxs, rowMeans2, rowMedians, rowMins,
    rowOrderStats, rowProds, rowQuantiles, rowRanges, rowRanks,
    rowSdDiffs, rowSds, rowSums2, rowTabulates, rowVarDiffs, rowVars,
    rowWeightedMads, rowWeightedMeans, rowWeightedMedians,
    rowWeightedSds, rowWeightedVars

Loading required package: GenomicRanges
Loading required package: stats4
Loading required package: BiocGenerics

Attaching package: ‘BiocGenerics’

The following objects are masked from ‘package:stats’:

    IQR, mad, sd, var, xtabs

The following objects are masked from ‘package:base’:

    anyDuplicated, aperm, append, as.data.frame, basename, cbind,
    colnames, dirname, do.call, duplicated, eval, evalq, Filter, Find,
    get, grep, grepl, intersect, is.unsorted, lapply, Map, mapply,
    match, mget, order, paste, pmax, pmax.int, pmin, pmin.int,
    Position, rank, rbind, Reduce, rownames, sapply, setdiff, sort,
    table, tapply, union, unique, unsplit, which.max, which.min

Loading required package: S4Vectors

Attaching package: ‘S4Vectors’

The following object is masked from ‘package:utils’:

    findMatches

The following objects are masked from ‘package:base’:

    expand.grid, I, unname

Loading required package: IRanges
Loading required package: GenomeInfoDb
Loading required package: Biobase
Welcome to Bioconductor

    Vignettes contain introductory material; view with
    'browseVignettes()'. To cite Bioconductor, see
    'citation("Biobase")', and for packages 'citation("pkgname")'.


Attaching package: ‘Biobase’

The following object is masked from ‘package:MatrixGenerics’:

    rowMedians

The following objects are masked from ‘package:matrixStats’:

    anyMissing, rowMedians

[1] "Current working directory: /workspace/PredictIOR_Nextflow/work/52/aefb5ab814b4197f52e8c102cfdffd"
[1] "First few lines of ./results/ICB_Ravi__Lung__PD-L1_expr.csv :"
         X SU2CLC_CLE_NIVO10 SU2CLC_CLE_NIVO18 SU2CLC_CLE_NIVO19
1   TSPAN6       4.052615868         3.6696278          3.672324
2     TNMD      -9.965784285        -0.7881455          1.081217
3     DPM1       3.461554752         6.6295125          6.150718
4    SCYL3      -9.965784285         3.4745788          3.188937
5 C1orf112       0.002623318         3.5483626          3.715553
  SU2CLC_CLE_NIVO2 SU2CLC_CLE_NIVO20 SU2CLC_CLE_NIVO21 SU2CLC_CLE_NIVO24
1        2.8429969          2.266295        -0.7859324         5.0292939
2       -0.8971081         -4.558704         1.6965459        -9.9657843
3        6.6629603          5.466415         5.8838823        -3.2509206
4        3.9756485          2.905430         5.3539831        -0.6243633
5        5.0464692          3.926426         5.1050075        -0.3786031
  SU2CLC_CLE_NIVO3 SU2CLC_CLE_NIVO31 SU2CLC_CLE_NIVO5 SU2CLC_CLE_NIVO52
1        0.9341164         -9.965784         1.394350         -5.363078
2       -2.0851906         -9.965784        -9.965784         -9.965784
3        7.0451590         -9.965784         6.911248          2.685889
4        5.2323730         -9.965784         3.677892          4.430800
5        6.7947408         -9.965784         4.255063          4.295532
  SU2CLC_CLE_NIVO64 SU2CLC_CLE_NIVO9 SU2CLC_COL_1001 SU2CLC_COL_1004
1          4.677993         2.524763       3.3459073        3.274608
2         -9.965784        -1.273190      -0.4979974       -4.399182
3         -4.164367         6.266882       6.3565840        6.167173
4         -6.559248         3.450208       3.2597470        2.848231
5          3.878009         3.775999       3.3354833        3.787109
  SU2CLC_COL_1005 SU2CLC_COL_1007 SU2CLC_COL_1008 SU2CLC_COL_1010
1        3.137666        3.252986        3.242319        3.917107
2       -4.073029       -1.314578       -2.668217       -2.781117
3        6.443554        7.320855        6.191505        6.746111
4        2.829082        2.765974        3.482771        3.526707
5        3.931995        4.331239        4.381491        4.884769
  SU2CLC_COL_1016 SU2CLC_COL_1017 SU2CLC_COL_1018 SU2CLC_COL_1020
1        2.372440        4.607745        3.672007     -5.56408556
2       -9.965784        7.455015       -9.965784     -5.09000422
3        6.351653        6.409654        5.474017      4.41015112
4        2.559049        3.580266        3.026862      0.01339794
5        4.017343        5.296656        4.512770      3.52670736
  SU2CLC_COL_1021 SU2CLC_COL_1023 SU2CLC_COL_1025 SU2CLC_COL_1026
1        2.369712        3.084248        4.480362        4.127493
2       -2.823248       -2.859049       -2.516033       -2.076153
3        6.660310        5.831507        6.906470        6.239589
4        3.913761        3.695337        2.897575        3.154961
5        4.696055        4.720333        4.605530        3.568908
  SU2CLC_COL_1027 SU2CLC_COL_1031 SU2CLC_COL_1032 SU2CLC_COL_1034
1       0.7728147        2.321836        5.571822        3.667972
2      -0.3963369       -2.644325       -1.005270       -2.087077
3       6.0112944        7.012178        6.154974        6.382261
4       3.2930614        3.627619        4.293885        3.739751
5       3.9742448        4.745022        5.337686        4.996791
  SU2CLC_COL_1036 SU2CLC_COL_1037 SU2CLC_COL_1039 SU2CLC_COL_1041
1        4.642395        3.413107        3.357988        3.503361
2       -1.492878       -1.278629       -9.965784       -9.965784
3        6.333490        6.307928        6.880343        5.786526
4        3.228572        4.020502        4.843903        6.669650
5        3.741564        5.086487        6.693668        5.562007
  SU2CLC_COL_1043 SU2CLC_COL_1044 SU2CLC_COL_1047 SU2CLC_DFC_1001
1        4.091827        1.557503       3.8212000        2.542508
2       -1.690326       -4.139236       0.8856368       -1.369982
3        5.355855        6.079702       6.3989608        6.037760
4        3.752556        3.142314       4.0177883        2.597431
5        4.598014        4.073469       4.6388269        3.573556
  SU2CLC_DFC_1002 SU2CLC_DFC_1003 SU2CLC_DFC_1004 SU2CLC_DFC_1007
1        2.595823        2.334225        4.217642        4.604510
2       -1.023783       -9.965784       -2.253615        3.266730
3        5.641612        6.015770        6.454350        6.070123
4        3.608738        3.349224        3.526282        3.488939
5        4.227433        3.346645        4.416813        4.543174
  SU2CLC_DFC_1012 SU2CLC_DFC_1013 SU2CLC_DFC_1015 SU2CLC_DFC_1016
1        2.110694        4.755459        2.857388        3.809023
2       -0.584118       -9.965784       -2.281983       -1.155871
3        6.491302        6.234938        6.000599        5.697524
4        4.065727        3.660552        3.165915        3.518523
5        4.614056        4.083230        3.223497        4.631349
  SU2CLC_DFC_1017 SU2CLC_DFC_1020 SU2CLC_DFC_1534 SU2CLC_DFC_1535
1        2.366252        3.179925       2.4711172        2.542788
2       -9.965784       -9.965784       0.6438931       -3.037663
3        6.189939        5.538501       5.5388268        5.960428
4        2.929564        3.275614       2.7333066        3.738368
5        4.208197        3.156100       3.8000509        5.514318
  SU2CLC_DFC_1536 SU2CLC_DFC_1537 SU2CLC_DFC_1538 SU2CLC_DFC_1539
1        2.344215       2.8804465        2.840497       3.7720651
2       -1.364047       0.4860244       -1.903706      -0.9100274
3        5.822998       6.1635994        6.138464       7.3113941
4        2.892329       3.7826078        3.081916       3.7812128
5        3.418217       3.9823730        3.428196       5.5579982
  SU2CLC_DFC_DF0032 SU2CLC_DFC_DF0033 SU2CLC_DFC_DF0047 SU2CLC_DFC_DF0107
1          3.971902          2.264380          1.752924         3.0551783
2         -1.237241         -5.080942          0.871268         0.8034502
3          5.695635          4.862491          5.349701         6.1943491
4          4.046631          2.795977          3.466888         5.1957216
5          4.492436          3.130615          3.354692         5.4699869
  SU2CLC_DFC_DF0108 SU2CLC_DFC_DF0109 SU2CLC_DFC_DF0112 SU2CLC_DFC_DF0241
1         0.6479776         3.0624689          1.843538         0.4652222
2        -3.6980425         0.3359748         -3.243045        -1.7263003
3         5.3623401         5.5090687          5.469961         4.8076949
4         3.8056226         3.1615765          2.845159         2.6521446
5         4.0371098         3.4340944          4.067682         2.6993206
  SU2CLC_DFC_DF0499 SU2CLC_DFC_DF0510 SU2CLC_DFC_DF0512 SU2CLC_DFC_DF0561
1          2.082931          1.416407          3.391245          2.307956
2         -9.965784          2.454802          2.777748         -3.239880
3          6.053366          5.714476          5.994937          5.287251
4          2.747151          2.774555          3.478933          3.002890
5          3.161093          3.376749          3.806035          3.147582
  SU2CLC_DFC_DF0668 SU2CLC_DFC_DF0790 SU2CLC_DFC_DF0840 SU2CLC_MDA_1442
1          1.866983          1.802727         3.3363548       4.2078070
2         -9.965784         -3.630519        -0.7098682      -9.9657843
3          6.297679          5.475905         5.3410998       5.3657520
4          3.011959          2.078593         3.0293734       3.3911491
5          4.695972          3.002441         3.7017154       0.3774125
  SU2CLC_MDA_1443 SU2CLC_MDA_1444 SU2CLC_MDA_1561 SU2CLC_MDA_1562
1        3.365567        3.658714        2.847883        3.668516
2       -3.700347       -1.549958       -2.806004       -2.698520
3        5.655481        6.815204        5.760415        5.917193
4        2.706844        2.509184        3.075615        3.153369
5        3.887681        3.366336        3.977720        3.432933
  SU2CLC_MDA_1563 SU2CLC_MDA_1564 SU2CLC_MDA_1627 SU2CLC_MDA_1628
1        2.531189       -9.965784       1.8403343        2.887514
2       -3.027498       -9.965784      -0.9933788       -1.898017
3        6.897277        5.914971       6.3966784        6.659711
4        3.784179       -9.965784       4.9222692        4.080470
5        5.417289        1.704735       5.2700205        4.862322
  SU2CLC_MDA_1630 SU2CLC_MDA_1631 SU2CLC_MGH_1044 SU2CLC_MGH_1054
1       2.3914928        3.476550        3.582508        4.131137
2      -0.2136161       -3.143016       -4.408803       -4.443823
3       6.0757572        7.557418        7.177549        7.610176
4       3.0047315        3.552193        4.229411        4.196922
5       4.0737774        5.090422        4.773305        4.887199
  SU2CLC_MGH_1055 SU2CLC_MGH_1135 SU2CLC_MGH_1148 SU2CLC_MGH_1149
1        1.399991        3.876537       4.3505043        3.261665
2       -9.965784        2.598632      -0.3634603       -1.465420
3       -9.965784        5.909480       6.8059244        6.221748
4       -9.965784        3.247814       3.8310057        3.402845
5       -9.965784        3.726929       4.5999366        3.740183
  SU2CLC_MGH_1150 SU2CLC_MGH_1151 SU2CLC_MGH_1158 SU2CLC_MGH_1161
1        4.404052        3.555608        3.437827        1.476879
2        2.217746        0.566143       -3.601387       -6.353550
3        5.731531        6.693236        6.457087        6.007756
4        3.649512        4.825623        3.469404        2.879267
5        5.616537        5.923967        4.368789        3.116854
  SU2CLC_MGH_1163 SU2CLC_MGH_1169 SU2CLC_MGH_1387 SU2CLC_MGH_1388
1        3.002976        3.875298        3.907362        1.083166
2       -1.284743       -1.550609       -9.965784       -9.965784
3        5.980034        6.801029        6.234325       -9.965784
4        2.745257        3.665938        3.355777       -9.965784
5        3.398282        4.873779        3.786094       -9.965784
  SU2CLC_MGH_1389 SU2CLC_MGH_1409 SU2CLC_MGH_1411 SU2CLC_MGH_1412
1        3.730096       3.1145120       3.1972489        4.284381
2       -3.347120      -0.4307948       0.2117723       -2.951920
3        6.345529       6.0493258       6.7447397        6.201285
4        4.049047       3.0751338       3.3175559        3.172283
5        4.362968       3.5339371       4.2528168        3.759294
  SU2CLC_MGH_1413 SU2CLC_MGH_1414 SU2CLC_MGH_1415 SU2CLC_MGH_1418
1        2.713839        4.153449        3.615240       5.1269522
2        1.986440        0.211249       -1.681478      -0.2497502
3        5.936035        6.450545        6.724828       7.1310647
4        3.011810        2.671882        3.144071       3.2116804
5        3.665154        3.501261        4.362414       4.5297273
  SU2CLC_MGH_1487 SU2CLC_MGH_1488 SU2CLC_MGH_1489 SU2CLC_MGH_1490
1      -9.9657843        3.654894       -1.211451      3.94889982
2      -9.9657843        1.497536        2.472152     -0.04504289
3       7.9451102        6.241432        5.154356      6.59615993
4       0.6278403        3.964177        3.438093      3.46915663
5       3.9509629        4.732861        3.500942      4.27274734
  SU2CLC_MGH_1492 SU2CLC_MGH_1493 SU2CLC_MGH_1495 SU2CLC_MGH_1499
1        2.568881        1.434433        3.597186        1.491822
2       -3.377579       -3.550905        4.108299       -2.642234
3        6.672029        5.500598        5.830851        5.009961
4        2.312566        2.699372        3.645540        2.305612
5        3.571228        4.187206        4.581424        1.966947
  SU2CLC_MGH_1500 SU2CLC_MGH_1501 SU2CLC_MGH_1565 SU2CLC_MGH_1567
1       0.8405237        2.983490       4.3723601        3.057263
2      -0.8030002       -1.409217      -0.5879643       -2.322527
3       4.9418059        6.542814       6.6141430        6.675675
4       4.1143420        3.528021       3.3738291        2.970438
5       4.4516002        4.664676       4.2835736        4.056835
  SU2CLC_MGH_1568 SU2CLC_MGH_1572 SU2CLC_MGH_1573 SU2CLC_MGH_1574
1        2.731335        2.109692        2.106633      -0.7826799
2       -2.463509       -2.298779       -1.786990      -3.7632490
3        6.179089        6.439331        6.019811       5.7392487
4        3.256339        3.593736        3.683135       3.4576862
5        4.548245        3.893838        4.686237       4.1357236
  SU2CLC_MGH_1575 SU2CLC_MGH_1576 SU2CLC_MGH_1577 SU2CLC_MSK_1364
1        3.856159        1.541777       0.5137838        3.586813
2       -1.862733       -4.264013      -1.1317968       -9.965784
3        6.538659        6.572379       5.4410153        6.676225
4        3.364096        3.311907       3.6603012        2.512831
5        4.436162        4.606176       4.2419546        4.109712
  SU2CLC_MSK_1365 SU2CLC_UCD_1124 SU2CLC_UCD_1137 SU2CLC_UCD_1142
1        1.969267        3.197038        2.398629        2.691172
2       -3.576338        3.937655       -1.967228       -1.122476
3        4.594990        5.377388        6.195107        6.817508
4        3.051346        2.841788        3.061206        2.820265
5        4.510430        2.298400        3.769846        3.763443
  SU2CLC_UCD_1143 SU2CLC_UCD_1557 SU2CLC_UCD_1560
1        2.866835        2.113344       -1.090637
2       -9.965784       -3.731206       -9.965784
3        6.389309        4.406666        4.793298
4        3.235526        3.742340        2.509176
5        3.589248        3.715015        1.805416
[1] "First few lines of ./results/ICB_Ravi__Lung__PD-L1_clin.csv :"
          patientid   sex age cancer_type histo tissueid treatmentid stage
1 SU2CLC_CLE_NIVO10 FALSE  55        Lung Adeno     Lung   Nivolumab    IV
2 SU2CLC_CLE_NIVO18 FALSE  68        Lung Adeno     Lung   Nivolumab    II
3 SU2CLC_CLE_NIVO19 FALSE  57        Lung Adeno     Lung   Nivolumab    IV
4  SU2CLC_CLE_NIVO2 FALSE  63        Lung Adeno     Lung   Nivolumab    IV
5 SU2CLC_CLE_NIVO20 FALSE  63        Lung Adeno     Lung   Nivolumab    IV
  response.other.info recist response  treatment dna    rna survival_time_pfs
1                  NA     PD       NR PD-1/PD-L1  NA rnaseq          2.069645
2                  NA     PD       NR PD-1/PD-L1  NA rnaseq          1.642576
3                  NA     PR        R PD-1/PD-L1  NA rnaseq          9.756899
4                  NA     PD       NR PD-1/PD-L1  NA rnaseq          2.233903
5                  NA     PR        R PD-1/PD-L1  NA rnaseq          8.968463
  event_occurred_pfs survival_time_os event_occurred_os survival_unit
1                  1         2.825230                 1         month
2                  1         5.289093                 1         month
3                  1         9.756899                 1         month
4                  1         4.040736                 1         month
5                  1         8.968463                 1         month
  survival_type TMB_raw nsTMB_raw indel_TMB_raw indel_nsTMB_raw TMB_perMb
1        PFS/OS      NA        NA            NA              NA        NA
2        PFS/OS      NA        NA            NA              NA        NA
3        PFS/OS      NA        NA            NA              NA        NA
4        PFS/OS      NA        NA            NA              NA        NA
5        PFS/OS      NA        NA            NA              NA        NA
  nsTMB_perMb indel_TMB_perMb indel_nsTMB_perMb CIN CNA_tot AMP DEL dna_info
1          NA              NA                NA  NA      NA  NA  NA       NA
2          NA              NA                NA  NA      NA  NA  NA       NA
3          NA              NA                NA  NA      NA  NA  NA       NA
4          NA              NA                NA  NA      NA  NA  NA       NA
5          NA              NA                NA  NA      NA  NA  NA       NA
  rna_info Harmonized_Confirmed_BOR_Bin Harmonized_Confirmed_BOR_3_Cat
1      tpm                            0                             PD
2      tpm                            0                             PD
3      tpm                            1                          CR/PR
4      tpm                            0                             PD
5      tpm                            1                          CR/PR
  Advanced_Diagnosis_Date_Positive Patient_Smoking_Pack_Years_Harmonized_Log
1                              321                                  3.433987
2                              533                                  0.000000
3                               35                                  2.772589
4                              262                                  0.000000
5                              301                                  3.583519
  WES_Cohort_1 WES_Cohort_2 WES_All RNA_Cohort_1 RNA_Cohort_2 RNA_All
1           NA           NA      NA            1           NA       1
2           NA           NA      NA            1           NA       1
3           NA           NA      NA            1           NA       1
4           NA           NA      NA            1           NA       1
5           NA           NA      NA            1           NA       1
       Institution Harmonized_SU2C_WES_Tumor_Sample_ID_v2
1 Cleveland Clinic                                   <NA>
2 Cleveland Clinic                   SU2CLC-CLE-NIVO18-T1
3 Cleveland Clinic                   SU2CLC-CLE-NIVO19-T1
4 Cleveland Clinic                                   <NA>
5 Cleveland Clinic                                   <NA>
  Harmonized_SU2C_WES_Normal_Sample_ID_v2
1                                    <NA>
2                    SU2CLC-CLE-NIVO18-N1
3                    SU2CLC-CLE-NIVO19-N1
4                                    <NA>
5                                    <NA>
  Harmonized_SU2C_RNA_Tumor_Sample_ID_v2 Pre.treatment_RNA_Sample_QC
1                   SU2CLC-CLE-NIVO10-T1                        Flag
2                   SU2CLC-CLE-NIVO18-T1                        Keep
3                   SU2CLC-CLE-NIVO19-T1                        Keep
4                    SU2CLC-CLE-NIVO2-T1                        Keep
5                   SU2CLC-CLE-NIVO20-T1                        Keep
  Patient_Race Patient_Smoking_Status Patient_Smoking_Pack_Years_Harmonized
1            2                      1                                    30
2            0                      0                                     0
3            2                      2                                    15
4            0                      0                                     0
5            0                      1                                    35
  Histology_Detail Initial_Stage_Substage PDL1_TPS PDL1_TPS_Description
1               NA                   <NA>       NA                   NA
2               NA                      A       NA                   NA
3               NA                   <NA>       NA                   NA
4               NA                   <NA>       NA                   NA
5               NA                   <NA>       NA                   NA
  Local_Antibody_Clone Clinical_Driver Sequencing_Platform
1                   NA            <NA>                  NA
2                   NA            EGFR                  NA
3                   NA            <NA>                  NA
4                   NA            <NA>                  NA
5                   NA            KRAS                  NA
  Advanced_Diagnosis_Date Line_of_Therapy Agent_PD1_Category Prior_Platinum
1                    -321               3             PD(L)1              1
2                    -533               4             PD(L)1              1
3                     -35               1             PD(L)1              0
4                    -262               4             PD(L)1              1
5                    -301               2             PD(L)1              1
  Prior_TKI Harmonized_PFS_Days Harmonized_BOR_RECIST Harmonized_OS_Days
1         0                  63                    NA                 86
2         1                  50                    NA                161
3         0                 297                    NA                297
4         1                  68                    NA                123
5         0                 273                    NA                273
