[1] "Reading signature information..."
[1] "Signature information loaded:"
          signature DNA...RNA association             RNA.type method
1       ADO_Sidders       RNA  resistance Count RNA-seq or TPM   GSVA
2      APM_Thompson       RNA   sensitive              log CPM   GSVA
3          APM_Wang       RNA   sensitive           microarray   GSVA
4    Bcell_Budczies       RNA   sensitive           microarray   GSVA
5     Bcell_Helmink       RNA   sensitive            log FPKM    GSVA
6 Blood_Friedlander       RNA   sensitive           microarray   GSVA
          cancer.type score.function     PMID cuarted
1            multiple    geneSigGSVA 31953314     YES
2   lung and melanoma    geneSigGSVA 33028693     YES
3            multiple    geneSigGSVA 31767055     YES
4                lung    geneSigGSVA 33520406     YES
5 melanoma and kidney    geneSigGSVA 31942075     YES
6            melanoma    geneSigGSVA 28807052     YES
                                                                                                                                                                                        information
1 Gene expression signature capturing the adenosine (ADO) pathway activity. This adenosine signature was significantly associated with reduced efficacy of anti-PD1 therapy in published cohorts.\n
2 Gene expression signature capturing the antigen processing and presentation machinery (APM). This signature was predictor of response of ICB in non-small cell lung cancer and melanoma patients.
3                                                                                                      Gene expression signature capturing the antigen processing and presentation machinery (APM).
4                                      Gene expression signature capturing the B-cells activity. This B_cell signature was a predictor of the response of PD-(L)1 blockade in lung cancer patients.
5                                                      Gene expression signature capturing the B-cells activity. This B_cell signature was a predictor of the response of ICB in published cohorts.
6                                         Gene expression signature, derieved from whole-blood RNA-Sequencing, capturing the expression level of genes associated with response to CTLA-4 blockade.
  immunotherapy gitHub.status
1           Yes        Shared
2           Yes        Shared
3            No        Shared
4           Yes        Shared
5           Yes        Shared
6           Yes        Shared
[1] "Number of rows in signature data frame: 55"
[1] "Structure of signature data frame:"
'data.frame':	55 obs. of  12 variables:
 $ signature     : chr  "ADO_Sidders" "APM_Thompson" "APM_Wang" "Bcell_Budczies" ...
 $ DNA...RNA     : chr  "RNA" "RNA" "RNA" "RNA" ...
 $ association   : chr  "resistance" "sensitive" "sensitive" "sensitive" ...
 $ RNA.type      : chr  "Count RNA-seq or TPM" "log CPM" "microarray" "microarray" ...
 $ method        : chr  "GSVA" "GSVA" "GSVA" "GSVA" ...
 $ cancer.type   : chr  "multiple" "lung and melanoma" "multiple" "lung" ...
 $ score.function: chr  "geneSigGSVA" "geneSigGSVA" "geneSigGSVA" "geneSigGSVA" ...
 $ PMID          : chr  "31953314" "33028693" "31767055" "33520406" ...
 $ cuarted       : chr  "YES" "YES" "YES" "YES" ...
 $ information   : chr  "Gene expression signature capturing the adenosine (ADO) pathway activity. This adenosine signature was signific"| __truncated__ "Gene expression signature capturing the antigen processing and presentation machinery (APM). This signature was"| __truncated__ "Gene expression signature capturing the antigen processing and presentation machinery (APM)." "Gene expression signature capturing the B-cells activity. This B_cell signature was a predictor of the response"| __truncated__ ...
 $ immunotherapy : chr  "Yes" "Yes" "No" "Yes" ...
 $ gitHub.status : chr  "Shared" "Shared" "Shared" "Shared" ...
[[1]]
[1] "sig"

[[2]]
[1] "sig"

[[3]]
[1] "sig"

[[4]]
[1] "sig"

[[5]]
[1] "sig"

[[6]]
[1] "sig"

[[7]]
[1] "sig"

[[8]]
[1] "sig"

[[9]]
[1] "sig"

[[10]]
[1] "sig"

[[11]]
[1] "sig"

[[12]]
[1] "sig"

[[13]]
[1] "sig"

[[14]]
[1] "sig"

[[15]]
[1] "sig"

[[16]]
[1] "sig"

[[17]]
[1] "sig"

[[18]]
[1] "sig"

[[19]]
[1] "sig"

[[20]]
[1] "sig"

[[21]]
[1] "sig"

[[22]]
[1] "sig"

[[23]]
[1] "sig"

[[24]]
[1] "sig"

[[25]]
[1] "sig"

[[26]]
[1] "sig"

[[27]]
[1] "sig"

[[28]]
[1] "sig"

[[29]]
[1] "sig"

[[30]]
[1] "sig"

[[31]]
[1] "sig"

[[32]]
[1] "sig"

[[33]]
[1] "sig"

[[34]]
[1] "sig"

[[35]]
[1] "sig"

[[36]]
[1] "sig"

[[37]]
[1] "sig"

[[38]]
[1] "sig"

[[39]]
[1] "sig"

[[40]]
[1] "sig"

[[41]]
[1] "sig"

[[42]]
[1] "sig"

[[43]]
[1] "sig"

[[44]]
[1] "sig"

[[45]]
[1] "sig"

[[46]]
[1] "sig"

[[47]]
[1] "sig"

[[48]]
[1] "sig"

[[49]]
[1] "sig"

[[50]]
[1] "sig"

[[51]]
[1] "sig"

[[52]]
[1] "sig"

[[53]]
[1] "sig"

[[54]]
[1] "sig"

[[55]]
[1] "sig"

