[[1]]
[1] "ICB_small_Hugo"

[[2]]
[1] "ICB_small_Liu"

[[3]]
[1] "ICB_small_Mariathasan"

[[4]]
[1] "ICB_small_Miao"

[[5]]
[1] "ICB_small_Nathanson"

[[6]]
[1] "ICB_small_Padron"

[[7]]
[1] "ICB_small_Riaz"

[[8]]
[1] "ICB_small_Van_Allen"

[[1]]
[1] "ICB_small_Hugo"

[[2]]
[1] "ICB_small_Liu"

[[3]]
[1] "ICB_small_Mariathasan"

[[4]]
[1] "ICB_small_Miao"

[[5]]
[1] "ICB_small_Nathanson"

[[6]]
[1] "ICB_small_Padron"

[[7]]
[1] "ICB_small_Riaz"

[[8]]
[1] "ICB_small_Van_Allen"

[1] "ICB_small_Hugo"        "ICB_small_Liu"         "ICB_small_Mariathasan"
[4] "ICB_small_Miao"        "ICB_small_Nathanson"   "ICB_small_Padron"     
[7] "ICB_small_Riaz"        "ICB_small_Van_Allen"  
