Loading required package: MatrixGenerics
Loading required package: matrixStats

Attaching package: ‘MatrixGenerics’

The following objects are masked from ‘package:matrixStats’:

    colAlls, colAnyNAs, colAnys, colAvgsPerRowSet, colCollapse,
    colCounts, colCummaxs, colCummins, colCumprods, colCumsums,
    colDiffs, colIQRDiffs, colIQRs, colLogSumExps, colMadDiffs,
    colMads, colMaxs, colMeans2, colMedians, colMins, colOrderStats,
    colProds, colQuantiles, colRanges, colRanks, colSdDiffs, colSds,
    colSums2, colTabulates, colVarDiffs, colVars, colWeightedMads,
    colWeightedMeans, colWeightedMedians, colWeightedSds,
    colWeightedVars, rowAlls, rowAnyNAs, rowAnys, rowAvgsPerColSet,
    rowCollapse, rowCounts, rowCummaxs, rowCummins, rowCumprods,
    rowCumsums, rowDiffs, rowIQRDiffs, rowIQRs, rowLogSumExps,
    rowMadDiffs, rowMads, rowMaxs, rowMeans2, rowMedians, rowMins,
    rowOrderStats, rowProds, rowQuantiles, rowRanges, rowRanks,
    rowSdDiffs, rowSds, rowSums2, rowTabulates, rowVarDiffs, rowVars,
    rowWeightedMads, rowWeightedMeans, rowWeightedMedians,
    rowWeightedSds, rowWeightedVars

Loading required package: GenomicRanges
Loading required package: stats4
Loading required package: BiocGenerics

Attaching package: ‘BiocGenerics’

The following objects are masked from ‘package:stats’:

    IQR, mad, sd, var, xtabs

The following objects are masked from ‘package:base’:

    anyDuplicated, aperm, append, as.data.frame, basename, cbind,
    colnames, dirname, do.call, duplicated, eval, evalq, Filter, Find,
    get, grep, grepl, intersect, is.unsorted, lapply, Map, mapply,
    match, mget, order, paste, pmax, pmax.int, pmin, pmin.int,
    Position, rank, rbind, Reduce, rownames, sapply, setdiff, sort,
    table, tapply, union, unique, unsplit, which.max, which.min

Loading required package: S4Vectors

Attaching package: ‘S4Vectors’

The following object is masked from ‘package:utils’:

    findMatches

The following objects are masked from ‘package:base’:

    expand.grid, I, unname

Loading required package: IRanges
Loading required package: GenomeInfoDb
Loading required package: Biobase
Welcome to Bioconductor

    Vignettes contain introductory material; view with
    'browseVignettes()'. To cite Bioconductor, see
    'citation("Biobase")', and for packages 'citation("pkgname")'.


Attaching package: ‘Biobase’

The following object is masked from ‘package:MatrixGenerics’:

    rowMedians

The following objects are masked from ‘package:matrixStats’:

    anyMissing, rowMedians

Loading required package: metadat
Loading 'meta' package (version 7.0-0).
Type 'help(meta)' for a brief overview.
Readers of 'Meta-Analysis with R (Use R!)' should install
older version of 'meta' package: https://tinyurl.com/dt4y5drs
          Signature method
1       ADO_Sidders   GSVA
2      APM_Thompson   GSVA
3          APM_Wang   GSVA
4    Bcell_Budczies   GSVA
5     Bcell_Helmink   GSVA
6 Blood_Friedlander   GSVA
[1] "methods"
 [1] "GSVA"               "GSVA"               "GSVA"              
 [4] "GSVA"               "GSVA"               "GSVA"              
 [7] "ssGSEA"             "GSVA"               "GSVA"              
[10] "GSVA"               "GSVA"               "GSVA"              
[13] "GSVA"               "Specific Algorithm" "GSVA"              
[16] "GSVA"               "GSVA"               "Weighted Mean"     
[19] "GSVA"               "Weighted Mean"      "GSVA"              
[22] "GSVA"               "GSVA"               "Weighted Mean"     
[25] "GSVA"               "GSVA"               "Specific Algorithm"
[28] "Specific Algorithm" "Specific Algorithm" "Weighted Mean"     
[31] "Weighted Mean"      "GSVA"               "ssGSEA"            
[34] "GSVA"               "ssGSEA"             "ssGSEA"            
[37] "Weighted Mean"      "GSVA"               "GSVA"              
[40] "Specific Algorithm" "GSVA"               "ssGSEA"            
[43] "Specific Algorithm" "Weighted Mean"      "Weighted Mean"     
[46] "GSVA"               "GSVA"               "GSVA"              
[49] "GSVA"               "GSVA"               "Weighted Mean"     
[52] "GSVA"               "GSVA"               "GSVA"              
[55] "GSVA"              
[1] "Loaded signature information:"
          signature DNA...RNA association             RNA.type method
1       ADO_Sidders       RNA  resistance Count RNA-seq or TPM   GSVA
2      APM_Thompson       RNA   sensitive              log CPM   GSVA
3          APM_Wang       RNA   sensitive           microarray   GSVA
4    Bcell_Budczies       RNA   sensitive           microarray   GSVA
5     Bcell_Helmink       RNA   sensitive            log FPKM    GSVA
6 Blood_Friedlander       RNA   sensitive           microarray   GSVA
          cancer.type score.function     PMID cuarted
1            multiple    geneSigGSVA 31953314     YES
2   lung and melanoma    geneSigGSVA 33028693     YES
3            multiple    geneSigGSVA 31767055     YES
4                lung    geneSigGSVA 33520406     YES
5 melanoma and kidney    geneSigGSVA 31942075     YES
6            melanoma    geneSigGSVA 28807052     YES
                                                                                                                                                                                        information
1 Gene expression signature capturing the adenosine (ADO) pathway activity. This adenosine signature was significantly associated with reduced efficacy of anti-PD1 therapy in published cohorts.\n
2 Gene expression signature capturing the antigen processing and presentation machinery (APM). This signature was predictor of response of ICB in non-small cell lung cancer and melanoma patients.
3                                                                                                      Gene expression signature capturing the antigen processing and presentation machinery (APM).
4                                      Gene expression signature capturing the B-cells activity. This B_cell signature was a predictor of the response of PD-(L)1 blockade in lung cancer patients.
5                                                      Gene expression signature capturing the B-cells activity. This B_cell signature was a predictor of the response of ICB in published cohorts.
6                                         Gene expression signature, derieved from whole-blood RNA-Sequencing, capturing the expression level of genes associated with response to CTLA-4 blockade.
  immunotherapy gitHub.status         Signature
1           Yes        Shared       ADO_Sidders
2           Yes        Shared      APM_Thompson
3            No        Shared          APM_Wang
4           Yes        Shared    Bcell_Budczies
5           Yes        Shared     Bcell_Helmink
6           Yes        Shared Blood_Friedlander
[1] "Loaded dir_GeneSig"
[1] 55
[1] "see sig_name"
[1] "ADO_Sidders"
[1] "Signature Name: ADO_Sidders"
[1] "Method: GSVA"
not enough samples and/or genes in a data
[1] "see sig_name"
[1] "APM_Thompson"
[1] "Signature Name: APM_Thompson"
[1] "Method: GSVA"
not enough samples and/or genes in a data
[1] "see sig_name"
[1] "APM_Wang"
[1] "Signature Name: APM_Wang"
[1] "Method: GSVA"
not enough samples and/or genes in a data
[1] "see sig_name"
[1] "Bcell_Budczies"
[1] "Signature Name: Bcell_Budczies"
[1] "Method: GSVA"
not enough samples and/or genes in a data
[1] "see sig_name"
[1] "Bcell_Helmink"
[1] "Signature Name: Bcell_Helmink"
[1] "Method: GSVA"
not enough samples and/or genes in a data
[1] "see sig_name"
[1] "Blood_Friedlander"
[1] "Signature Name: Blood_Friedlander"
[1] "Method: GSVA"
not enough samples and/or genes in a data
[1] "see sig_name"
[1] "C-ECM_Chakravarthy"
[1] "Signature Name: C-ECM_Chakravarthy"
[1] "Method: ssGSEA"
not enough samples and/or genes in a data
[1] "see sig_name"
[1] "CCL5-CXCL9_Dangaj"
[1] "Signature Name: CCL5-CXCL9_Dangaj"
[1] "Method: GSVA"
[1] "see sig_name"
[1] "CD39-CD8Tcell_Chow"
[1] "Signature Name: CD39-CD8Tcell_Chow"
[1] "Method: GSVA"
not enough samples and/or genes in a data
[1] "see sig_name"
[1] "CD8_Sade-Feldman"
[1] "Signature Name: CD8_Sade-Feldman"
[1] "Method: GSVA"
not enough samples and/or genes in a data
[1] "see sig_name"
[1] "Chemokine_Messina"
[1] "Signature Name: Chemokine_Messina"
[1] "Method: GSVA"
[1] "see sig_name"
[1] "CIN25_Carter"
[1] "Signature Name: CIN25_Carter"
[1] "Method: GSVA"
not enough samples and/or genes in a data
[1] "see sig_name"
[1] "CIN70_Carter"
[1] "Signature Name: CIN70_Carter"
[1] "Method: GSVA"
not enough samples and/or genes in a data
[1] "see sig_name"
[1] "COX-IS_Bonavita"
[1] "Signature Name: COX-IS_Bonavita"
[1] "Method: Specific Algorithm"
[1] "see sig_name"
[1] "CRMA_Shukla"
[1] "Signature Name: CRMA_Shukla"
[1] "Method: GSVA"
not enough samples and/or genes in a data
[1] "see sig_name"
[1] "CYT_Davoli"
[1] "Signature Name: CYT_Davoli"
[1] "Method: GSVA"
[1] "see sig_name"
[1] "CYT_Rooney"
[1] "Signature Name: CYT_Rooney"
[1] "Method: GSVA"
[1] "see sig_name"
[1] "EMT_Thompson"
[1] "Signature Name: EMT_Thompson"
[1] "Method: Weighted Mean"
[1] "see sig_name"
[1] "EMTstroma_Wang"
[1] "Signature Name: EMTstroma_Wang"
[1] "Method: GSVA"
[1] "see sig_name"
[1] "IFN_Ayers"
[1] "Signature Name: IFN_Ayers"
[1] "Method: Weighted Mean"
[1] "see sig_name"
[1] "ImmuneCells_Xiong"
[1] "Signature Name: ImmuneCells_Xiong"
[1] "Method: GSVA"
not enough samples and/or genes in a data
[1] "see sig_name"
[1] "ImmuneScore_Roh"
[1] "Signature Name: ImmuneScore_Roh"
[1] "Method: GSVA"
not enough samples and/or genes in a data
[1] "see sig_name"
[1] "ImmunoScore_Hao"
[1] "Signature Name: ImmunoScore_Hao"
[1] "Method: GSVA"
not enough samples and/or genes in a data
[1] "see sig_name"
[1] "IMPRES_Auslander"
[1] "Signature Name: IMPRES_Auslander"
[1] "Method: Weighted Mean"
not enough samples and/or genes in a data
[1] "see sig_name"
[1] "IMS_Cui"
[1] "Signature Name: IMS_Cui"
[1] "Method: GSVA"
[1] "see sig_name"
[1] "Inflammatory_Thompson"
[1] "Signature Name: Inflammatory_Thompson"
[1] "Method: GSVA"
[1] "see sig_name"
[1] "IPRES_Hugo"
[1] "Signature Name: IPRES_Hugo"
[1] "Method: Specific Algorithm"
[1] "Calculating ranks..."
[1] "Calculating absolute values from ranks..."
[1] "Normalizing..."
[1] "Calculating ranks..."
[1] "Calculating absolute values from ranks..."
[1] "Normalizing..."
[1] "Calculating ranks..."
[1] "Calculating absolute values from ranks..."
[1] "Normalizing..."
[1] "Calculating ranks..."
[1] "Calculating absolute values from ranks..."
[1] "Normalizing..."
[1] "Calculating ranks..."
[1] "Calculating absolute values from ranks..."
[1] "Normalizing..."
[1] "Calculating ranks..."
[1] "Calculating absolute values from ranks..."
[1] "Normalizing..."
[1] "Calculating ranks..."
[1] "Calculating absolute values from ranks..."
[1] "Normalizing..."
[1] "Calculating ranks..."
[1] "Calculating absolute values from ranks..."
[1] "Normalizing..."
[1] "Calculating ranks..."
[1] "Calculating absolute values from ranks..."
[1] "Normalizing..."
[1] "Calculating ranks..."
[1] "Calculating absolute values from ranks..."
[1] "Normalizing..."
[1] "Calculating ranks..."
[1] "Calculating absolute values from ranks..."
[1] "Normalizing..."
[1] "Calculating ranks..."
[1] "Calculating absolute values from ranks..."
[1] "Normalizing..."
[1] "Calculating ranks..."
[1] "Calculating absolute values from ranks..."
[1] "Normalizing..."
[1] "Calculating ranks..."
[1] "Calculating absolute values from ranks..."
[1] "Normalizing..."
[1] "Calculating ranks..."
[1] "Calculating absolute values from ranks..."
[1] "Normalizing..."
[1] "Calculating ranks..."
[1] "Calculating absolute values from ranks..."
[1] "Normalizing..."
[1] "Calculating ranks..."
[1] "Calculating absolute values from ranks..."
[1] "Normalizing..."
[1] "Calculating ranks..."
[1] "Calculating absolute values from ranks..."
[1] "Normalizing..."
[1] "Calculating ranks..."
[1] "Calculating absolute values from ranks..."
[1] "Normalizing..."
[1] "Calculating ranks..."
[1] "Calculating absolute values from ranks..."
[1] "Normalizing..."
[1] "Calculating ranks..."
[1] "Calculating absolute values from ranks..."
[1] "Normalizing..."
[1] "Calculating ranks..."
[1] "Calculating absolute values from ranks..."
[1] "Normalizing..."
[1] "Calculating ranks..."
[1] "Calculating absolute values from ranks..."
[1] "Normalizing..."
[1] "Calculating ranks..."
[1] "Calculating absolute values from ranks..."
[1] "Normalizing..."
[1] "Calculating ranks..."
[1] "Calculating absolute values from ranks..."
[1] "Normalizing..."
[1] "Calculating ranks..."
[1] "Calculating absolute values from ranks..."
[1] "Normalizing..."
[1] "Calculating ranks..."
[1] "Calculating absolute values from ranks..."
[1] "Normalizing..."
[1] "Calculating ranks..."
[1] "Calculating absolute values from ranks..."
[1] "Normalizing..."
[1] "Calculating ranks..."
[1] "Calculating absolute values from ranks..."
[1] "Normalizing..."
[1] "Calculating ranks..."
[1] "Calculating absolute values from ranks..."
[1] "Normalizing..."
[1] "Calculating ranks..."
[1] "Calculating absolute values from ranks..."
[1] "Normalizing..."
[1] "Calculating ranks..."
[1] "Calculating absolute values from ranks..."
[1] "Normalizing..."
[1] "Calculating ranks..."
[1] "Calculating absolute values from ranks..."
[1] "Normalizing..."
[1] "Calculating ranks..."
[1] "Calculating absolute values from ranks..."
[1] "Normalizing..."
[1] "Calculating ranks..."
[1] "Calculating absolute values from ranks..."
[1] "Normalizing..."
[1] "Calculating ranks..."
[1] "Calculating absolute values from ranks..."
[1] "Normalizing..."
[1] "Calculating ranks..."
[1] "Calculating absolute values from ranks..."
[1] "Normalizing..."
[1] "Calculating ranks..."
[1] "Calculating absolute values from ranks..."
[1] "Normalizing..."
[1] "Calculating ranks..."
[1] "Calculating absolute values from ranks..."
[1] "Normalizing..."
[1] "see sig_name"
[1] "IPS_Charoentong"
[1] "Signature Name: IPS_Charoentong"
[1] "Method: Specific Algorithm"
[1] "see sig_name"
[1] "IPSOV_Shen"
[1] "Signature Name: IPSOV_Shen"
[1] "Method: Specific Algorithm"
[1] "Calculating ranks..."
[1] "Calculating absolute values from ranks..."
[1] "Normalizing..."
[1] "Calculating ranks..."
[1] "Calculating absolute values from ranks..."
[1] "Normalizing..."
[1] "Calculating ranks..."
[1] "Calculating absolute values from ranks..."
[1] "Normalizing..."
[1] "Calculating ranks..."
[1] "Calculating absolute values from ranks..."
[1] "Normalizing..."
[1] "Calculating ranks..."
[1] "Calculating absolute values from ranks..."
[1] "Normalizing..."
[1] "Calculating ranks..."
[1] "Calculating absolute values from ranks..."
[1] "Normalizing..."
[1] "Calculating ranks..."
[1] "Calculating absolute values from ranks..."
[1] "Normalizing..."
[1] "Calculating ranks..."
[1] "Calculating absolute values from ranks..."
[1] "Normalizing..."
[1] "Calculating ranks..."
[1] "Calculating absolute values from ranks..."
[1] "Normalizing..."
[1] "Calculating ranks..."
[1] "Calculating absolute values from ranks..."
[1] "Normalizing..."
[1] "Calculating ranks..."
[1] "Calculating absolute values from ranks..."
[1] "Normalizing..."
[1] "Calculating ranks..."
[1] "Calculating absolute values from ranks..."
[1] "Normalizing..."
[1] "Calculating ranks..."
[1] "Calculating absolute values from ranks..."
[1] "Normalizing..."
[1] "see sig_name"
[1] "IRG_Ayers"
[1] "Signature Name: IRG_Ayers"
[1] "Method: Weighted Mean"
[1] "see sig_name"
[1] "IRG_Yang"
[1] "Signature Name: IRG_Yang"
[1] "Method: Weighted Mean"
not enough samples and/or genes in a data
[1] "see sig_name"
[1] "KDM5A_Wang"
[1] "Signature Name: KDM5A_Wang"
[1] "Method: GSVA"
not enough samples and/or genes in a data
[1] "see sig_name"
[1] "M1_Hwang"
[1] "Signature Name: M1_Hwang"
[1] "Method: ssGSEA"
[1] "Calculating ranks..."
[1] "Calculating absolute values from ranks..."
[1] "Normalizing..."
[1] "see sig_name"
[1] "Macrophage_Danaher"
[1] "Signature Name: Macrophage_Danaher"
[1] "Method: GSVA"
not enough samples and/or genes in a data
[1] "see sig_name"
[1] "MHC-I_Liu"
[1] "Signature Name: MHC-I_Liu"
[1] "Method: ssGSEA"
[1] "Calculating ranks..."
[1] "Calculating absolute values from ranks..."
[1] "Normalizing..."
[1] "see sig_name"
[1] "MHC-II_Liu"
[1] "Signature Name: MHC-II_Liu"
[1] "Method: ssGSEA"
not enough samples and/or genes in a data
[1] "see sig_name"
[1] "MPS_Guijarro"
[1] "Signature Name: MPS_Guijarro"
[1] "Method: Weighted Mean"
not enough samples and/or genes in a data
[1] "see sig_name"
[1] "Myeloid-DC_Helmink"
[1] "Signature Name: Myeloid-DC_Helmink"
[1] "Method: GSVA"
not enough samples and/or genes in a data
[1] "see sig_name"
[1] "NonResponse_Chen"
[1] "Signature Name: NonResponse_Chen"
[1] "Method: GSVA"
not enough samples and/or genes in a data
[1] "see sig_name"
[1] "PassON_Du"
[1] "Signature Name: PassON_Du"
[1] "Method: Specific Algorithm"
[1] "Calculating ranks..."
[1] "Calculating absolute values from ranks..."
[1] "Normalizing..."
[1] "Calculating ranks..."
[1] "Calculating absolute values from ranks..."
[1] "Normalizing..."
[1] "Calculating ranks..."
[1] "Calculating absolute values from ranks..."
[1] "Normalizing..."
[1] "Calculating ranks..."
[1] "Calculating absolute values from ranks..."
[1] "Normalizing..."
[1] "see sig_name"
[1] "PDL1_Nishino"
[1] "Signature Name: PDL1_Nishino"
[1] "Method: GSVA"
[1] "see sig_name"
[1] "peri-Tcell_Hwang"
[1] "Signature Name: peri-Tcell_Hwang"
[1] "Method: ssGSEA"
not enough samples and/or genes in a data
[1] "see sig_name"
[1] "PredictIO_Bareche"
[1] "Signature Name: PredictIO_Bareche"
[1] "Method: Specific Algorithm"
[1] "see sig_name"
[1] "proliferation_Pabla"
[1] "Signature Name: proliferation_Pabla"
[1] "Method: Weighted Mean"
not enough samples and/or genes in a data
[1] "see sig_name"
[1] "PTEN-MITF_Cabrita"
[1] "Signature Name: PTEN-MITF_Cabrita"
[1] "Method: Weighted Mean"
not enough samples and/or genes in a data
[1] "see sig_name"
[1] "Response_Chen"
[1] "Signature Name: Response_Chen"
[1] "Method: GSVA"
not enough samples and/or genes in a data
[1] "see sig_name"
[1] "STAT1_Care"
[1] "Signature Name: STAT1_Care"
[1] "Method: GSVA"
not enough samples and/or genes in a data
[1] "see sig_name"
[1] "Tcell-exclusion_Arnon"
[1] "Signature Name: Tcell-exclusion_Arnon"
[1] "Method: GSVA"
not enough samples and/or genes in a data
[1] "see sig_name"
[1] "Teff_McDermott"
[1] "Signature Name: Teff_McDermott"
[1] "Method: GSVA"
[1] "see sig_name"
[1] "Teff-IFNG_Fehrenbacher"
[1] "Signature Name: Teff-IFNG_Fehrenbacher"
[1] "Method: GSVA"
[1] "see sig_name"
[1] "TGFB_Mariathasan"
[1] "Signature Name: TGFB_Mariathasan"
[1] "Method: Weighted Mean"
not enough samples and/or genes in a data
[1] "see sig_name"
[1] "TIS_Damotte"
[1] "Signature Name: TIS_Damotte"
[1] "Method: GSVA"
[1] "see sig_name"
[1] "TLS_Cabrita"
[1] "Signature Name: TLS_Cabrita"
[1] "Method: GSVA"
not enough samples and/or genes in a data
[1] "see sig_name"
[1] "TUMOR-VASCULATURE-UP_Lu"
[1] "Signature Name: TUMOR-VASCULATURE-UP_Lu"
[1] "Method: GSVA"
[1] "see sig_name"
[1] "VIGex_Hernando-Calvo"
[1] "Signature Name: VIGex_Hernando-Calvo"
[1] "Method: GSVA"
Warning message:
In .gsva_newAPI(expr = dataMatrix, gset.idx.list = mappedGeneSets,  :
  Some gene sets have size one. Consider setting 'minSize > 1'.
