          Signature method
1       ADO_Sidders   GSVA
2      APM_Thompson   GSVA
3          APM_Wang   GSVA
4    Bcell_Budczies   GSVA
5     Bcell_Helmink   GSVA
6 Blood_Friedlander   GSVA
[1] "methods"
 [1] "GSVA"               "GSVA"               "GSVA"              
 [4] "GSVA"               "GSVA"               "GSVA"              
 [7] "ssGSEA"             "GSVA"               "GSVA"              
[10] "GSVA"               "GSVA"               "GSVA"              
[13] "GSVA"               "Specific Algorithm" "GSVA"              
[16] "GSVA"               "GSVA"               "Weighted Mean"     
[19] "GSVA"               "Weighted Mean"      "GSVA"              
[22] "GSVA"               "GSVA"               "Weighted Mean"     
[25] "GSVA"               "GSVA"               "Specific Algorithm"
[28] "Specific Algorithm" "Specific Algorithm" "Weighted Mean"     
[31] "Weighted Mean"      "GSVA"               "ssGSEA"            
[34] "GSVA"               "ssGSEA"             "ssGSEA"            
[37] "Weighted Mean"      "GSVA"               "GSVA"              
[40] "Specific Algorithm" "GSVA"               "ssGSEA"            
[43] "Specific Algorithm" "Weighted Mean"      "Weighted Mean"     
[46] "GSVA"               "GSVA"               "GSVA"              
[49] "GSVA"               "GSVA"               "Weighted Mean"     
[52] "GSVA"               "GSVA"               "GSVA"              
[55] "GSVA"              
[1] "Loaded signature information:"
          signature DNA...RNA association             RNA.type method
1       ADO_Sidders       RNA  resistance Count RNA-seq or TPM   GSVA
2      APM_Thompson       RNA   sensitive              log CPM   GSVA
3          APM_Wang       RNA   sensitive           microarray   GSVA
4    Bcell_Budczies       RNA   sensitive           microarray   GSVA
5     Bcell_Helmink       RNA   sensitive            log FPKM    GSVA
6 Blood_Friedlander       RNA   sensitive           microarray   GSVA
          cancer.type score.function     PMID cuarted
1            multiple    geneSigGSVA 31953314     YES
2   lung and melanoma    geneSigGSVA 33028693     YES
3            multiple    geneSigGSVA 31767055     YES
4                lung    geneSigGSVA 33520406     YES
5 melanoma and kidney    geneSigGSVA 31942075     YES
6            melanoma    geneSigGSVA 28807052     YES
                                                                                                                                                                                        information
1 Gene expression signature capturing the adenosine (ADO) pathway activity. This adenosine signature was significantly associated with reduced efficacy of anti-PD1 therapy in published cohorts.\n
2 Gene expression signature capturing the antigen processing and presentation machinery (APM). This signature was predictor of response of ICB in non-small cell lung cancer and melanoma patients.
3                                                                                                      Gene expression signature capturing the antigen processing and presentation machinery (APM).
4                                      Gene expression signature capturing the B-cells activity. This B_cell signature was a predictor of the response of PD-(L)1 blockade in lung cancer patients.
5                                                      Gene expression signature capturing the B-cells activity. This B_cell signature was a predictor of the response of ICB in published cohorts.
6                                         Gene expression signature, derieved from whole-blood RNA-Sequencing, capturing the expression level of genes associated with response to CTLA-4 blockade.
  immunotherapy gitHub.status         Signature
1           Yes        Shared       ADO_Sidders
2           Yes        Shared      APM_Thompson
3            No        Shared          APM_Wang
4           Yes        Shared    Bcell_Budczies
5           Yes        Shared     Bcell_Helmink
6           Yes        Shared Blood_Friedlander
[1] "Loaded dir_GeneSig"
[1] 55
[1] "lest check sig type"
[1] "data.frame"
'data.frame':	14 obs. of  5 variables:
 $ signature_name: chr  "ADO_Sidders" "ADO_Sidders" "ADO_Sidders" "ADO_Sidders" ...
 $ gene_id       : chr  "ENSG00000132170.24" "ENSG00000165168.9" "ENSG00000168542.16" "ENSG00000049768.17" ...
 $ gene_type     : chr  "protein_coding" "protein_coding" "protein_coding" "protein_coding" ...
 $ gene_name     : chr  "PPARG" "CYBB" "COL3A1" "FOXP3" ...
 $ weight        : logi  NA NA NA NA NA NA ...
NULL
[1] " see sig_name"
[1] "ADO_Sidders"
[1] "Signature Name: ADO_Sidders"
[1] "Method: GSVA"
[1] "lest check sig type"
[1] "data.frame"
'data.frame':	8 obs. of  5 variables:
 $ signature_name: chr  "APM_Thompson" "APM_Thompson" "APM_Thompson" "APM_Thompson" ...
 $ gene_id       : chr  "ENSG00000166710.23" "ENSG00000179218.15" "ENSG00000140853.17" "ENSG00000240065.8" ...
 $ gene_type     : chr  "protein_coding" "protein_coding" "protein_coding" "protein_coding" ...
 $ gene_name     : chr  "B2M" "CALR" "NLRC5" "PSMB9" ...
 $ weight        : int  1 1 1 1 1 1 1 1
NULL
[1] " see sig_name"
[1] "APM_Thompson"
[1] "Signature Name: APM_Thompson"
[1] "Method: GSVA"
[1] "lest check sig type"
[1] "data.frame"
'data.frame':	18 obs. of  5 variables:
 $ signature_name: chr  "APM_Wang" "APM_Wang" "APM_Wang" "APM_Wang" ...
 $ gene_id       : chr  "ENSG00000100804.19" "ENSG00000142507.10" "ENSG00000136930.13" "ENSG00000204264.12" ...
 $ gene_type     : chr  "protein_coding" "protein_coding" "protein_coding" "protein_coding" ...
 $ gene_name     : chr  "PSMB5" "PSMB6" "PSMB7" "PSMB8" ...
 $ weight        : logi  NA NA NA NA NA NA ...
NULL
[1] " see sig_name"
[1] "APM_Wang"
[1] "Signature Name: APM_Wang"
[1] "Method: GSVA"
[1] "lest check sig type"
[1] "data.frame"
'data.frame':	8 obs. of  5 variables:
 $ signature_name: chr  "Bcell_Budczies" "Bcell_Budczies" "Bcell_Budczies" "Bcell_Budczies" ...
 $ gene_id       : chr  "ENSG00000136573.15" "ENSG00000177455.15" "ENSG00000132704.16" "ENSG00000156738.18" ...
 $ gene_type     : chr  "protein_coding" "protein_coding" "protein_coding" "protein_coding" ...
 $ gene_name     : chr  "BLK" "CD19" "FCRL2" "MS4A1" ...
 $ weight        : int  1 1 1 1 1 1 1 1
NULL
[1] " see sig_name"
[1] "Bcell_Budczies"
[1] "Signature Name: Bcell_Budczies"
[1] "Method: GSVA"
[1] "lest check sig type"
[1] "data.frame"
'data.frame':	66 obs. of  5 variables:
 $ signature_name: chr  "Bcell_Helmink" "Bcell_Helmink" "Bcell_Helmink" "Bcell_Helmink" ...
 $ gene_id       : chr  "ENSG00000138670.19" "ENSG00000112149.10" "ENSG00000164031.17" "ENSG00000126353.3" ...
 $ gene_type     : chr  "protein_coding" "protein_coding" "protein_coding" "protein_coding" ...
 $ gene_name     : chr  "RASGEF1B" "CD83" "DNAJB14" "CCR7" ...
 $ weight        : int  1 1 1 1 1 1 1 1 1 1 ...
NULL
[1] " see sig_name"
[1] "Bcell_Helmink"
[1] "Signature Name: Bcell_Helmink"
[1] "Method: GSVA"
[1] "lest check sig type"
[1] "data.frame"
'data.frame':	15 obs. of  5 variables:
 $ signature_name: chr  "Blood_Friedlander" "Blood_Friedlander" "Blood_Friedlander" "Blood_Friedlander" ...
 $ gene_id       : chr  "ENSG00000151694.14" "ENSG00000123374.11" "ENSG00000147889.18" "ENSG00000197635.11" ...
 $ gene_type     : chr  "protein_coding" "protein_coding" "protein_coding" "protein_coding" ...
 $ gene_name     : chr  "ADAM17" "CDK2" "CDKN2A" "DPP4" ...
 $ weight        : logi  NA NA NA NA NA NA ...
NULL
[1] " see sig_name"
[1] "Blood_Friedlander"
[1] "Signature Name: Blood_Friedlander"
[1] "Method: GSVA"
[1] "lest check sig type"
[1] "data.frame"
'data.frame':	58 obs. of  5 variables:
 $ signature_name: chr  "C-ECM_Chakravarthy" "C-ECM_Chakravarthy" "C-ECM_Chakravarthy" "C-ECM_Chakravarthy" ...
 $ gene_id       : chr  "ENSG00000168477.19" "ENSG00000143196.5" "ENSG00000046653.15" "ENSG00000166482.12" ...
 $ gene_type     : chr  "protein_coding" "protein_coding" "protein_coding" "protein_coding" ...
 $ gene_name     : chr  "TNXB" "DPT" "GPM6B" "MFAP4" ...
 $ weight        : logi  NA NA NA NA NA NA ...
NULL
[1] " see sig_name"
[1] "C-ECM_Chakravarthy"
[1] "Signature Name: C-ECM_Chakravarthy"
[1] "Method: ssGSEA"
[1] "lest check sig type"
[1] "data.frame"
'data.frame':	21 obs. of  5 variables:
 $ signature_name: chr  "CCL5-CXCL9_Dangaj" "CCL5-CXCL9_Dangaj" "CCL5-CXCL9_Dangaj" "CCL5-CXCL9_Dangaj" ...
 $ gene_id       : chr  "ENSG00000271503.6" "ENSG00000116824.5" "ENSG00000198821.11" "ENSG00000198851.10" ...
 $ gene_type     : chr  "protein_coding" "protein_coding" "protein_coding" "protein_coding" ...
 $ gene_name     : chr  "CCL5" "CD2" "CD247" "CD3E" ...
 $ weight        : int  1 1 1 1 1 1 1 1 1 1 ...
NULL
[1] " see sig_name"
[1] "CCL5-CXCL9_Dangaj"
[1] "Signature Name: CCL5-CXCL9_Dangaj"
[1] "Method: GSVA"
[1] "lest check sig type"
[1] "data.frame"
'data.frame':	23 obs. of  5 variables:
 $ signature_name: chr  "CD39-CD8Tcell_Chow" "CD39-CD8Tcell_Chow" "CD39-CD8Tcell_Chow" "CD39-CD8Tcell_Chow" ...
 $ gene_id       : chr  "ENSG00000138185.20" "ENSG00000166710.23" "ENSG00000116824.5" "ENSG00000198821.11" ...
 $ gene_type     : chr  "protein_coding" "protein_coding" "protein_coding" "protein_coding" ...
 $ gene_name     : chr  "ENTPD1" "B2M" "CD2" "CD247" ...
 $ weight        : logi  NA NA NA NA NA NA ...
NULL
[1] " see sig_name"
[1] "CD39-CD8Tcell_Chow"
[1] "Signature Name: CD39-CD8Tcell_Chow"
[1] "Method: GSVA"
[1] "lest check sig type"
[1] "data.frame"
'data.frame':	34 obs. of  5 variables:
 $ signature_name: chr  "CD8_Sade-Feldman" "CD8_Sade-Feldman" "CD8_Sade-Feldman" "CD8_Sade-Feldman" ...
 $ gene_id       : chr  "ENSG00000168685.15" "ENSG00000169508.7" "ENSG00000160789.24" "ENSG00000119508.18" ...
 $ gene_type     : chr  "protein_coding" "protein_coding" "protein_coding" "protein_coding" ...
 $ gene_name     : chr  "IL7R" "GPR183" "LMNA" "NR4A3" ...
 $ weight        : logi  NA NA NA NA NA NA ...
NULL
[1] " see sig_name"
[1] "CD8_Sade-Feldman"
[1] "Signature Name: CD8_Sade-Feldman"
[1] "Method: GSVA"
[1] "lest check sig type"
[1] "data.frame"
'data.frame':	12 obs. of  5 variables:
 $ signature_name: chr  "Chemokine_Messina" "Chemokine_Messina" "Chemokine_Messina" "Chemokine_Messina" ...
 $ gene_id       : chr  "ENSG00000108691.10" "ENSG00000277632.2" "ENSG00000275302.2" "ENSG00000271503.6" ...
 $ gene_type     : chr  "protein_coding" "protein_coding" "protein_coding" "protein_coding" ...
 $ gene_name     : chr  "CCL2" "CCL3" "CCL4" "CCL5" ...
 $ weight        : int  1 1 1 1 1 1 1 1 1 1 ...
NULL
[1] " see sig_name"
[1] "Chemokine_Messina"
[1] "Signature Name: Chemokine_Messina"
[1] "Method: GSVA"
[1] "lest check sig type"
[1] "data.frame"
'data.frame':	25 obs. of  5 variables:
 $ signature_name: chr  "CIN25_Carter" "CIN25_Carter" "CIN25_Carter" "CIN25_Carter" ...
 $ gene_id       : chr  "ENSG00000118707.11" "ENSG00000157456.8" "ENSG00000150753.12" "ENSG00000093009.11" ...
 $ gene_type     : chr  "protein_coding" "protein_coding" "protein_coding" "protein_coding" ...
 $ gene_name     : chr  "TGIF2" "CCNB2" "CCT5" "CDC45" ...
 $ weight        : int  1 1 1 1 1 1 1 1 1 1 ...
NULL
[1] " see sig_name"
[1] "CIN25_Carter"
[1] "Signature Name: CIN25_Carter"
[1] "Method: GSVA"
[1] "lest check sig type"
[1] "data.frame"
'data.frame':	70 obs. of  5 variables:
 $ signature_name: chr  "CIN70_Carter" "CIN70_Carter" "CIN70_Carter" "CIN70_Carter" ...
 $ gene_id       : chr  "ENSG00000088325.16" "ENSG00000198901.14" "ENSG00000111206.13" "ENSG00000170312.17" ...
 $ gene_type     : chr  "protein_coding" "protein_coding" "protein_coding" "protein_coding" ...
 $ gene_name     : chr  "TPX2" "PRC1" "FOXM1" "CDK1" ...
 $ weight        : int  1 1 1 1 1 1 1 1 1 1 ...
NULL
[1] " see sig_name"
[1] "CIN70_Carter"
[1] "Signature Name: CIN70_Carter"
[1] "Method: GSVA"
[1] "lest check sig type"
[1] "data.frame"
'data.frame':	24 obs. of  5 variables:
 $ signature_name: chr  "COX-IS_Bonavita" "COX-IS_Bonavita" "COX-IS_Bonavita" "COX-IS_Bonavita" ...
 $ gene_id       : chr  "ENSG00000112715.26" "ENSG00000108691.10" "ENSG00000169429.12" "ENSG00000163739.5" ...
 $ gene_type     : chr  "protein_coding" "protein_coding" "protein_coding" "protein_coding" ...
 $ gene_name     : chr  "VEGFA" "CCL2" "CXCL8" "CXCL1" ...
 $ weight        : int  1 1 1 1 1 1 1 1 1 -1 ...
NULL
[1] " see sig_name"
[1] "COX-IS_Bonavita"
[1] "Signature Name: COX-IS_Bonavita"
[1] "Method: Specific Algorithm"
