Loading required package: MatrixGenerics
Loading required package: matrixStats

Attaching package: ‘MatrixGenerics’

The following objects are masked from ‘package:matrixStats’:

    colAlls, colAnyNAs, colAnys, colAvgsPerRowSet, colCollapse,
    colCounts, colCummaxs, colCummins, colCumprods, colCumsums,
    colDiffs, colIQRDiffs, colIQRs, colLogSumExps, colMadDiffs,
    colMads, colMaxs, colMeans2, colMedians, colMins, colOrderStats,
    colProds, colQuantiles, colRanges, colRanks, colSdDiffs, colSds,
    colSums2, colTabulates, colVarDiffs, colVars, colWeightedMads,
    colWeightedMeans, colWeightedMedians, colWeightedSds,
    colWeightedVars, rowAlls, rowAnyNAs, rowAnys, rowAvgsPerColSet,
    rowCollapse, rowCounts, rowCummaxs, rowCummins, rowCumprods,
    rowCumsums, rowDiffs, rowIQRDiffs, rowIQRs, rowLogSumExps,
    rowMadDiffs, rowMads, rowMaxs, rowMeans2, rowMedians, rowMins,
    rowOrderStats, rowProds, rowQuantiles, rowRanges, rowRanks,
    rowSdDiffs, rowSds, rowSums2, rowTabulates, rowVarDiffs, rowVars,
    rowWeightedMads, rowWeightedMeans, rowWeightedMedians,
    rowWeightedSds, rowWeightedVars

Loading required package: GenomicRanges
Loading required package: stats4
Loading required package: BiocGenerics

Attaching package: ‘BiocGenerics’

The following objects are masked from ‘package:stats’:

    IQR, mad, sd, var, xtabs

The following objects are masked from ‘package:base’:

    anyDuplicated, aperm, append, as.data.frame, basename, cbind,
    colnames, dirname, do.call, duplicated, eval, evalq, Filter, Find,
    get, grep, grepl, intersect, is.unsorted, lapply, Map, mapply,
    match, mget, order, paste, pmax, pmax.int, pmin, pmin.int,
    Position, rank, rbind, Reduce, rownames, sapply, setdiff, sort,
    table, tapply, union, unique, unsplit, which.max, which.min

Loading required package: S4Vectors

Attaching package: ‘S4Vectors’

The following object is masked from ‘package:utils’:

    findMatches

The following objects are masked from ‘package:base’:

    expand.grid, I, unname

Loading required package: IRanges
Loading required package: GenomeInfoDb
Loading required package: Biobase
Welcome to Bioconductor

    Vignettes contain introductory material; view with
    'browseVignettes()'. To cite Bioconductor, see
    'citation("Biobase")', and for packages 'citation("pkgname")'.


Attaching package: ‘Biobase’

The following object is masked from ‘package:MatrixGenerics’:

    rowMedians

The following objects are masked from ‘package:matrixStats’:

    anyMissing, rowMedians

Clinical data (first few rows):
       sex age cancer_type histo              tissueid treatmentid stage
P10101   F  NA     Bladder    NA Bladder/Urinary Tract          NA    NA
P10264   M  NA     Bladder    NA Bladder/Urinary Tract          NA    NA
P10150   M  NA     Bladder    NA Bladder/Urinary Tract          NA    NA
P10220   M  NA     Bladder    NA Bladder/Urinary Tract          NA    NA
P10375   M  NA     Bladder    NA Bladder/Urinary Tract          NA    NA
P10073   M  NA     Bladder    NA Bladder/Urinary Tract          NA    NA
       response.other.info recist response  treatment  dna    rna
P10101                  NA   <NA>     <NA> PD-1/PD-L1  tgs rnaseq
P10264                  NA   <NA>     <NA> PD-1/PD-L1  tgs rnaseq
P10150                  NA     PR        R PD-1/PD-L1  tgs rnaseq
P10220                  NA     PD       NR PD-1/PD-L1 <NA> rnaseq
P10375                  NA     PD       NR PD-1/PD-L1  tgs rnaseq
P10073                  NA     PR        R PD-1/PD-L1 <NA> rnaseq
       survival_time_pfs event_occurred_pfs survival_time_os event_occurred_os
P10101                NA                 NA        0.4271047                 1
P10264                NA                 NA        0.6242300                 1
P10150                NA                 NA       24.4763860                 0
P10220                NA                 NA        4.6324435                 1
P10375                NA                 NA        1.4127310                 1
P10073                NA                 NA       11.4004107                 1
       survival_unit survival_type TMB_raw nsTMB_raw indel_TMB_raw
P10101         month            OS       4         4            NA
P10264         month            OS       4         4            NA
P10150         month            OS       3         3            NA
P10220         month            OS      NA        NA            NA
P10375         month            OS       1         1            NA
P10073         month            OS      NA        NA            NA
       indel_nsTMB_raw TMB_perMb nsTMB_perMb indel_TMB_perMb indel_nsTMB_perMb
P10101              NA  5.044136    5.044136              NA                NA
P10264              NA  5.044136    5.044136              NA                NA
P10150              NA  3.783102    3.783102              NA                NA
P10220              NA        NA          NA              NA                NA
P10375              NA  1.261034    1.261034              NA                NA
P10073              NA        NA          NA              NA                NA
       CIN  CNA_tot      AMP      DEL binaryResponse Enrollment.IC IC.Level
P10101  NA 0.000000 0.000000 0.000000           <NA>           IC1      IC1
P10264  NA 1.261034 0.000000 1.261034           <NA>           IC1      IC1
P10150  NA 5.044136 2.522068 2.522068          CR/PR           IC1      IC1
P10220  NA       NA       NA       NA          SD/PD           IC1      IC1
P10375  NA 6.305170 3.783102 2.522068          SD/PD           IC0      IC0
P10073  NA       NA       NA       NA          CR/PR           IC2     IC2+
       TC.Level Immune.phenotype FMOne.mutation.burden.per.MB
P10101      TC0         excluded                            6
P10264      TC1         inflamed                           10
P10150      TC0         excluded                            9
P10220      TC0         excluded                           NA
P10375      TC0           desert                           12
P10073     TC2+           desert                           NA
                            Race Intravesical.BCG.administered
P10101                     WHITE                             N
P10264                     WHITE                             N
P10150 BLACK OR AFRICAN AMERICAN                             Y
P10220                     WHITE                             N
P10375                     WHITE                             N
P10073                     WHITE                             N
       Baseline.ECOG.Score Tobacco.Use.History Met.Disease.Status
P10101                   1               NEVER           Visceral
P10264                   2            PREVIOUS           Visceral
P10150                   0            PREVIOUS           Visceral
P10220                   1               NEVER              Liver
P10375                   1            PREVIOUS              Liver
P10073                   1            PREVIOUS           Visceral
               Sample.age Received.platinum Sample.collected.pre.platinum
P10101 (less than) 1 year                 Y                             Y
P10264 (less than) 1 year                 N                          <NA>
P10150          1-2 years                 Y                             Y
P10220  more than 2 years                 Y                             Y
P10375  more than 2 years                 Y                             N
P10073 (less than) 1 year                 Y                             N
       Neoantigen.burden.per.MB sizeFactor    Lund          Lund2 TCGA.Subtype
P10101                1.0196078  1.2344059 MS2b2.2 Basal/SCC-like           IV
P10264                1.2549020  1.1647357 MS2b2.2 Basal/SCC-like           IV
P10150                       NA  1.4834422    MS1a           UroA            I
P10220                       NA  0.6498134   MS2b1    Infiltrated           II
P10375                0.3921569  1.3451211    MS1b           UroA            I
P10073                0.8627451  0.7984888   MS2b1    Infiltrated           IV
Cancer types with at least 15 samples: Bladder 
Sample IDs in clinical data (rownames):
[1] "P10101" "P10264" "P10150" "P10220" "P10375" "P10073"
Column names in expression matrix:
[1] "P10101" "P10264" "P10150" "P10220" "P10375" "P10073"
Filtered expression matrix dimensions: 1768 195 
Filtered clinical data dimensions: 195 50 
Length of status: 195 
Length of time: 195 
Length of variable: 195 
