Loading required package: MatrixGenerics
Loading required package: matrixStats

Attaching package: ‘MatrixGenerics’

The following objects are masked from ‘package:matrixStats’:

    colAlls, colAnyNAs, colAnys, colAvgsPerRowSet, colCollapse,
    colCounts, colCummaxs, colCummins, colCumprods, colCumsums,
    colDiffs, colIQRDiffs, colIQRs, colLogSumExps, colMadDiffs,
    colMads, colMaxs, colMeans2, colMedians, colMins, colOrderStats,
    colProds, colQuantiles, colRanges, colRanks, colSdDiffs, colSds,
    colSums2, colTabulates, colVarDiffs, colVars, colWeightedMads,
    colWeightedMeans, colWeightedMedians, colWeightedSds,
    colWeightedVars, rowAlls, rowAnyNAs, rowAnys, rowAvgsPerColSet,
    rowCollapse, rowCounts, rowCummaxs, rowCummins, rowCumprods,
    rowCumsums, rowDiffs, rowIQRDiffs, rowIQRs, rowLogSumExps,
    rowMadDiffs, rowMads, rowMaxs, rowMeans2, rowMedians, rowMins,
    rowOrderStats, rowProds, rowQuantiles, rowRanges, rowRanks,
    rowSdDiffs, rowSds, rowSums2, rowTabulates, rowVarDiffs, rowVars,
    rowWeightedMads, rowWeightedMeans, rowWeightedMedians,
    rowWeightedSds, rowWeightedVars

Loading required package: GenomicRanges
Loading required package: stats4
Loading required package: BiocGenerics

Attaching package: ‘BiocGenerics’

The following objects are masked from ‘package:stats’:

    IQR, mad, sd, var, xtabs

The following objects are masked from ‘package:base’:

    anyDuplicated, aperm, append, as.data.frame, basename, cbind,
    colnames, dirname, do.call, duplicated, eval, evalq, Filter, Find,
    get, grep, grepl, intersect, is.unsorted, lapply, Map, mapply,
    match, mget, order, paste, pmax, pmax.int, pmin, pmin.int,
    Position, rank, rbind, Reduce, rownames, sapply, setdiff, sort,
    table, tapply, union, unique, unsplit, which.max, which.min

Loading required package: S4Vectors

Attaching package: ‘S4Vectors’

The following object is masked from ‘package:utils’:

    findMatches

The following objects are masked from ‘package:base’:

    expand.grid, I, unname

Loading required package: IRanges
Loading required package: GenomeInfoDb
Loading required package: Biobase
Welcome to Bioconductor

    Vignettes contain introductory material; view with
    'browseVignettes()'. To cite Bioconductor, see
    'citation("Biobase")', and for packages 'citation("pkgname")'.


Attaching package: ‘Biobase’

The following object is masked from ‘package:MatrixGenerics’:

    rowMedians

The following objects are masked from ‘package:matrixStats’:

    anyMissing, rowMedians

Error in readChar(con, 5L, useBytes = TRUE) : cannot open the connection
Calls: load -> readChar
In addition: Warning message:
In readChar(con, 5L, useBytes = TRUE) :
  cannot open compressed file 'SIG_data/[ADO_Sidders, APM_Thompson, APM_Wang, Bcell_Budczies, Bcell_Helmink, Blood_Friedlander, CCL5-CXCL9_Dangaj, CD39-CD8Tcell_Chow, CD8_Sade-Feldman, C-ECM_Chakravarthy, Chemokine_Messina, CIN25_Carter, CIN70_Carter, COX-IS_Bonavita, CRMA_Shukla, CYT_Davoli, CYT_Rooney, EMTstroma_Wang, EMT_Thompson, IFN_Ayers, ImmuneCells_Xiong, ImmuneScore_Roh, ImmunoScore_Hao, IMPRES_Auslander, IMS_Cui, Inflammatory_Thompson, IPRES_Hugo, IPS_Charoentong, IPSOV_Shen, IRG_Ayers, IRG_Yang, KDM5A_Wang, M1_Hwang, Macrophage_Danaher, MHC-II_Liu, MHC-I_Liu, MPS_Guijarro, Myeloid-DC_Helmink, NonResponse_Chen, PassON_Du, PDL1_Nishino, peri-Tcell_Hwang, PredictIO_Bareche, proliferation_Pabla, PTEN-MITF_Cabrita, Response_Chen, STAT1_Care, Tcell-exclusion_Arnon, Teff-IFNG_Fehrenbacher, Teff_McDermott, TGFB_Mariathasan, TIS_Damotte, TLS_Cabrita, TUMOR-VASCULATURE-UP_Lu, VIGex_Hernando-Calvo].rda', probable reason 'File name too long'
Execution halted
