Jul-10 18:22:46.374 [main] DEBUG nextflow.cli.Launcher - $> nextflow run try.nf
Jul-10 18:22:46.582 [main] DEBUG nextflow.cli.CmdRun - N E X T F L O W  ~  version 24.04.2
Jul-10 18:22:46.638 [main] DEBUG nextflow.plugin.PluginsFacade - Setting up plugin manager > mode=prod; embedded=false; plugins-dir=/home/gitpod/.nextflow/plugins; core-plugins: nf-amazon@2.5.2,nf-azure@1.6.0,nf-cloudcache@0.4.1,nf-codecommit@0.2.0,nf-console@1.1.3,nf-ga4gh@1.3.0,nf-google@1.13.2,nf-tower@1.9.1,nf-wave@1.4.2
Jul-10 18:22:46.657 [main] INFO  o.pf4j.DefaultPluginStatusProvider - Enabled plugins: []
Jul-10 18:22:46.659 [main] INFO  o.pf4j.DefaultPluginStatusProvider - Disabled plugins: []
Jul-10 18:22:46.663 [main] INFO  org.pf4j.DefaultPluginManager - PF4J version 3.10.0 in 'deployment' mode
Jul-10 18:22:46.684 [main] INFO  org.pf4j.AbstractPluginManager - No plugins
Jul-10 18:22:46.842 [main] DEBUG nextflow.cli.CmdRun - Applied DSL=2 from script declaration
Jul-10 18:22:46.875 [main] DEBUG nextflow.cli.CmdRun - Launching `try.nf` [friendly_picasso] DSL2 - revision: f8c54acb80
Jul-10 18:22:46.878 [main] DEBUG nextflow.plugin.PluginsFacade - Plugins default=[]
Jul-10 18:22:46.878 [main] DEBUG nextflow.plugin.PluginsFacade - Plugins resolved requirement=[]
Jul-10 18:22:46.997 [main] DEBUG nextflow.Session - Session UUID: d41a2af2-c2f5-4169-bd91-6dfa23afd63e
Jul-10 18:22:46.998 [main] DEBUG nextflow.Session - Run name: friendly_picasso
Jul-10 18:22:46.999 [main] DEBUG nextflow.Session - Executor pool size: 16
Jul-10 18:22:47.029 [main] DEBUG nextflow.file.FilePorter - File porter settings maxRetries=3; maxTransfers=50; pollTimeout=null
Jul-10 18:22:47.042 [main] DEBUG nextflow.util.ThreadPoolBuilder - Creating thread pool 'FileTransfer' minSize=10; maxSize=48; workQueue=LinkedBlockingQueue[10000]; allowCoreThreadTimeout=false
Jul-10 18:22:47.093 [main] DEBUG nextflow.cli.CmdRun - 
  Version: 24.04.2 build 5914
  Created: 29-05-2024 06:19 UTC 
  System: Linux 6.1.91-060191-generic
  Runtime: Groovy 4.0.21 on OpenJDK 64-Bit Server VM 11.0.23+9-LTS
  Encoding: UTF-8 (UTF-8)
  Process: 572943@sogolsahebi-predictiorn-g4zh5pzzmjd [127.0.0.1]
  CPUs: 16 - Mem: 62.8 GB (832.6 MB) - Swap: 375 GB (368.6 GB)
Jul-10 18:22:47.160 [main] DEBUG nextflow.Session - Work-dir: /workspace/PredictIOR_Nextflow/ICB_data/work [xfs]
Jul-10 18:22:47.161 [main] DEBUG nextflow.Session - Script base path does not exist or is not a directory: /workspace/PredictIOR_Nextflow/ICB_data/bin
Jul-10 18:22:47.183 [main] DEBUG nextflow.executor.ExecutorFactory - Extension executors providers=[]
Jul-10 18:22:47.261 [main] DEBUG nextflow.Session - Observer factory: DefaultObserverFactory
Jul-10 18:22:47.349 [main] DEBUG nextflow.cache.CacheFactory - Using Nextflow cache factory: nextflow.cache.DefaultCacheFactory
Jul-10 18:22:47.368 [main] DEBUG nextflow.util.CustomThreadPool - Creating default thread pool > poolSize: 17; maxThreads: 1000
Jul-10 18:22:47.494 [main] DEBUG nextflow.Session - Session start
Jul-10 18:22:47.854 [main] DEBUG nextflow.script.ScriptRunner - Parsed script files:
Jul-10 18:22:47.865 [main] ERROR nextflow.cli.Launcher - Script compilation error
- file : /workspace/PredictIOR_Nextflow/ICB_data/try.nf
- cause: token recognition error at: '"' @ line 32, column 30.
           file_id <- sub(".rda$", "", file_id)  // Remove .rda extension to get the study ID
                                ^

1 error

nextflow.exception.ScriptCompilationException: Script compilation error
- file : /workspace/PredictIOR_Nextflow/ICB_data/try.nf
- cause: token recognition error at: '"' @ line 32, column 30.
           file_id <- sub(".rda$", "", file_id)  // Remove .rda extension to get the study ID
                                ^

1 error

	at nextflow.script.ScriptParser.parse0(ScriptParser.groovy:196)
	at nextflow.script.ScriptParser.parse(ScriptParser.groovy:206)
	at nextflow.script.ScriptRunner.parseScript(ScriptRunner.groovy:229)
	at nextflow.script.ScriptRunner.execute(ScriptRunner.groovy:136)
	at nextflow.cli.CmdRun.run(CmdRun.groovy:372)
	at nextflow.cli.Launcher.run(Launcher.groovy:503)
	at nextflow.cli.Launcher.main(Launcher.groovy:657)
Caused by: org.codehaus.groovy.control.MultipleCompilationErrorsException: startup failed:
Script_1cd7b0862ffa7e0b: 32: token recognition error at: '"' @ line 32, column 30.
           file_id <- sub(".rda$", "", file_id)  // Remove .rda extension to get the study ID
                                ^

1 error

	at org.codehaus.groovy.control.ErrorCollector.failIfErrors(ErrorCollector.java:292)
	at org.codehaus.groovy.control.ErrorCollector.addFatalError(ErrorCollector.java:148)
	at org.apache.groovy.parser.antlr4.AstBuilder.collectSyntaxError(AstBuilder.java:4753)
	at org.apache.groovy.parser.antlr4.AstBuilder.access$100(AstBuilder.java:169)
	at org.apache.groovy.parser.antlr4.AstBuilder$3.syntaxError(AstBuilder.java:4764)
	at groovyjarjarantlr4.v4.runtime.ProxyErrorListener.syntaxError(ProxyErrorListener.java:44)
	at groovyjarjarantlr4.v4.runtime.Lexer.notifyListeners(Lexer.java:381)
	at groovyjarjarantlr4.v4.runtime.Lexer.nextToken(Lexer.java:145)
	at groovyjarjarantlr4.v4.runtime.BufferedTokenStream.fetch(BufferedTokenStream.java:170)
	at groovyjarjarantlr4.v4.runtime.BufferedTokenStream.sync(BufferedTokenStream.java:153)
	at groovyjarjarantlr4.v4.runtime.BufferedTokenStream.consume(BufferedTokenStream.java:137)
	at groovyjarjarantlr4.v4.runtime.atn.ParserATNSimulator.execDFA(ParserATNSimulator.java:559)
	at groovyjarjarantlr4.v4.runtime.atn.ParserATNSimulator.adaptivePredict(ParserATNSimulator.java:408)
	at groovyjarjarantlr4.v4.runtime.atn.ParserATNSimulator.adaptivePredict(ParserATNSimulator.java:356)
	at org.apache.groovy.parser.antlr4.GroovyParser.commandExpression(GroovyParser.java:9704)
	at org.apache.groovy.parser.antlr4.GroovyParser.statementExpression(GroovyParser.java:8235)
	at org.apache.groovy.parser.antlr4.GroovyParser.statement(GroovyParser.java:7080)
	at org.apache.groovy.parser.antlr4.GroovyParser.scriptStatement(GroovyParser.java:517)
	at org.apache.groovy.parser.antlr4.GroovyParser.scriptStatements(GroovyParser.java:427)
	at org.apache.groovy.parser.antlr4.GroovyParser.compilationUnit(GroovyParser.java:363)
	at org.apache.groovy.parser.antlr4.AstBuilder.buildCST(AstBuilder.java:243)
	at org.apache.groovy.parser.antlr4.AstBuilder.buildCST(AstBuilder.java:221)
	at org.apache.groovy.parser.antlr4.AstBuilder.buildAST(AstBuilder.java:262)
	at org.apache.groovy.parser.antlr4.Antlr4ParserPlugin.buildAST(Antlr4ParserPlugin.java:58)
	at org.codehaus.groovy.control.SourceUnit.buildAST(SourceUnit.java:256)
	at java.base/java.util.Iterator.forEachRemaining(Iterator.java:133)
	at java.base/java.util.Spliterators$IteratorSpliterator.forEachRemaining(Spliterators.java:1801)
	at java.base/java.util.stream.ReferencePipeline$Head.forEach(ReferencePipeline.java:658)
	at org.codehaus.groovy.control.CompilationUnit.compile(CompilationUnit.java:663)
	at groovy.lang.GroovyClassLoader.doParseClass(GroovyClassLoader.java:373)
	at groovy.lang.GroovyClassLoader.lambda$parseClass$2(GroovyClassLoader.java:316)
	at org.codehaus.groovy.runtime.memoize.StampedCommonCache.compute(StampedCommonCache.java:163)
	at org.codehaus.groovy.runtime.memoize.StampedCommonCache.getAndPut(StampedCommonCache.java:154)
	at groovy.lang.GroovyClassLoader.parseClass(GroovyClassLoader.java:314)
	at groovy.lang.GroovyShell.parseClass(GroovyShell.java:572)
	at groovy.lang.GroovyShell.parse(GroovyShell.java:585)
	at groovy.lang.GroovyShell.parse(GroovyShell.java:639)
	at groovy.lang.GroovyShell.parse(GroovyShell.java:643)
	at nextflow.script.ScriptParser.parse0(ScriptParser.groovy:175)
	... 6 common frames omitted
