          Signature method
1       ADO_Sidders   GSVA
2      APM_Thompson   GSVA
3          APM_Wang   GSVA
4    Bcell_Budczies   GSVA
5     Bcell_Helmink   GSVA
6 Blood_Friedlander   GSVA
[1] "methods"
 [1] "GSVA"               "GSVA"               "GSVA"              
 [4] "GSVA"               "GSVA"               "GSVA"              
 [7] "ssGSEA"             "GSVA"               "GSVA"              
[10] "GSVA"               "GSVA"               "GSVA"              
[13] "GSVA"               "Specific Algorithm" "GSVA"              
[16] "GSVA"               "GSVA"               "Weighted Mean"     
[19] "GSVA"               "Weighted Mean"      "GSVA"              
[22] "GSVA"               "GSVA"               "Weighted Mean"     
[25] "GSVA"               "GSVA"               "Specific Algorithm"
[28] "Specific Algorithm" "Specific Algorithm" "Weighted Mean"     
[31] "Weighted Mean"      "GSVA"               "ssGSEA"            
[34] "GSVA"               "ssGSEA"             "ssGSEA"            
[37] "Weighted Mean"      "GSVA"               "GSVA"              
[40] "Specific Algorithm" "GSVA"               "ssGSEA"            
[43] "Specific Algorithm" "Weighted Mean"      "Weighted Mean"     
[46] "GSVA"               "GSVA"               "GSVA"              
[49] "GSVA"               "GSVA"               "Weighted Mean"     
[52] "GSVA"               "GSVA"               "GSVA"              
[55] "GSVA"              
[1] "Loaded signature information:"
          signature DNA...RNA association             RNA.type method
1       ADO_Sidders       RNA  resistance Count RNA-seq or TPM   GSVA
2      APM_Thompson       RNA   sensitive              log CPM   GSVA
3          APM_Wang       RNA   sensitive           microarray   GSVA
4    Bcell_Budczies       RNA   sensitive           microarray   GSVA
5     Bcell_Helmink       RNA   sensitive            log FPKM    GSVA
6 Blood_Friedlander       RNA   sensitive           microarray   GSVA
          cancer.type score.function     PMID cuarted
1            multiple    geneSigGSVA 31953314     YES
2   lung and melanoma    geneSigGSVA 33028693     YES
3            multiple    geneSigGSVA 31767055     YES
4                lung    geneSigGSVA 33520406     YES
5 melanoma and kidney    geneSigGSVA 31942075     YES
6            melanoma    geneSigGSVA 28807052     YES
                                                                                                                                                                                        information
1 Gene expression signature capturing the adenosine (ADO) pathway activity. This adenosine signature was significantly associated with reduced efficacy of anti-PD1 therapy in published cohorts.\n
2 Gene expression signature capturing the antigen processing and presentation machinery (APM). This signature was predictor of response of ICB in non-small cell lung cancer and melanoma patients.
3                                                                                                      Gene expression signature capturing the antigen processing and presentation machinery (APM).
4                                      Gene expression signature capturing the B-cells activity. This B_cell signature was a predictor of the response of PD-(L)1 blockade in lung cancer patients.
5                                                      Gene expression signature capturing the B-cells activity. This B_cell signature was a predictor of the response of ICB in published cohorts.
6                                         Gene expression signature, derieved from whole-blood RNA-Sequencing, capturing the expression level of genes associated with response to CTLA-4 blockade.
  immunotherapy gitHub.status         Signature
1           Yes        Shared       ADO_Sidders
2           Yes        Shared      APM_Thompson
3            No        Shared          APM_Wang
4           Yes        Shared    Bcell_Budczies
5           Yes        Shared     Bcell_Helmink
6           Yes        Shared Blood_Friedlander
[1] "Loaded dir_GeneSig"
[1] 55
[1] " see sig_name"
   signature_name            gene_id      gene_type gene_name weight
1     ADO_Sidders ENSG00000132170.24 protein_coding     PPARG     NA
2     ADO_Sidders  ENSG00000165168.9 protein_coding      CYBB     NA
3     ADO_Sidders ENSG00000168542.16 protein_coding    COL3A1     NA
4     ADO_Sidders ENSG00000049768.17 protein_coding     FOXP3     NA
5     ADO_Sidders  ENSG00000089692.9 protein_coding      LAG3     NA
6     ADO_Sidders ENSG00000142192.21 protein_coding       APP     NA
7     ADO_Sidders ENSG00000110651.12 protein_coding      CD81     NA
8     ADO_Sidders ENSG00000105220.17 protein_coding       GPI     NA
9     ADO_Sidders ENSG00000073756.13 protein_coding     PTGS2     NA
10    ADO_Sidders ENSG00000137752.25 protein_coding     CASP1     NA
11    ADO_Sidders ENSG00000170345.10 protein_coding       FOS     NA
12    ADO_Sidders ENSG00000100030.15 protein_coding     MAPK1     NA
13    ADO_Sidders ENSG00000102882.12 protein_coding     MAPK3     NA
14    ADO_Sidders ENSG00000118260.15 protein_coding     CREB1     NA
[1] "Signature Name: c(\"ADO_Sidders\", \"ADO_Sidders\", \"ADO_Sidders\", \"ADO_Sidders\", \"ADO_Sidders\", \"ADO_Sidders\", \"ADO_Sidders\", \"ADO_Sidders\", \"ADO_Sidders\", \"ADO_Sidders\", \"ADO_Sidders\", \"ADO_Sidders\", \"ADO_Sidders\", \"ADO_Sidders\")"                                                                                                
[2] "Signature Name: c(\"ENSG00000132170.24\", \"ENSG00000165168.9\", \"ENSG00000168542.16\", \"ENSG00000049768.17\", \"ENSG00000089692.9\", \"ENSG00000142192.21\", \"ENSG00000110651.12\", \"ENSG00000105220.17\", \"ENSG00000073756.13\", \"ENSG00000137752.25\", \"ENSG00000170345.10\", \"ENSG00000100030.15\", \"ENSG00000102882.12\", \"ENSG00000118260.15\")"
[3] "Signature Name: c(\"protein_coding\", \"protein_coding\", \"protein_coding\", \"protein_coding\", \"protein_coding\", \"protein_coding\", \"protein_coding\", \"protein_coding\", \"protein_coding\", \"protein_coding\", \"protein_coding\", \"protein_coding\", \"protein_coding\", \"protein_coding\")"                                                      
[4] "Signature Name: c(\"PPARG\", \"CYBB\", \"COL3A1\", \"FOXP3\", \"LAG3\", \"APP\", \"CD81\", \"GPI\", \"PTGS2\", \"CASP1\", \"FOS\", \"MAPK1\", \"MAPK3\", \"CREB1\")"                                                                                                                                                                                            
[5] "Signature Name: c(NA, NA, NA, NA, NA, NA, NA, NA, NA, NA, NA, NA, NA, NA)"                                                                                                                                                                                                                                                                                      
 [1] "Method: GSVA" "Method: NA"   "Method: NA"   "Method: NA"   "Method: NA"  
 [6] "Method: NA"   "Method: NA"   "Method: NA"   "Method: NA"   "Method: NA"  
[11] "Method: NA"   "Method: NA"   "Method: NA"   "Method: NA"   "Method: NA"  
