Loading required package: MatrixGenerics
Loading required package: matrixStats

Attaching package: ‘MatrixGenerics’

The following objects are masked from ‘package:matrixStats’:

    colAlls, colAnyNAs, colAnys, colAvgsPerRowSet, colCollapse,
    colCounts, colCummaxs, colCummins, colCumprods, colCumsums,
    colDiffs, colIQRDiffs, colIQRs, colLogSumExps, colMadDiffs,
    colMads, colMaxs, colMeans2, colMedians, colMins, colOrderStats,
    colProds, colQuantiles, colRanges, colRanks, colSdDiffs, colSds,
    colSums2, colTabulates, colVarDiffs, colVars, colWeightedMads,
    colWeightedMeans, colWeightedMedians, colWeightedSds,
    colWeightedVars, rowAlls, rowAnyNAs, rowAnys, rowAvgsPerColSet,
    rowCollapse, rowCounts, rowCummaxs, rowCummins, rowCumprods,
    rowCumsums, rowDiffs, rowIQRDiffs, rowIQRs, rowLogSumExps,
    rowMadDiffs, rowMads, rowMaxs, rowMeans2, rowMedians, rowMins,
    rowOrderStats, rowProds, rowQuantiles, rowRanges, rowRanks,
    rowSdDiffs, rowSds, rowSums2, rowTabulates, rowVarDiffs, rowVars,
    rowWeightedMads, rowWeightedMeans, rowWeightedMedians,
    rowWeightedSds, rowWeightedVars

Loading required package: GenomicRanges
Loading required package: stats4
Loading required package: BiocGenerics

Attaching package: ‘BiocGenerics’

The following objects are masked from ‘package:stats’:

    IQR, mad, sd, var, xtabs

The following objects are masked from ‘package:base’:

    anyDuplicated, aperm, append, as.data.frame, basename, cbind,
    colnames, dirname, do.call, duplicated, eval, evalq, Filter, Find,
    get, grep, grepl, intersect, is.unsorted, lapply, Map, mapply,
    match, mget, order, paste, pmax, pmax.int, pmin, pmin.int,
    Position, rank, rbind, Reduce, rownames, sapply, setdiff, sort,
    table, tapply, union, unique, unsplit, which.max, which.min

Loading required package: S4Vectors

Attaching package: ‘S4Vectors’

The following object is masked from ‘package:utils’:

    findMatches

The following objects are masked from ‘package:base’:

    expand.grid, I, unname

Loading required package: IRanges
Loading required package: GenomeInfoDb
Loading required package: Biobase
Welcome to Bioconductor

    Vignettes contain introductory material; view with
    'browseVignettes()'. To cite Bioconductor, see
    'citation("Biobase")', and for packages 'citation("pkgname")'.


Attaching package: ‘Biobase’

The following object is masked from ‘package:MatrixGenerics’:

    rowMedians

The following objects are masked from ‘package:matrixStats’:

    anyMissing, rowMedians

Loading required package: metadat
Loading 'meta' package (version 7.0-0).
Type 'help(meta)' for a brief overview.
Readers of 'Meta-Analysis with R (Use R!)' should install
older version of 'meta' package: https://tinyurl.com/dt4y5drs
[[1]]
[1] "ICB_small_Hugo"

[[2]]
[1] "ICB_small_Liu"

[[3]]
[1] "ICB_small_Mariathasan"

[[4]]
[1] "ICB_small_Miao"

[[5]]
[1] "ICB_small_Nathanson"

[[6]]
[1] "ICB_small_Padron"

[[7]]
[1] "ICB_small_Riaz"

[[8]]
[1] "ICB_small_Van_Allen"

[1] "Loaded objects:"
[1] "ICB_small_Hugo"        "ICB_small_Liu"         "ICB_small_Mariathasan"
[4] "ICB_small_Miao"        "ICB_small_Nathanson"   "ICB_small_Padron"     
[7] "ICB_small_Riaz"        "ICB_small_Van_Allen"  
[1] "Cancer types:"
[1] "Melanoma" "Pancreas" "Melanoma" "Bladder"  "Melanoma" "Melanoma" "Kidney"  
[8] "Melanoma"
[1] "Treatment types:"
[1] "PD-1/PD-L1" "PD-1/PD-L1" "PD-1/PD-L1" "PD-1/PD-L1" "CTLA4"     
[6] "IO+combo"   "PD-1/PD-L1" "CTLA4"     
[1] "Processing dataset: ICB_small_Hugo"
[1] "Processing dataset: ICB_small_Liu"
[1] "Processing dataset: ICB_small_Mariathasan"
[1] "Processing dataset: ICB_small_Miao"
[1] "Processing dataset: ICB_small_Nathanson"
[1] "Processing dataset: ICB_small_Padron"
[1] "Processing dataset: ICB_small_Riaz"
[1] "Processing dataset: ICB_small_Van_Allen"
[1] "assoc.res:"
[[1]]
  Outcome  Gene          Study      Coef        SE  N      Pval Cancer_type
1      OS CXCL9 ICB_small_Hugo 0.1597286 0.3090491 26 0.6052685    Melanoma
   Treatment
1 PD-1/PD-L1

[[2]]
  Outcome  Gene         Study        Coef        SE  N      Pval Cancer_type
1      OS CXCL9 ICB_small_Liu -0.09864513 0.1679199 74 0.5568992    Pancreas
   Treatment
1 PD-1/PD-L1

[[3]]
  Outcome  Gene                 Study       Coef        SE   N        Pval
1      OS CXCL9 ICB_small_Mariathasan -0.3473888 0.0832178 195 2.98703e-05
  Cancer_type  Treatment
1    Melanoma PD-1/PD-L1

[[4]]
  Outcome  Gene          Study        Coef        SE  N      Pval Cancer_type
1      OS CXCL9 ICB_small_Miao -0.07729599 0.2187351 33 0.7238058     Bladder
   Treatment
1 PD-1/PD-L1

[[5]]
  Outcome  Gene               Study      Coef        SE  N       Pval
1      OS CXCL9 ICB_small_Nathanson -0.540084 0.2552747 24 0.03437052
  Cancer_type Treatment
1    Melanoma     CTLA4

[[6]]
  Outcome  Gene            Study       Coef        SE  N      Pval Cancer_type
1      OS CXCL9 ICB_small_Padron -0.1328303 0.1958716 45 0.4976768    Melanoma
  Treatment
1  IO+combo

[[7]]
  Outcome  Gene          Study       Coef        SE  N      Pval Cancer_type
1      OS CXCL9 ICB_small_Riaz -0.2044797 0.2926305 23 0.4846995      Kidney
   Treatment
1 PD-1/PD-L1

[[8]]
  Outcome  Gene               Study       Coef        SE  N       Pval
1      OS CXCL9 ICB_small_Van_Allen -0.3980895 0.1813712 42 0.02817163
  Cancer_type Treatment
1    Melanoma     CTLA4

[1] "Combined assoc.res:"
  Outcome  Gene                 Study        Coef        SE   N         Pval
1      OS CXCL9        ICB_small_Hugo  0.15972864 0.3090491  26 0.6052684705
2      OS CXCL9         ICB_small_Liu -0.09864513 0.1679199  74 0.5568991827
3      OS CXCL9 ICB_small_Mariathasan -0.34738879 0.0832178 195 0.0000298703
4      OS CXCL9        ICB_small_Miao -0.07729599 0.2187351  33 0.7238057614
5      OS CXCL9   ICB_small_Nathanson -0.54008404 0.2552747  24 0.0343705233
6      OS CXCL9      ICB_small_Padron -0.13283026 0.1958716  45 0.4976768190
7      OS CXCL9        ICB_small_Riaz -0.20447966 0.2926305  23 0.4846995343
8      OS CXCL9   ICB_small_Van_Allen -0.39808953 0.1813712  42 0.0281716349
  Cancer_type  Treatment
1    Melanoma PD-1/PD-L1
2    Pancreas PD-1/PD-L1
3    Melanoma PD-1/PD-L1
4     Bladder PD-1/PD-L1
5    Melanoma      CTLA4
6    Melanoma   IO+combo
7      Kidney PD-1/PD-L1
8    Melanoma      CTLA4
[1] "assoc.res with FDR:"
  Outcome  Gene                 Study        Coef        SE   N         Pval
1      OS CXCL9        ICB_small_Hugo  0.15972864 0.3090491  26 0.6052684705
2      OS CXCL9         ICB_small_Liu -0.09864513 0.1679199  74 0.5568991827
3      OS CXCL9 ICB_small_Mariathasan -0.34738879 0.0832178 195 0.0000298703
4      OS CXCL9        ICB_small_Miao -0.07729599 0.2187351  33 0.7238057614
5      OS CXCL9   ICB_small_Nathanson -0.54008404 0.2552747  24 0.0343705233
6      OS CXCL9      ICB_small_Padron -0.13283026 0.1958716  45 0.4976768190
7      OS CXCL9        ICB_small_Riaz -0.20447966 0.2926305  23 0.4846995343
8      OS CXCL9   ICB_small_Van_Allen -0.39808953 0.1813712  42 0.0281716349
  Cancer_type  Treatment          FDR
1    Melanoma PD-1/PD-L1 0.6917353948
2    Pancreas PD-1/PD-L1 0.6917353948
3    Melanoma PD-1/PD-L1 0.0002389624
4     Bladder PD-1/PD-L1 0.7238057614
5    Melanoma      CTLA4 0.0916547288
6    Melanoma   IO+combo 0.6917353948
7      Kidney PD-1/PD-L1 0.6917353948
8    Melanoma      CTLA4 0.0916547288
[1] "res_meta_percancer structure:"
List of 2
 $ Melanoma:List of 3
  ..$ input_data  :'data.frame':	5 obs. of  8 variables:
  .. ..$ Gene       : chr [1:5] "CXCL9" "CXCL9" "CXCL9" "CXCL9" ...
  .. ..$ Study      : chr [1:5] "ICB_small_Nathanson, n = 24" "ICB_small_Van_Allen, n = 42" "ICB_small_Mariathasan, n = 195" "ICB_small_Padron, n = 45" ...
  .. ..$ N          : num [1:5] 24 42 195 45 26
  .. ..$ Coef       : num [1:5] -0.54 -0.398 -0.347 -0.133 0.16
  .. ..$ SE         : num [1:5] 0.2553 0.1814 0.0832 0.1959 0.309
  .. ..$ Pval       : num [1:5] 3.44e-02 2.82e-02 2.99e-05 4.98e-01 6.05e-01
  .. ..$ Cancer_type: chr [1:5] "Melanoma" "Melanoma" "Melanoma" "Melanoma" ...
  .. ..$ Treatment  : chr [1:5] "CTLA4" "CTLA4" "PD-1/PD-L1" "IO+combo" ...
  ..$ meta_output :List of 140
  .. ..$ studlab           : chr [1:5] "ICB_small_Nathanson, n = 24" "ICB_small_Van_Allen, n = 42" "ICB_small_Mariathasan, n = 195" "ICB_small_Padron, n = 45" ...
  .. ..$ sm                : chr ""
  .. ..$ null.effect       : num 0
  .. ..$ TE                : num [1:5] -0.54 -0.398 -0.347 -0.133 0.16
  .. ..$ seTE              : num [1:5] 0.2553 0.1814 0.0832 0.1959 0.309
  .. ..$ statistic         : num [1:5] -2.116 -2.195 -4.174 -0.678 0.517
  .. ..$ pval              : num [1:5] 3.44e-02 2.82e-02 2.99e-05 4.98e-01 6.05e-01
  .. ..$ df                : logi [1:5] NA NA NA NA NA
  .. ..$ level             : num 0.95
  .. ..$ lower             : num [1:5] -1.04 -0.754 -0.51 -0.517 -0.446
  .. ..$ upper             : num [1:5] -0.0398 -0.0426 -0.1843 0.2511 0.7655
  .. ..$ three.level       : logi FALSE
  .. ..$ cluster           : NULL
  .. ..$ rho               : num 0
  .. ..$ k                 : int 5
  .. ..$ k.study           : int 5
  .. ..$ k.all             : int 5
  .. ..$ k.TE              : int 5
  .. ..$ overall           : logi TRUE
  .. ..$ overall.hetstat   : logi TRUE
  .. ..$ common            : logi FALSE
  .. ..$ random            : logi TRUE
  .. ..$ prediction        : logi FALSE
  .. ..$ transf            : logi TRUE
  .. ..$ backtransf        : logi TRUE
  .. ..$ func.transf       : NULL
  .. ..$ func.backtransf   : NULL
  .. ..$ args.transf       : NULL
  .. ..$ args.backtransf   : NULL
  .. ..$ method            : chr "Inverse"
  .. ..$ method.random     : chr "Inverse"
  .. ..$ w.common          : num [1:5] 15.3 30.4 144.4 26.1 10.5
  .. ..$ TE.common         : num -0.319
  .. ..$ seTE.common       : num 0.0664
  .. ..$ statistic.common  : num -4.8
  .. ..$ pval.common       : num 1.55e-06
  .. ..$ level.ma          : num 0.95
  .. ..$ lower.common      : num -0.449
  .. ..$ upper.common      : num -0.189
  .. ..$ w.random          : num [1:5] 15.3 30.4 144.3 26.1 10.5
  .. ..$ TE.random         : num -0.319
  .. ..$ seTE.random       : num 0.0664
  .. ..$ statistic.random  : num -4.8
  .. ..$ pval.random       : num 1.56e-06
  .. ..$ method.random.ci  : chr "classic"
  .. ..$ df.random         : num Inf
  .. ..$ lower.random      : num -0.449
  .. ..$ upper.random      : num -0.189
  .. ..$ seTE.classic      : num 0.0664
  .. ..$ adhoc.hakn.ci     : chr ""
  .. ..$ df.hakn.ci        : logi NA
  .. ..$ seTE.hakn.ci      : num 0.0693
  .. ..$ seTE.hakn.adhoc.ci: num NA
  .. ..$ df.kero           : logi NA
  .. ..$ seTE.kero         : num 0.121
  .. ..$ method.predict    : chr "HTS"
  .. ..$ adhoc.hakn.pi     : chr ""
  .. ..$ df.hakn.pi        : logi NA
  .. ..$ seTE.predict      : num 0.0665
  .. ..$ df.predict        : num 3
  .. ..$ level.predict     : num 0.95
  .. ..$ lower.predict     : num -0.531
  .. ..$ upper.predict     : num -0.108
  .. ..$ seTE.hakn.pi      : num 0.0693
  .. ..$ seTE.hakn.adhoc.pi: num 0.0693
  .. ..$ Q                 : num 4.36
  .. ..$ df.Q              : int 4
  .. ..$ pval.Q            : num 0.36
  .. ..$ method.tau        : chr "REML"
  .. ..$ control           :List of 2
  .. .. ..$ maxiter: num 10000
  .. .. ..$ stepadj: num 0.5
  .. ..$ method.tau.ci     : chr "QP"
  .. ..$ tau2              : num 3.65e-06
  .. ..$ se.tau2           : num 0.0184
  .. ..$ lower.tau2        : num 0
  .. ..$ upper.tau2        : num 0.537
  .. ..$ tau               : num 0.00191
  .. ..$ lower.tau         : num 0
  .. ..$ upper.tau         : num 0.733
  .. ..$ tau.preset        : NULL
  .. ..$ TE.tau            : NULL
  .. ..$ detail.tau        : chr ""
  .. ..$ sign.lower.tau    : chr ""
  .. ..$ sign.upper.tau    : chr ""
  .. ..$ H                 : num 1.04
  .. ..$ lower.H           : num 1
  .. ..$ upper.H           : num 2.29
  .. ..$ I2                : num 0.0825
  .. ..$ lower.I2          : num 0
  .. ..$ upper.I2          : num 0.809
  .. ..$ Rb                : num 0.000165
  .. ..$ lower.Rb          : num 0
  .. ..$ upper.Rb          : num 1
  .. ..$ method.bias       : chr "Egger"
  .. ..$ text.common       : chr "Common effect model"
  .. ..$ text.random       : chr "Random effects model"
  .. ..$ text.predict      : chr "Prediction interval"
  .. ..$ text.w.common     : chr "common"
  .. ..$ text.w.random     : chr "random"
  .. ..$ title             : chr ""
  .. .. [list output truncated]
  .. ..- attr(*, "class")= chr [1:2] "metagen" "meta"
  ..$ meta_summery:'data.frame':	1 obs. of  9 variables:
  .. ..$ Cancer_type: chr "Melanoma"
  .. ..$ Gene       : chr "CXCL9"
  .. ..$ Coef       : num -0.319
  .. ..$ SE         : num 0.0664
  .. ..$ CI_lower   : num -0.449
  .. ..$ CI_upper   : num -0.189
  .. ..$ Pval       : num 1.56e-06
  .. ..$ I2         : num 0.0825
  .. ..$ Q_Pval     : num 0.36
 $ Other   :List of 3
  ..$ input_data  :'data.frame':	3 obs. of  8 variables:
  .. ..$ Gene       : chr [1:3] "CXCL9" "CXCL9" "CXCL9"
  .. ..$ Study      : chr [1:3] "ICB_small_Riaz, n = 23" "ICB_small_Liu, n = 74" "ICB_small_Miao, n = 33"
  .. ..$ N          : num [1:3] 23 74 33
  .. ..$ Coef       : num [1:3] -0.2045 -0.0986 -0.0773
  .. ..$ SE         : num [1:3] 0.293 0.168 0.219
  .. ..$ Pval       : num [1:3] 0.485 0.557 0.724
  .. ..$ Cancer_type: chr [1:3] "Other" "Other" "Other"
  .. ..$ Treatment  : chr [1:3] "PD-1/PD-L1" "PD-1/PD-L1" "PD-1/PD-L1"
  ..$ meta_output :List of 140
  .. ..$ studlab           : chr [1:3] "ICB_small_Riaz, n = 23" "ICB_small_Liu, n = 74" "ICB_small_Miao, n = 33"
  .. ..$ sm                : chr ""
  .. ..$ null.effect       : num 0
  .. ..$ TE                : num [1:3] -0.2045 -0.0986 -0.0773
  .. ..$ seTE              : num [1:3] 0.293 0.168 0.219
  .. ..$ statistic         : num [1:3] -0.699 -0.587 -0.353
  .. ..$ pval              : num [1:3] 0.485 0.557 0.724
  .. ..$ df                : logi [1:3] NA NA NA
  .. ..$ level             : num 0.95
  .. ..$ lower             : num [1:3] -0.778 -0.428 -0.506
  .. ..$ upper             : num [1:3] 0.369 0.23 0.351
  .. ..$ three.level       : logi FALSE
  .. ..$ cluster           : NULL
  .. ..$ rho               : num 0
  .. ..$ k                 : int 3
  .. ..$ k.study           : int 3
  .. ..$ k.all             : int 3
  .. ..$ k.TE              : int 3
  .. ..$ overall           : logi TRUE
  .. ..$ overall.hetstat   : logi TRUE
  .. ..$ common            : logi FALSE
  .. ..$ random            : logi TRUE
  .. ..$ prediction        : logi FALSE
  .. ..$ transf            : logi TRUE
  .. ..$ backtransf        : logi TRUE
  .. ..$ func.transf       : NULL
  .. ..$ func.backtransf   : NULL
  .. ..$ args.transf       : NULL
  .. ..$ args.backtransf   : NULL
  .. ..$ method            : chr "Inverse"
  .. ..$ method.random     : chr "Inverse"
  .. ..$ w.common          : num [1:3] 11.7 35.5 20.9
  .. ..$ TE.common         : num -0.11
  .. ..$ seTE.common       : num 0.121
  .. ..$ statistic.common  : num -0.909
  .. ..$ pval.common       : num 0.363
  .. ..$ level.ma          : num 0.95
  .. ..$ lower.common      : num -0.348
  .. ..$ upper.common      : num 0.127
  .. ..$ w.random          : num [1:3] 11.7 35.5 20.9
  .. ..$ TE.random         : num -0.11
  .. ..$ seTE.random       : num 0.121
  .. ..$ statistic.random  : num -0.909
  .. ..$ pval.random       : num 0.363
  .. ..$ method.random.ci  : chr "classic"
  .. ..$ df.random         : num Inf
  .. ..$ lower.random      : num -0.348
  .. ..$ upper.random      : num 0.127
  .. ..$ seTE.classic      : num 0.121
  .. ..$ adhoc.hakn.ci     : chr ""
  .. ..$ df.hakn.ci        : logi NA
  .. ..$ seTE.hakn.ci      : num 0.031
  .. ..$ seTE.hakn.adhoc.ci: num NA
  .. ..$ df.kero           : logi NA
  .. ..$ seTE.kero         : num 0.143
  .. ..$ method.predict    : chr "HTS"
  .. ..$ adhoc.hakn.pi     : chr ""
  .. ..$ df.hakn.pi        : logi NA
  .. ..$ seTE.predict      : num 0.121
  .. ..$ df.predict        : num 1
  .. ..$ level.predict     : num 0.95
  .. ..$ lower.predict     : num -1.65
  .. ..$ upper.predict     : num 1.43
  .. ..$ seTE.hakn.pi      : num 0.031
  .. ..$ seTE.hakn.adhoc.pi: num 0.031
  .. ..$ Q                 : num 0.131
  .. ..$ df.Q              : int 2
  .. ..$ pval.Q            : num 0.937
  .. ..$ method.tau        : chr "REML"
  .. ..$ control           :List of 2
  .. .. ..$ maxiter: num 10000
  .. .. ..$ stepadj: num 0.5
  .. ..$ method.tau.ci     : chr "QP"
  .. ..$ tau2              : num 0
  .. ..$ se.tau2           : num 0.0464
  .. ..$ lower.tau2        : num 0
  .. ..$ upper.tau2        : num 0.112
  .. ..$ tau               : num 0
  .. ..$ lower.tau         : num 0
  .. ..$ upper.tau         : num 0.335
  .. ..$ tau.preset        : NULL
  .. ..$ TE.tau            : NULL
  .. ..$ detail.tau        : chr ""
  .. ..$ sign.lower.tau    : chr ""
  .. ..$ sign.upper.tau    : chr ""
  .. ..$ H                 : num 1
  .. ..$ lower.H           : num 1
  .. ..$ upper.H           : num 3.1
  .. ..$ I2                : num 0
  .. ..$ lower.I2          : num 0
  .. ..$ upper.I2          : num 0.896
  .. ..$ Rb                : num 0
  .. ..$ lower.Rb          : num 0
  .. ..$ upper.Rb          : num 1
  .. ..$ method.bias       : chr "Egger"
  .. ..$ text.common       : chr "Common effect model"
  .. ..$ text.random       : chr "Random effects model"
  .. ..$ text.predict      : chr "Prediction interval"
  .. ..$ text.w.common     : chr "common"
  .. ..$ text.w.random     : chr "random"
  .. ..$ title             : chr ""
  .. .. [list output truncated]
  .. ..- attr(*, "class")= chr [1:2] "metagen" "meta"
  ..$ meta_summery:'data.frame':	1 obs. of  9 variables:
  .. ..$ Cancer_type: chr "Other"
  .. ..$ Gene       : chr "CXCL9"
  .. ..$ Coef       : num -0.11
  .. ..$ SE         : num 0.121
  .. ..$ CI_lower   : num -0.348
  .. ..$ CI_upper   : num 0.127
  .. ..$ Pval       : num 0.363
  .. ..$ I2         : num 0
  .. ..$ Q_Pval     : num 0.937
NULL
[1] "Combined meta_summery:"
         Cancer_type  Gene       Coef         SE   CI_lower   CI_upper
Melanoma    Melanoma CXCL9 -0.3191304 0.06643137 -0.4493334 -0.1889273
Other          Other CXCL9 -0.1102510 0.12122927 -0.3478560  0.1273540
                 Pval         I2    Q_Pval
Melanoma 1.555960e-06 0.08246284 0.3595341
Other    3.631169e-01 0.00000000 0.9365225
[1] "Current working directory:"
[1] "/workspace/PredictIOR_Nextflow/work/4f/7a3bf646b20f499f0f9d9e111e78cc"
