[1] "Starting GeneSigScore_PredictIO process"
[1] "Expression and clinical data loaded successfully."
[1] "PredictIO_Bareche data loaded successfully."
[1] "geneSigPredictIO function executed."
     P10101      P10264      P10150      P10220      P10375      P10073 
-0.24020987 -0.46685573  0.32123376 -0.07506480 -0.25699439 -0.16635897 
     P10161      P10282      P10141      P10089      P10043      P10362 
-0.16426745  0.15394649  0.37222125 -0.14148998 -0.87119732 -0.10888738 
     P10156      P10059      P10081      P10041      P10281      P10330 
 0.44780249 -0.55448560 -0.57669690 -0.16971892 -0.33064392 -0.28439906 
     P10088      P10308      P10293      P10132      P10015      P10112 
-0.06326470 -0.25045768  0.72684987 -0.25220187  0.68730368  0.20615685 
     P10317      P10307      P10111      P10072      P10084      P10090 
-0.57866145 -0.28811122 -0.34947527 -1.06339565 -0.46667290  0.11007024 
     P10166      P10363      P10044      P10321      P10242      P10144 
 0.97291138 -0.45387155  0.19693746  0.70146470 -0.79793139 -0.96404283 
     P10294      P10099      P10147      P10299      P10354      P10221 
 0.12258667 -0.66075576  0.73182609  0.55491703  0.72423342 -0.78773471 
     P10130      P10194      P10272      P10249      P10080      P10023 
 0.75149503 -0.04240686 -0.36169161 -0.83264462 -0.98017319 -0.50746000 
     P10295      P10105      P10004      P10173      P10346      P10204 
-0.15018924 -0.71030817  0.91763875 -0.78229719 -1.06972129  0.31455083 
     P10238      P10119      P10373      P10315      P10358      P10195 
-0.55891737 -0.61020065  0.01438921 -0.64125459 -0.38450642  0.16978653 
     P10050      P10223      P10116      P10306      P10240      P10343 
-0.17365067  1.01188454 -0.63846770  0.47110938  0.47762744  0.12073856 
     P10217      P10269      P10033      P10225      P10297      P10005 
 0.42889524 -0.67882798 -0.75683773 -0.68899637 -0.88082815  0.75353449 
     P10092      P10117      P10206      P10069      P10198      P10034 
-0.18481460  0.65274775  1.01377876 -0.94217548  0.05095493 -0.12529955 
     P10024      P10191      P10048      P10083      P10292      P10349 
-1.16702025  1.06168333 -0.53657528 -0.28658606  0.01302632  0.09210789 
     P10138      P10311      P10140      P10108      P10018      P10106 
 0.69535572 -1.00458085  0.95247574  0.03648834 -0.09986748 -0.27049145 
     P10215      P10341      P10115      P10254      P10047      P10017 
 0.67585541  0.96953584  0.22348815 -0.94694634 -0.06280516  0.79982835 
     P10129      P10096      P10021      P10310      P10209      P10040 
 0.84396354  1.03633717 -0.25586054 -0.11082472 -0.15418169  0.79921637 
     P10003      P10010      P10313      P10371      P10203      P10122 
-0.46153332  0.14700257 -0.33811649 -0.03566869 -0.72262136  0.48051530 
     P10157      P10184      P10131      P10251      P10189      P10256 
 1.28284187 -0.14587887  0.12545885 -0.03422802 -0.53442506  0.04361372 
     P10136      P10187      P10277      P10367      P10265      P10151 
 0.78241179 -1.06313534 -0.46625757  1.12500998  0.92147141 -0.95596704 
     P10127      P10253      P10262      P10252      P10109      P10196 
 0.07746631 -0.15458207 -0.79213215  0.79843245 -0.59082821  0.87693297 
     P10167      P10333      P10145      P10042      P10227      P10058 
-0.18004806 -0.54453062 -0.83305664  0.74397980 -1.04822716  0.79955806 
     P10370      P10232      P10368      P10097      P10348      P10086 
-0.04715000  0.54047926  0.95359779 -0.71796990 -0.64109921 -0.26390096 
     P10011      P10071      P10148      P10162      P10091      P10287 
-0.26689763 -0.84184805  0.04453078  0.98722733  0.29723944 -0.76607749 
     P10285    P10285_1      P10328      P10049      P10046      P10267 
 0.29944759  0.20539320 -0.07595889 -0.25009611  0.02165904  0.19362691 
     P10208      P10064      P10233      P10226      P10327      P10336 
-0.52926813 -0.78333183  1.19947145 -0.97807718  0.13480467  0.86338610 
     P10065      P10039      P10200      P10323      P10087      P10360 
 1.07887886  0.30288871  0.26869826 -0.75900785  0.18027737 -0.55391239 
     P10139      P10279      P10035      P10146      P10178      P10212 
 1.00765804 -0.26290221  0.64483655  0.25410091  1.16950936 -0.03298634 
     P10332      P10165      P10210      P10303      P10016      P10339 
 0.82801349  0.08235953  0.18874728  0.58147959 -0.71729011  0.32293083 
     P10190      P10153      P10286      P10329      P10174      P10244 
 0.49250827  0.64975013  0.46207530 -0.05598144  0.05788459 -0.48405590 
     P10271      P10027      P10022      P10192      P10095      P10296 
-0.49682311  1.18707111 -0.61563650  0.11083218 -0.60202341  0.55506532 
     P10257      P10180      P10280      P10245      P10137      P10235 
 0.24130461 -0.78367182  0.65740583 -0.29875241  0.28425353 -0.10140062 
     P10036      P10366      P10324 
-0.07437005  0.01422646  1.07367245 
      P10101     P10264    P10150     P10220     P10375    P10073     P10161
1 -0.2402099 -0.4668557 0.3212338 -0.0750648 -0.2569944 -0.166359 -0.1642675
     P10282    P10141   P10089     P10043     P10362    P10156     P10059
1 0.1539465 0.3722212 -0.14149 -0.8711973 -0.1088874 0.4478025 -0.5544856
      P10081     P10041     P10281     P10330     P10088     P10308    P10293
1 -0.5766969 -0.1697189 -0.3306439 -0.2843991 -0.0632647 -0.2504577 0.7268499
      P10132    P10015    P10112     P10317     P10307     P10111    P10072
1 -0.2522019 0.6873037 0.2061568 -0.5786614 -0.2881112 -0.3494753 -1.063396
      P10084    P10090    P10166     P10363    P10044    P10321     P10242
1 -0.4666729 0.1100702 0.9729114 -0.4538715 0.1969375 0.7014647 -0.7979314
      P10144    P10294     P10099    P10147   P10299    P10354     P10221
1 -0.9640428 0.1225867 -0.6607558 0.7318261 0.554917 0.7242334 -0.7877347
    P10130      P10194     P10272     P10249     P10080   P10023     P10295
1 0.751495 -0.04240686 -0.3616916 -0.8326446 -0.9801732 -0.50746 -0.1501892
      P10105    P10004     P10173    P10346    P10204     P10238     P10119
1 -0.7103082 0.9176388 -0.7822972 -1.069721 0.3145508 -0.5589174 -0.6102007
      P10373     P10315     P10358    P10195     P10050   P10223     P10116
1 0.01438921 -0.6412546 -0.3845064 0.1697865 -0.1736507 1.011885 -0.6384677
     P10306    P10240    P10343    P10217    P10269     P10033     P10225
1 0.4711094 0.4776274 0.1207386 0.4288952 -0.678828 -0.7568377 -0.6889964
      P10297    P10005     P10092    P10117   P10206     P10069     P10198
1 -0.8808282 0.7535345 -0.1848146 0.6527478 1.013779 -0.9421755 0.05095493
      P10034   P10024   P10191     P10048     P10083     P10292     P10349
1 -0.1252996 -1.16702 1.061683 -0.5365753 -0.2865861 0.01302632 0.09210789
     P10138    P10311    P10140     P10108      P10018     P10106    P10215
1 0.6953557 -1.004581 0.9524757 0.03648834 -0.09986748 -0.2704915 0.6758554
     P10341    P10115     P10254      P10047    P10017    P10129   P10096
1 0.9695358 0.2234881 -0.9469463 -0.06280516 0.7998283 0.8439635 1.036337
      P10021     P10310     P10209    P10040     P10003    P10010     P10313
1 -0.2558605 -0.1108247 -0.1541817 0.7992164 -0.4615333 0.1470026 -0.3381165
       P10371     P10203    P10122   P10157     P10184    P10131      P10251
1 -0.03566869 -0.7226214 0.4805153 1.282842 -0.1458789 0.1254588 -0.03422802
      P10189     P10256    P10136    P10187     P10277  P10367    P10265
1 -0.5344251 0.04361372 0.7824118 -1.063135 -0.4662576 1.12501 0.9214714
     P10151     P10127     P10253     P10262    P10252     P10109   P10196
1 -0.955967 0.07746631 -0.1545821 -0.7921322 0.7984324 -0.5908282 0.876933
      P10167     P10333     P10145    P10042    P10227    P10058   P10370
1 -0.1800481 -0.5445306 -0.8330566 0.7439798 -1.048227 0.7995581 -0.04715
     P10232    P10368     P10097     P10348    P10086     P10011    P10071
1 0.5404793 0.9535978 -0.7179699 -0.6410992 -0.263901 -0.2668976 -0.841848
      P10148    P10162    P10091     P10287    P10285  P10285_1      P10328
1 0.04453078 0.9872273 0.2972394 -0.7660775 0.2994476 0.2053932 -0.07595889
      P10049     P10046    P10267     P10208     P10064   P10233     P10226
1 -0.2500961 0.02165904 0.1936269 -0.5292681 -0.7833318 1.199471 -0.9780772
     P10327    P10336   P10065    P10039    P10200     P10323    P10087
1 0.1348047 0.8633861 1.078879 0.3028887 0.2686983 -0.7590079 0.1802774
      P10360   P10139     P10279    P10035    P10146   P10178      P10212
1 -0.5539124 1.007658 -0.2629022 0.6448366 0.2541009 1.169509 -0.03298634
     P10332     P10165    P10210    P10303     P10016    P10339    P10190
1 0.8280135 0.08235953 0.1887473 0.5814796 -0.7172901 0.3229308 0.4925083
     P10153    P10286      P10329     P10174     P10244     P10271   P10027
1 0.6497501 0.4620753 -0.05598144 0.05788459 -0.4840559 -0.4968231 1.187071
      P10022    P10192     P10095    P10296    P10257     P10180    P10280
1 -0.6156365 0.1108322 -0.6020234 0.5550653 0.2413046 -0.7836718 0.6574058
      P10245    P10137     P10235      P10036     P10366   P10324
1 -0.2987524 0.2842535 -0.1014006 -0.07437005 0.01422646 1.073672
[1] "File written successfully."
