Loading required package: MatrixGenerics
Loading required package: matrixStats

Attaching package: ‘MatrixGenerics’

The following objects are masked from ‘package:matrixStats’:

    colAlls, colAnyNAs, colAnys, colAvgsPerRowSet, colCollapse,
    colCounts, colCummaxs, colCummins, colCumprods, colCumsums,
    colDiffs, colIQRDiffs, colIQRs, colLogSumExps, colMadDiffs,
    colMads, colMaxs, colMeans2, colMedians, colMins, colOrderStats,
    colProds, colQuantiles, colRanges, colRanks, colSdDiffs, colSds,
    colSums2, colTabulates, colVarDiffs, colVars, colWeightedMads,
    colWeightedMeans, colWeightedMedians, colWeightedSds,
    colWeightedVars, rowAlls, rowAnyNAs, rowAnys, rowAvgsPerColSet,
    rowCollapse, rowCounts, rowCummaxs, rowCummins, rowCumprods,
    rowCumsums, rowDiffs, rowIQRDiffs, rowIQRs, rowLogSumExps,
    rowMadDiffs, rowMads, rowMaxs, rowMeans2, rowMedians, rowMins,
    rowOrderStats, rowProds, rowQuantiles, rowRanges, rowRanks,
    rowSdDiffs, rowSds, rowSums2, rowTabulates, rowVarDiffs, rowVars,
    rowWeightedMads, rowWeightedMeans, rowWeightedMedians,
    rowWeightedSds, rowWeightedVars

Loading required package: GenomicRanges
Loading required package: stats4
Loading required package: BiocGenerics

Attaching package: ‘BiocGenerics’

The following objects are masked from ‘package:stats’:

    IQR, mad, sd, var, xtabs

The following objects are masked from ‘package:base’:

    anyDuplicated, aperm, append, as.data.frame, basename, cbind,
    colnames, dirname, do.call, duplicated, eval, evalq, Filter, Find,
    get, grep, grepl, intersect, is.unsorted, lapply, Map, mapply,
    match, mget, order, paste, pmax, pmax.int, pmin, pmin.int,
    Position, rank, rbind, Reduce, rownames, sapply, setdiff, sort,
    table, tapply, union, unique, unsplit, which.max, which.min

Loading required package: S4Vectors

Attaching package: ‘S4Vectors’

The following object is masked from ‘package:utils’:

    findMatches

The following objects are masked from ‘package:base’:

    expand.grid, I, unname

Loading required package: IRanges
Loading required package: GenomeInfoDb
Loading required package: Biobase
Welcome to Bioconductor

    Vignettes contain introductory material; view with
    'browseVignettes()'. To cite Bioconductor, see
    'citation("Biobase")', and for packages 'citation("pkgname")'.


Attaching package: ‘Biobase’

The following object is masked from ‘package:MatrixGenerics’:

    rowMedians

The following objects are masked from ‘package:matrixStats’:

    anyMissing, rowMedians

Loading required package: metadat
Loading 'meta' package (version 7.0-0).
Type 'help(meta)' for a brief overview.
Readers of 'Meta-Analysis with R (Use R!)' should install
older version of 'meta' package: https://tinyurl.com/dt4y5drs
[1] "Loaded geneSig.score:"
[1] 25 46
                  X          P8         P9          P10         P11        P15
1 CCL5-CXCL9_Dangaj  0.34782500 -0.6643510  0.118891718  0.28642775 -0.5782943
2 Chemokine_Messina  0.17385233 -0.5387254 -0.282941174  0.04311800 -0.2543459
3   COX-IS_Bonavita -0.07153704 -0.3642764 -0.046929318 -0.07324712 -1.9518950
4        CYT_Davoli -0.52064076 -0.5780997 -0.048947069  0.47283972 -0.8218554
5        CYT_Rooney -0.81340338 -0.3865632  0.257910198  0.55724348 -0.9370034
6      EMT_Thompson  0.05574367  0.3414029  0.005981191  0.18869170 -0.4013732
          P16         P18        P19         P22        P28          P30
1  0.28225127 -0.00171723  0.7794780  0.36209622 -0.1574127  0.008013738
2  0.39167299  0.04545812  0.7561997  0.34873927 -0.4007704 -0.349746330
3 -0.06564135  0.11229529 -0.1056920 -0.05200555  3.1886355 -3.225393608
4  0.42301633  0.05293113  0.7763233  0.02309164 -0.2362607  0.345611749
5  0.38565532 -0.32179342  0.8002270 -0.49297531 -0.1662883  0.469920545
6 -0.08127027 -0.15116665 -0.2363382 -0.11900875 -0.2522633 -0.128579749
          P32         P33        P36          P38        P40         P42
1 -0.74944945  0.53598393 -0.2256457 -0.474061330 -0.4298762 -0.43667422
2 -0.56399209 -0.51633255 -0.1260737 -0.001440785 -0.5500155 -0.38687343
3 -0.17791276 -0.08854970 -0.0598873  0.051608915 -0.0630945 -0.04099905
4 -0.89072282  0.61586375 -0.3314380 -0.026180990 -0.4073476  0.16903813
5 -0.87627696  0.59534620 -0.6727374 -0.357548241 -0.1464245  0.01986379
6  0.09547692  0.06382617  0.1939625  0.452267822 -0.1989738  0.08371581
         P43         P45         P47         P51        P54        P61
1 -0.3803319  0.07504232  0.10095160 -0.54213818 -0.4046115 -0.5752799
2 -0.2361791 -0.38883902  0.50938144  0.11744584  0.2635930 -0.1600492
3  1.1415892 -0.24859490 -0.07574588  0.01370497 -0.3463872 -0.2262805
4 -0.6505310  0.44814488  0.30263403 -0.54907661 -0.7603870 -0.8148659
5 -0.6123723  0.40295119  0.41882302 -0.64415437 -0.9443814 -0.9494892
6  0.1121482 -0.28491313 -0.06448661 -0.71966746 -0.3157159 -0.1725577
          P65        P68        P72         P73         P76         P89
1 -0.28794956 -0.5664883 -0.7410388  0.18042429  0.18453309  0.71111542
2 -0.22832667 -0.5267144 -0.6508212  0.54308272  0.22890552  0.55827334
3 -0.05728644 -0.1786946  0.1153563 -0.06905931 -0.10470436 -0.08490716
4  0.11137722 -0.4530687 -0.8303927 -0.42735122  0.45759818  0.66021628
5 -0.30878439 -0.2911464 -0.7832009 -0.42229474  0.27298524  0.58796822
6  0.01446210  0.4319679 -0.1708652  0.15565420 -0.07527564  0.53509882
           P90         P91          P98         P99       P100        P101
1  0.007441328  0.11296499 -0.384186399 -0.09902690  0.7858353  0.50495906
2  0.255303394  0.52648428 -0.211309850 -0.29281891  0.3741908  0.43706099
3 -0.021695448 -0.08718870 -0.002537516 -0.06528333 -0.1070057 -0.04330761
4 -0.435995096 -0.24209046 -0.394454485 -0.43220724  0.8713717  0.66951434
5 -0.610170686 -0.42735528 -0.037457435 -0.29995818  0.9182747  0.81611805
6 -0.091450290  0.02790343  0.255705161 -0.24984380  0.4647433  0.23723229
         P102         P106        P113        P114        P116        P117
1  0.63303143  0.298166342  0.40083812  0.48185446  0.33210383  0.40227612
2  0.25510850 -0.564275222 -0.06898518  0.34275680  0.56676652  0.17676422
3 -0.08121786  0.001423924 -0.11354427 -0.12815390 -0.05682955 -0.09236661
4  0.71542402  0.513709026  0.44122980  0.64041940 -0.16247078  0.56744451
5  0.64528944  0.522701476  0.49716232  0.70601589 -0.02667423  0.48864926
6 -0.24966803  0.049795616 -0.18643692 -0.03903606  0.03968556 -0.10030774
        P120        P123        P127       P128
1  0.6896372  0.19506471  0.48485328 -0.7025478
2  0.6271061  0.49486887  0.33858675 -0.5640509
3 -0.1043429 -0.06853538 -0.07902293  4.2051388
4  0.7803073  0.21622103  0.50142288 -0.7808765
5  0.8785471  0.36435868  0.45913734  0.1212455
6  0.5247504 -0.17864885  0.45916641 -0.3215347
[1] "Processing signature: 1"
[1] "Length of geneSig_vector: 46"
[1] "Number of NAs in geneSig_vector: 1"
Error in data.frame(status = status, time = time, variable = var) : 
  arguments imply differing number of rows: 45, 46
Calls: lapply ... lapply -> FUN -> geneSigSurvCont -> survCont -> data.frame
In addition: Warning message:
In FUN(X[[i]], ...) : NAs introduced by coercion
Execution halted
