Loading required package: MatrixGenerics
Loading required package: matrixStats

Attaching package: ‘MatrixGenerics’

The following objects are masked from ‘package:matrixStats’:

    colAlls, colAnyNAs, colAnys, colAvgsPerRowSet, colCollapse,
    colCounts, colCummaxs, colCummins, colCumprods, colCumsums,
    colDiffs, colIQRDiffs, colIQRs, colLogSumExps, colMadDiffs,
    colMads, colMaxs, colMeans2, colMedians, colMins, colOrderStats,
    colProds, colQuantiles, colRanges, colRanks, colSdDiffs, colSds,
    colSums2, colTabulates, colVarDiffs, colVars, colWeightedMads,
    colWeightedMeans, colWeightedMedians, colWeightedSds,
    colWeightedVars, rowAlls, rowAnyNAs, rowAnys, rowAvgsPerColSet,
    rowCollapse, rowCounts, rowCummaxs, rowCummins, rowCumprods,
    rowCumsums, rowDiffs, rowIQRDiffs, rowIQRs, rowLogSumExps,
    rowMadDiffs, rowMads, rowMaxs, rowMeans2, rowMedians, rowMins,
    rowOrderStats, rowProds, rowQuantiles, rowRanges, rowRanks,
    rowSdDiffs, rowSds, rowSums2, rowTabulates, rowVarDiffs, rowVars,
    rowWeightedMads, rowWeightedMeans, rowWeightedMedians,
    rowWeightedSds, rowWeightedVars

Loading required package: GenomicRanges
Loading required package: stats4
Loading required package: BiocGenerics

Attaching package: ‘BiocGenerics’

The following objects are masked from ‘package:stats’:

    IQR, mad, sd, var, xtabs

The following objects are masked from ‘package:base’:

    anyDuplicated, aperm, append, as.data.frame, basename, cbind,
    colnames, dirname, do.call, duplicated, eval, evalq, Filter, Find,
    get, grep, grepl, intersect, is.unsorted, lapply, Map, mapply,
    match, mget, order, paste, pmax, pmax.int, pmin, pmin.int,
    Position, rank, rbind, Reduce, rownames, sapply, setdiff, sort,
    table, tapply, union, unique, unsplit, which.max, which.min

Loading required package: S4Vectors

Attaching package: ‘S4Vectors’

The following object is masked from ‘package:utils’:

    findMatches

The following objects are masked from ‘package:base’:

    expand.grid, I, unname

Loading required package: IRanges
Loading required package: GenomeInfoDb
Loading required package: Biobase
Welcome to Bioconductor

    Vignettes contain introductory material; view with
    'browseVignettes()'. To cite Bioconductor, see
    'citation("Biobase")', and for packages 'citation("pkgname")'.


Attaching package: ‘Biobase’

The following object is masked from ‘package:MatrixGenerics’:

    rowMedians

The following objects are masked from ‘package:matrixStats’:

    anyMissing, rowMedians

Loading required package: metadat
Loading 'meta' package (version 7.0-0).
Type 'help(meta)' for a brief overview.
Readers of 'Meta-Analysis with R (Use R!)' should install
older version of 'meta' package: https://tinyurl.com/dt4y5drs
[1] "geneSig.score"
                         X          P8          P9          P10         P11
1        CCL5-CXCL9_Dangaj  0.34782500 -0.66435096  0.118891718  0.28642775
2        Chemokine_Messina  0.17385233 -0.53872541 -0.282941174  0.04311800
3          COX-IS_Bonavita -0.07153704 -0.36427638 -0.046929318 -0.07324712
4               CYT_Davoli -0.52064076 -0.57809969 -0.048947069  0.47283972
5               CYT_Rooney -0.81340338 -0.38656325  0.257910198  0.55724348
6             EMT_Thompson  0.05574367  0.34140285  0.005981191  0.18869170
7           EMTstroma_Wang -0.11472447 -0.27664182  0.433784858 -0.08352403
8                IFN_Ayers  0.82120870 -1.36699752  0.130179430  0.13568978
9                  IMS_Cui  0.46486083 -0.48002298  0.561129510 -0.36454879
10   Inflammatory_Thompson  0.17374627 -0.55789840  0.081945152  0.45317691
11              IPRES_Hugo  0.10787742  0.05401094  0.292356972  0.05954076
12         IPS_Charoentong -1.37477169  0.34090528  0.425752376  0.66376204
13              IPSOV_Shen  0.08933317  0.05436216 -0.048135696  0.14502559
14               IRG_Ayers  0.33447906 -1.20061664  0.448841843  0.22998093
15                M1_Hwang  0.08946384 -0.16014031  0.026560415 -0.10072296
16               MHC-I_Liu  0.17172046  0.10533078  0.421208644  0.37605699
17              MHC-II_Liu  0.13862578 -0.25466073 -0.098282756  0.06351700
18               PassON_Du  0.24436185 -0.04861146 -0.223248661  0.20688378
19            PDL1_Nishino  0.53749500 -0.72361286  0.213037591 -0.04997161
20       PredictIO_Bareche  0.16827508 -0.18663540 -0.359892841  0.81326028
21          Teff_McDermott -0.50735329 -0.45951375 -0.398441690  0.50239964
22  Teff-IFNG_Fehrenbacher -0.02023862 -0.52443450 -0.254322808  0.37870547
23             TIS_Damotte  0.33185674 -0.64050019 -0.137566785  0.16947686
24 TUMOR-VASCULATURE-UP_Lu  0.05576416 -0.05911161  0.389699624 -0.11771539
25    VIGex_Hernando-Calvo  0.23363349 -0.22143869 -0.191035426  0.54846197
           P15         P16           P18        P19         P22         P28
1  -0.57829428  0.28225127 -0.0017172295  0.7794780  0.36209622 -0.15741271
2  -0.25434593  0.39167299  0.0454581162  0.7561997  0.34873927 -0.40077041
3  -1.95189504 -0.06564135  0.1122952870 -0.1056920 -0.05200555  3.18863547
4  -0.82185544  0.42301633  0.0529311326  0.7763233  0.02309164 -0.23626070
5  -0.93700341  0.38565532 -0.3217934166  0.8002270 -0.49297531 -0.16628831
6  -0.40137325 -0.08127027 -0.1511666492 -0.2363382 -0.11900875 -0.25226332
7   0.49395324  0.23051383 -0.1120661474  0.5111812  0.31982556  0.44679232
8  -0.24628920  0.55427673 -0.2920887607  2.1990517  0.31523106 -0.81835802
9   0.48339827  0.40793161  0.5028549863  0.6414262  0.40023985  0.18047217
10 -0.42991934  0.28117896 -0.1073307895  0.7328579  0.09927900 -0.32787596
11  0.36200435  0.12389587  0.2922856783  0.1732544  0.17622073  0.29848268
12 -2.19403566 -1.07575476 -1.4743395181 -0.9803146 -0.99702886  0.56584287
13  0.08601402 -0.02294810  0.1599916197  0.1371651  0.12957713  0.05683675
14 -0.62506725  0.32790784  0.0695588971  1.7190767  0.06865476 -0.32534701
15 -0.13952619  0.03871216 -0.1285906906  0.2919524 -0.04170063  0.09310086
16 -0.05553323 -0.10787626 -0.1739582437  0.4798933 -0.25288187 -0.44325420
17 -0.10732634  0.03064188 -0.2798258702  0.5988904  0.28480788 -0.28246636
18 -0.23182570  0.23571779 -0.1883881823  0.1281516  0.25898326 -0.20617886
19  0.88926746  0.35297563  0.5891459252  0.7717206  0.37194776 -0.38025290
20 -0.48906021  0.39295561 -0.2290671292  0.5887221  0.19142807 -0.69675359
21 -0.51339977 -0.04434338  0.5635993059  0.7350767 -0.02330870 -0.50093666
22 -0.70660669  0.33142595 -0.2408119864  0.7505695  0.20164880 -0.53567004
23 -0.34762777  0.37100330 -0.0836443123  0.7540046  0.21862578 -0.29526279
24  0.20782310 -0.33671924  0.2804636771  0.2687358 -0.08674799 -0.03196653
25 -0.11111004  0.51437263 -0.0001418118  0.7591961  0.12721050 -0.33970330
            P30         P32         P33         P36          P38         P40
1   0.008013738 -0.74944945  0.53598393 -0.22564565 -0.474061330 -0.42987624
2  -0.349746330 -0.56399209 -0.51633255 -0.12607372 -0.001440785 -0.55001547
3  -3.225393608 -0.17791276 -0.08854970 -0.05988730  0.051608915 -0.06309450
4   0.345611749 -0.89072282  0.61586375 -0.33143798 -0.026180990 -0.40734757
5   0.469920545 -0.87627696  0.59534620 -0.67273735 -0.357548241 -0.14642452
6  -0.128579749  0.09547692  0.06382617  0.19396252  0.452267822 -0.19897380
7  -0.194735710  0.39495466  0.10491230 -0.51444980 -0.363823909  0.73218602
8  -0.919410910 -1.50527625 -0.07616028  0.38294325 -0.236549069  0.03942597
9  -0.226727071  0.19082622 -0.03352825 -0.46997884  0.198755815  0.54555405
10 -0.238468966 -0.66051375  0.27810234  0.18216321 -0.060377181 -0.43242712
11 -0.002561216  0.27049392  0.02631073  0.05493301  0.158399110  0.34306549
12 -0.101102678 -0.05343165  0.67985666  1.59149512  1.207598091  0.61287591
13  0.040900839  0.14560227  0.13695049  0.03240187  0.088952549  0.06265148
14 -0.599485807 -1.71112281  0.78011798  0.16592174 -0.637083853 -0.01765443
15 -0.050665746 -0.19082575  0.31064283  0.20170586 -0.085470302  0.01573345
16 -0.367696763 -0.24022217 -0.25073391  0.40829175  0.374453657  0.11370021
17 -0.119385620 -0.17333316  0.49495441  0.39995925 -0.067396640 -0.25531370
18  0.297230423 -0.16333878  0.12006981  0.21675410 -0.059646147 -0.34925788
19 -0.443857258 -0.46621238 -0.35191097 -0.36321167 -0.443179078 -0.18001136
20  0.308104036 -0.69914717  0.25661405  0.17158007 -0.109301895 -0.71294253
21  0.196276048 -0.86228868  0.27147388 -0.60367807 -0.196254915 -0.39283684
22  0.196916737 -0.79100228  0.26299480 -0.14583469  0.033149761 -0.47187343
23 -0.394080975 -0.67193113  0.44207775 -0.05959943 -0.051255850 -0.45527260
24 -0.574323035  0.32292637 -0.05940455 -0.13623461 -0.075758326  0.42113110
25 -0.225372930 -0.66561273 -0.10142292  0.27351474  0.185223862 -0.41484805
            P42         P43         P45         P47         P51         P54
1  -0.436674225 -0.38033194  0.07504232  0.10095160 -0.54213818 -0.40461154
2  -0.386873428 -0.23617909 -0.38883902  0.50938144  0.11744584  0.26359298
3  -0.040999048  1.14158920 -0.24859490 -0.07574588  0.01370497 -0.34638722
4   0.169038133 -0.65053097  0.44814488  0.30263403 -0.54907661 -0.76038702
5   0.019863791 -0.61237230  0.40295119  0.41882302 -0.64415437 -0.94438138
6   0.083715813  0.11214817 -0.28491313 -0.06448661 -0.71966746 -0.31571595
7  -0.332756082 -0.14978379 -0.32632292  0.08618672  0.55598481  0.64575133
8  -0.863826039 -0.59410805 -0.75094958  0.89968521 -0.69921798  0.06693026
9  -0.320307638  0.31884925 -0.53453127  0.50658066  0.42744205  0.65013482
10 -0.277109611 -0.55764047  0.09151015  0.43023458 -0.46569415 -0.43851652
11  0.046970374  0.20998539  0.06328753  0.18763518  0.28316169  0.40535461
12 -0.164121321 -0.55405924 -0.76432257  0.37976147 -0.63031644 -1.67572479
13  0.020308166  0.09557555  0.07178384  0.28059433  0.07624160  0.03989721
14 -0.509069263 -0.77868137 -0.81213494  0.49278238 -0.78630804 -0.04821766
15 -0.009450649 -0.33085272  0.01723464  0.13954877 -0.37992237  0.07393713
16 -0.279371842 -0.14805135 -0.22972894  0.37643301 -0.27258970  0.18240583
17 -0.117160594 -0.06846581  0.07891064 -0.16148523 -0.39959557  0.06560211
18  0.264673927  0.01186916  0.32874918 -0.12281623 -0.14560125 -0.25181509
19 -0.265190233  0.01223401  0.52362139  0.58929365 -0.31516184  0.48634776
20 -0.144908136 -0.40669615  0.17672629  0.25878873 -0.52153624 -0.72260629
21  0.168978153 -0.38150872  0.47173093  0.52942547 -0.21491591 -0.90863845
22 -0.242954427 -0.64350797  0.38165861  0.51290195 -0.28024722 -0.70243930
23 -0.414187237 -0.52805711  0.34662355  0.41500007 -0.33271765 -0.32838110
24 -0.165308609  0.23175782 -0.32846557  0.25779896  0.12081263  0.54563806
25 -0.424718869 -0.40847109 -0.14548663  0.55227536 -0.41186537 -0.45619767
           P61         P65          P68         P72         P73         P76
1  -0.57527993 -0.28794956 -0.566488251 -0.74103880  0.18042429  0.18453309
2  -0.16004921 -0.22832667 -0.526714380 -0.65082120  0.54308272  0.22890552
3  -0.22628052 -0.05728644 -0.178694574  0.11535628 -0.06905931 -0.10470436
4  -0.81486586  0.11137722 -0.453068710 -0.83039271 -0.42735122  0.45759818
5  -0.94948922 -0.30878439 -0.291146425 -0.78320091 -0.42229474  0.27298524
6  -0.17255767  0.01446210  0.431967851 -0.17086515  0.15565420 -0.07527564
7   0.38724243  0.40646540 -0.267790887  0.32493972 -0.52265638 -0.29913031
8  -1.31633272 -0.05274290 -1.074507737 -0.50385981  0.99745988  0.26916346
9   0.33960734  0.34452190 -0.201366216  0.23237531  0.14031950 -0.52046637
10 -0.62046364  0.07077100 -0.519823403 -0.68594472  0.21779867  0.38150621
11  0.37233020  0.21867879  0.129672247  0.26047360  0.14744853  0.01142460
12 -1.59125090  0.04452492  1.493376493 -0.16656513 -0.79982335  0.15744549
13  0.21354491 -0.10248510  0.150658097  0.03645227  0.12789181  0.01101277
14 -1.19176097 -0.02562050 -1.468251205 -0.77165507  0.46370704 -0.28705049
15 -0.04260763  0.12591957 -0.159621343 -0.04429721  0.34372382  0.14129008
16 -0.06951062 -0.05089455 -0.031081844 -0.19423093  0.22588062  0.01384476
17 -0.26308101 -0.05056245 -0.009790577 -0.40110960 -0.30208557  0.04708648
18 -0.31183056 -0.10293710 -0.033672057 -0.35586660 -0.17193009  0.35150140
19 -0.48088294  0.06296870 -0.726859739 -0.03236797  0.08042910  0.17717206
20 -0.26794713 -0.34989042 -0.190502077 -0.88455673  0.39873267  0.19881105
21 -0.81964473 -0.15918135 -0.507198767 -0.64736528  0.29172590  0.38249483
22 -0.81890661 -0.19646925 -0.556322420 -0.74487472  0.25764416  0.54098803
23 -0.68180176 -0.01487414 -0.574166586 -0.68892101  0.44264187  0.34430209
24  0.42081132  0.17228126  0.283479754  0.23599596  0.33351182 -0.53152488
25 -0.71775497  0.12067454 -0.480843683 -0.66550238  0.24850863  0.41669355
           P89          P90          P91          P98         P99        P100
1   0.71111542  0.007441328  0.112964987 -0.384186399 -0.09902690  0.78583526
2   0.55827334  0.255303394  0.526484275 -0.211309850 -0.29281891  0.37419081
3  -0.08490716 -0.021695448 -0.087188702 -0.002537516 -0.06528333 -0.10700573
4   0.66021628 -0.435995096 -0.242090462 -0.394454485 -0.43220724  0.87137166
5   0.58796822 -0.610170686 -0.427355278 -0.037457435 -0.29995818  0.91827469
6   0.53509882 -0.091450290  0.027903427  0.255705161 -0.24984380  0.46474328
7  -0.49868726 -0.522729019  0.168855480 -0.386310118  0.66077785 -0.31077769
8   0.67261037  0.137440309  0.982891939 -0.379090660  0.38548078  0.64517636
9  -0.49274417 -0.032457219  0.204730356 -0.379980336  0.37495410 -0.39598812
10  0.64180408 -0.358162710  0.252229770 -0.368868044 -0.28300815  0.70054055
11 -0.07742504  0.156075063  0.225689665  0.047656601  0.37305211  0.02023729
12  2.14133918 -1.338716579  0.454542698  0.389054612 -0.11558133  1.53649804
13  0.23300718  0.202234671  0.187651657  0.169479830  0.06692060  0.11644344
14  1.47153941  0.098031535  0.388472266 -0.322190290  0.08291895  1.16659161
15  0.62007763  0.120921095  0.118406651 -0.121228354  0.12765685  0.34192411
16  0.40944722 -0.520106662  0.340778739  0.034065783 -0.21578938  0.38047787
17  0.55383567 -0.095987585 -0.171998725  0.174654619  0.04697470  0.30362779
18  0.21326375 -0.054263933 -0.292834793  0.224543564 -0.20784268  0.08913314
19  0.55867449 -0.110197128  0.065867924 -0.482737298 -0.60208963  0.32145973
20  0.95882313 -0.409819711 -0.009265589 -0.184952336 -0.91164965  0.76590974
21  0.54064810 -0.422210829  0.123560785 -0.099732637 -0.52472996  0.69914784
22  0.63122891 -0.278747383  0.357392153 -0.574601367 -0.04157175  0.73641893
23  0.63852677 -0.295956725  0.292534226 -0.457663846 -0.44778200  0.65682427
24 -0.04395997  0.063659839  0.334543662 -0.365250353  0.49120554 -0.21260575
25  0.63136304 -0.260632924  0.412497712 -0.494175632 -0.19722100  0.54383213
          P101        P102         P106        P113        P114         P116
1   0.50495906  0.63303143  0.298166342  0.40083812  0.48185446  0.332103834
2   0.43706099  0.25510850 -0.564275222 -0.06898518  0.34275680  0.566766524
3  -0.04330761 -0.08121786  0.001423924 -0.11354427 -0.12815390 -0.056829549
4   0.66951434  0.71542402  0.513709026  0.44122980  0.64041940 -0.162470781
5   0.81611805  0.64528944  0.522701476  0.49716232  0.70601589 -0.026674234
6   0.23723229 -0.24966803  0.049795616 -0.18643692 -0.03903606  0.039685561
7  -0.38600585 -0.29390266 -0.369371881 -0.51817880 -0.33771980 -0.201916919
8  -0.28037668  0.09514408 -0.357146906 -0.82929954  0.03003224  0.911634049
9  -0.31196244 -0.36267177 -0.144713473 -0.41108253 -0.39191603 -0.005866104
10  0.41025671  0.44717430  0.066220715  0.00354198  0.43832451  0.469141199
11  0.05907597  0.01383121  0.019181390 -0.01116771 -0.01697361  0.122843617
12  1.39928368 -0.08873094  0.051875967  0.12004016 -0.58987887 -0.943353932
13  0.16534815  0.07345607 -0.033268977  0.10561766  0.07379116  0.204599932
14  0.63600251  0.44104733  0.021155554 -0.59531352  0.12635010  0.452017431
15  0.27260322  0.09580355  0.011750785 -0.02952013  0.05621060 -0.088659943
16  0.32700194 -0.17994742 -0.160469650 -0.14520155 -0.11849417  0.025018157
17  0.18074082  0.26533993  0.224974249  0.17059384  0.35354773  0.127419814
18  0.08286008  0.42690433  0.408049837  0.35530716  0.43485257 -0.050427662
19 -0.66224169  0.29528677  0.221465077 -0.38106226 -0.16281836  0.613287905
20  0.34903321  0.66947856  0.391771624  0.30350888  0.62543832  0.056869966
21  0.41069862  0.56738572  0.380973748  0.30583473  0.53530904  0.278306893
22  0.47988658  0.50353569  0.161297180  0.29209943  0.55178045  0.340637478
23  0.09453023  0.47586789  0.345874085  0.29006278  0.49746021  0.495622078
24 -0.02349723 -0.52886918 -0.385589841 -0.44225118 -0.41121655 -0.061765515
25  0.11197702  0.11193521 -0.378721438 -0.43915139  0.23331971  0.554968746
           P117        P120        P123        P127        P128
1   0.402276116  0.68963725  0.19506471  0.48485328 -0.70254779
2   0.176764224  0.62710609  0.49486887  0.33858675 -0.56405092
3  -0.092366612 -0.10434290 -0.06853538 -0.07902293  4.20513881
4   0.567444508  0.78030734  0.21622103  0.50142288 -0.78087649
5   0.488649262  0.87854711  0.36435868  0.45913734  0.12124550
6  -0.100307738  0.52475044 -0.17864885  0.45916641 -0.32153473
7  -0.268931603 -0.28902844 -0.21890533 -0.30825577  0.67388305
8   0.116599494  1.88142920  0.22336365  0.75898748 -0.48944677
9  -0.539441494 -0.28531321 -0.39385470  0.05746631  0.37825697
10  0.434514197  0.68030204  0.28409091  0.52429678 -0.66720099
11 -0.005528518  0.04829042  0.03747566  0.10019821  0.37524334
12  0.730155088  0.51917190 -0.25492071  0.85640943  1.56657806
13  0.088811372  0.23950718  0.16607350  0.12877383  0.11712815
14  0.289976942  1.86007085 -0.03155688  1.26039777 -0.65141336
15  0.263682770  0.37876823  0.01886338  0.45081117 -0.12682525
16 -0.035410175  0.39362254 -0.10688607  0.36155135  0.05550363
17  0.242881782  0.50367862  0.29735165  0.41865194 -0.16368635
18  0.431808149  0.11469813  0.36165270  0.12145020 -0.30846950
19 -0.017035775  0.69084230  0.17882203  0.52583759 -0.61748371
20  0.654044658  0.73013297  0.45803351  0.53968793 -1.07763064
21  0.509312991  0.77942013  0.37240825  0.56281978 -0.69316032
22  0.513097950  0.80979499  0.54384966  0.47771762 -0.73976506
23  0.325148646  0.70769470  0.48083428  0.53537142 -0.69095181
24 -0.529872221 -0.18489392 -0.37011244 -0.08454060  0.42177867
25  0.329805095  0.74339963  0.29726462  0.48256003 -0.62782458
Error in data.frame(status = status, time = time, variable = var) : 
  arguments imply differing number of rows: 45, 46
Calls: lapply ... lapply -> FUN -> geneSigSurvCont -> survCont -> data.frame
In addition: Warning message:
In data.frame(status = status, time = time, variable = var) :
  NAs introduced by coercion
Execution halted
nxf-Hq1uhR2mRU2QJvdZYQnZ0e2Z
